2019-05-01 13:25:07,555 DisplayCAL: Applying Rec. 709 TRC to Rec709.icm
2019-05-01 13:25:07,565 Using whitepoint chromaticity 0.3128 0.3292 for input
2019-05-01 13:25:07,569 --------------------------------------------------------------------------------
2019-05-01 13:25:07,571 Working directory:
2019-05-01 13:25:07,572   c:\
2019-05-01 13:25:07,572    users\
2019-05-01 13:25:07,572     tang-\
2019-05-01 13:25:07,572      appdata\
2019-05-01 13:25:07,572       local\
2019-05-01 13:25:07,572        temp\
2019-05-01 13:25:07,572         DisplayCAL-lxntz9\
2019-05-01 13:25:07,573 
2019-05-01 13:25:07,573 Command line:
2019-05-01 13:25:07,573   C:\Users\tang-\AppData\Roaming\DisplayCAL\dl\Argyll_V2.1.0_mod\bin\collink.exe
2019-05-01 13:25:07,573     -v
2019-05-01 13:25:07,575     -qh
2019-05-01 13:25:07,575     -G
2019-05-01 13:25:07,575     -iaw
2019-05-01 13:25:07,575     -r65
2019-05-01 13:25:07,575     -n
2019-05-01 13:25:07,575     -3c
2019-05-01 13:25:07,575     -en
2019-05-01 13:25:07,575     -En
2019-05-01 13:25:07,576     -b
2019-05-01 13:25:07,576     -IB:0.0:2.4
2019-05-01 13:25:07,576     -a
2019-05-01 13:25:07,576     "U2719D #1 2019-05-01 13-11 D6500 2.2 F-S XYZLUT+MTX.cal"
2019-05-01 13:25:07,576     Rec709.icm
2019-05-01 13:25:07,578     "U2719D #1 2019-05-01 13-11 D6500 2.2 F-S XYZLUT+MTX.icm"
2019-05-01 13:25:07,578     "U2719D #1 2019-05-01 13-11 D6500 2.2 F-S
2019-05-01 13:25:07,578       XYZLUT+MTX.Rec709.B0.0,2.4Gawn65.icm"
2019-05-01 13:25:07,578 
2019-05-01 13:25:08,082 DisplayCAL: Waiting for EOF
2019-05-01 13:25:08,085 Got options
2019-05-01 13:25:08,085 Configured options
2019-05-01 13:25:08,085 Loading input A2B table
2019-05-01 13:25:08,086 Loading output inverse A2B table
2019-05-01 13:25:08,086 Gamut mapping mode is 'Mapping inverse A2B'
2019-05-01 13:25:08,088 Gamut mapping intent is 'aw - Absolute Colorimetric (in Jab) with scaling to fit white point'
2019-05-01 13:25:08,088 
2019-05-01 13:25:08,088 Rev cache RAM = 1610 Mbytes
2019-05-01 13:25:08,088 
2019-05-01 13:25:08,088 Looks like an XYZ space
2019-05-01 13:25:08,088 
2019-05-01 13:25:08,088 Initializing nnrev arrays...
2019-05-01 13:25:08,089 
2019-05-01 13:25:08,089 There is 1 rev cache instance with 1610 Mbytes limit
2019-05-01 13:25:16,990 
2019-05-01 13:25:16,990 nnrev initialization done
2019-05-01 13:25:17,058 
2019-05-01 13:25:17,058 Initializing nnrev arrays...
2019-05-01 13:25:17,059 
2019-05-01 13:25:17,059 There are 2 rev cache instances with 805 Mbytes limit
2019-05-01 13:25:30,226 
2019-05-01 13:25:30,226 nnrev initialization done
2019-05-01 13:25:30,229 Set XYZ scale factor to 0.999128
2019-05-01 13:25:30,246 Output black PCS = 8.315637 -0.411703 -0.404542
2019-05-01 13:25:30,246 Output black PCS pre lumscale = 8.316043 -0.411832 -0.405289
2019-05-01 13:25:30,247 Gamma curve target out black rel XYZ = 0.000947 0.000977 0.000826, Lab 0.882869 0.017780 -0.037423
2019-05-01 13:25:30,247 Proportion of black output offset = 0.000000 (BT.1886)
2019-05-01 13:25:30,247 Gamma Y input offset = 0.058986
2019-05-01 13:25:30,249 Gamma Y power = 2.400000
2019-05-01 13:25:30,249 Gamma Y output scale = 0.871492
2019-05-01 13:25:30,249 Gamma Y output offset = 0.000000
2019-05-01 13:25:30,250 bt1886 check input black point rel. XYZ 0.000947 0.000977 0.000826
2019-05-01 13:25:30,250 BT.1886 overall rendering
2019-05-01 13:25:30,253  In   0.0% -> XYZ in 0.000000 -> bt.1886 0.000977, log/log 0.000, Lab 0.882869 0.017780 -0.037423
2019-05-01 13:25:30,253  In   5.0% -> XYZ in 0.050000 -> bt.1886 0.004265, log/log 1.822, Lab 3.852885 0.005265 -0.011083
2019-05-01 13:25:30,253  In  10.0% -> XYZ in 0.100000 -> bt.1886 0.010557, log/log 1.976, Lab 9.446818 0.000479 -0.001008
2019-05-01 13:25:30,253  In  15.0% -> XYZ in 0.150000 -> bt.1886 0.020349, log/log 2.053, Lab 15.669410 0.000028 -0.000058
2019-05-01 13:25:30,255  In  20.0% -> XYZ in 0.200000 -> bt.1886 0.034051, log/log 2.100, Lab 21.598209 0.000002 -0.000003
2019-05-01 13:25:30,255  In  25.0% -> XYZ in 0.250000 -> bt.1886 0.052014, log/log 2.132, Lab 27.300918 0.000000 -0.000000
2019-05-01 13:25:30,255  In  30.0% -> XYZ in 0.300000 -> bt.1886 0.074550, log/log 2.156, Lab 32.821152 0.000000 -0.000000
2019-05-01 13:25:30,255  In  35.0% -> XYZ in 0.350000 -> bt.1886 0.101945, log/log 2.175, Lab 38.189198 0.000000 -0.000000
2019-05-01 13:25:30,256  In  40.0% -> XYZ in 0.400000 -> bt.1886 0.134457, log/log 2.190, Lab 43.427231 0.000000 -0.000000
2019-05-01 13:25:30,256  In  45.0% -> XYZ in 0.450000 -> bt.1886 0.172329, log/log 2.202, Lab 48.552132 0.000000 -0.000000
2019-05-01 13:25:30,256  In  50.0% -> XYZ in 0.500000 -> bt.1886 0.215787, log/log 2.212, Lab 53.577152 0.000000 0.000000
2019-05-01 13:25:30,256  In  55.0% -> XYZ in 0.550000 -> bt.1886 0.265046, log/log 2.221, Lab 58.512946 0.000000 0.000000
2019-05-01 13:25:30,256  In  60.0% -> XYZ in 0.600000 -> bt.1886 0.320307, log/log 2.229, Lab 63.368254 0.000000 0.000000
2019-05-01 13:25:30,256  In  65.0% -> XYZ in 0.650000 -> bt.1886 0.381763, log/log 2.235, Lab 68.150363 0.000000 0.000000
2019-05-01 13:25:30,256  In  70.0% -> XYZ in 0.700000 -> bt.1886 0.449598, log/log 2.241, Lab 72.865434 0.000000 -0.000000
2019-05-01 13:25:30,256  In  75.0% -> XYZ in 0.750000 -> bt.1886 0.523989, log/log 2.247, Lab 77.518741 0.000000 0.000000
2019-05-01 13:25:30,256  In  80.0% -> XYZ in 0.800000 -> bt.1886 0.605104, log/log 2.251, Lab 82.114841 0.000000 0.000000
2019-05-01 13:25:30,256  In  85.0% -> XYZ in 0.850000 -> bt.1886 0.693108, log/log 2.256, Lab 86.657713 0.000000 0.000000
2019-05-01 13:25:30,257  In  90.0% -> XYZ in 0.900000 -> bt.1886 0.788157, log/log 2.259, Lab 91.150854 0.000000 0.000000
2019-05-01 13:25:30,257  In  95.0% -> XYZ in 0.950000 -> bt.1886 0.890405, log/log 2.263, Lab 95.597363 0.000000 0.000000
2019-05-01 13:25:30,257  In 100.0% -> XYZ in 1.000000 -> bt.1886 1.000000, log/log 0.000, Lab 100.000000 0.000000 -0.000000
2019-05-01 13:25:30,257 Creating link profile
2019-05-01 13:25:30,257 Filling in Lut table
2019-05-01 13:25:30,259  0%
2019-05-01 13:25:30,397  0%
2019-05-01 13:25:30,637  1%
2019-05-01 13:25:30,865  2%
2019-05-01 13:25:31,117  3%
2019-05-01 13:25:31,358  4%
2019-05-01 13:25:31,673  5%
2019-05-01 13:25:32,329  6%
2019-05-01 13:25:32,611  7%
2019-05-01 13:25:32,839  8%
2019-05-01 13:25:33,072  9%
2019-05-01 13:25:33,296 10%
2019-05-01 13:25:33,536 11%
2019-05-01 13:25:33,753 12%
2019-05-01 13:25:33,976 13%
2019-05-01 13:25:34,193 14%
2019-05-01 13:25:34,407 15%
2019-05-01 13:25:34,621 16%
2019-05-01 13:25:34,887 17%
2019-05-01 13:25:35,280 18%
2019-05-01 13:25:35,476 19%
2019-05-01 13:25:35,671 20%
2019-05-01 13:25:35,868 21%
2019-05-01 13:25:36,075 22%
2019-05-01 13:25:36,285 23%
2019-05-01 13:25:36,859 24%
2019-05-01 13:25:37,163 25%
2019-05-01 13:25:37,368 26%
2019-05-01 13:25:37,575 27%
2019-05-01 13:25:37,788 28%
2019-05-01 13:25:38,174 29%
2019-05-01 13:25:38,756 30%
2019-05-01 13:25:39,015 31%
2019-05-01 13:25:39,243 32%
2019-05-01 13:25:39,457 33%
2019-05-01 13:25:39,693 34%
2019-05-01 13:25:40,111 35%
2019-05-01 13:25:40,869 36%
2019-05-01 13:25:41,134 37%
2019-05-01 13:25:41,338 38%
2019-05-01 13:25:41,545 39%
2019-05-01 13:25:41,766 40%
2019-05-01 13:25:42,339 41%
2019-05-01 13:25:43,053 42%
2019-05-01 13:25:43,293 43%
2019-05-01 13:25:43,539 44%
2019-05-01 13:25:43,756 45%
2019-05-01 13:25:44,015 46%
2019-05-01 13:25:44,576 47%
2019-05-01 13:25:44,927 48%
2019-05-01 13:25:45,137 49%
2019-05-01 13:25:45,368 50%
2019-05-01 13:25:45,614 51%
2019-05-01 13:25:45,848 52%
2019-05-01 13:25:46,069 53%
2019-05-01 13:25:46,269 54%
2019-05-01 13:25:46,490 55%
2019-05-01 13:25:46,729 56%
2019-05-01 13:25:46,941 57%
2019-05-01 13:25:47,144 58%
2019-05-01 13:25:47,331 59%
2019-05-01 13:25:47,532 60%
2019-05-01 13:25:47,746 61%
2019-05-01 13:25:47,979 62%
2019-05-01 13:25:48,226 63%
2019-05-01 13:25:48,467 64%
2019-05-01 13:25:48,687 65%
2019-05-01 13:25:48,888 66%
2019-05-01 13:25:49,108 67%
2019-05-01 13:25:49,344 68%
2019-05-01 13:25:49,561 69%
2019-05-01 13:25:49,766 70%
2019-05-01 13:25:49,959 71%
2019-05-01 13:25:50,147 72%
2019-05-01 13:25:50,355 73%
2019-05-01 13:25:50,582 74%
2019-05-01 13:25:50,802 75%
2019-05-01 13:25:51,012 76%
2019-05-01 13:25:51,197 77%
2019-05-01 13:25:51,394 78%
2019-05-01 13:25:51,612 79%
2019-05-01 13:25:51,855 80%
2019-05-01 13:25:52,187 81%
2019-05-01 13:25:52,413 82%
2019-05-01 13:25:52,617 83%
2019-05-01 13:25:52,806 84%
2019-05-01 13:25:53,013 85%
2019-05-01 13:25:53,242 86%
2019-05-01 13:25:53,473 87%
2019-05-01 13:25:53,683 88%
2019-05-01 13:25:53,868 89%
2019-05-01 13:25:54,062 90%
2019-05-01 13:25:54,275 91%
2019-05-01 13:25:54,516 92%
2019-05-01 13:25:54,755 93%
2019-05-01 13:25:55,016 94%
2019-05-01 13:25:55,286 95%
2019-05-01 13:25:56,104 96%
2019-05-01 13:25:56,559 97%
2019-05-01 13:25:57,049 98%
2019-05-01 13:25:57,290 99%
2019-05-01 13:25:57,434 100%
2019-05-01 13:25:57,436 Writing ICC file 'U2719D #1 2019-05-01 13-11 D6500 2.2 F-S XYZLUT+MTX.Rec709.B0.0,2.4Gawn65.icm'
2019-05-01 13:25:57,447 Writing .cube 3dLut 'U2719D #1 2019-05-01 13-11 D6500 2.2 F-S XYZLUT+MTX.Rec709.B0.0,2.4Gawn65.cube'
2019-05-01 13:25:57,917 
2019-05-01 13:25:57,917 There is 1 rev cache instance with 1610 Mbytes limit
2019-05-01 13:25:58,081 DisplayCAL: Reached EOF (OK)
2019-05-01 13:25:58,082 Finished creating 3D LUT in 50.5130000114 seconds
