2019-05-01 13:52:46,974 --------------------------------------------------------------------------------
2019-05-01 13:52:46,974 Working directory:
2019-05-01 13:52:46,976   c:\
2019-05-01 13:52:46,976    users\
2019-05-01 13:52:46,976     tang-\
2019-05-01 13:52:46,976      appdata\
2019-05-01 13:52:46,976       local\
2019-05-01 13:52:46,976        temp\
2019-05-01 13:52:46,977         DisplayCAL-b1blfc\
2019-05-01 13:52:46,977 
2019-05-01 13:52:46,977 Command line:
2019-05-01 13:52:46,979   C:\Users\tang-\AppData\Roaming\DisplayCAL\dl\Argyll_V2.1.0_mod\bin\dispread.exe
2019-05-01 13:52:46,979     -v
2019-05-01 13:52:46,980     -k
2019-05-01 13:52:46,980     "C:\Program Files (x86)\DisplayCAL\linear.cal"
2019-05-01 13:52:46,980     -d1
2019-05-01 13:52:46,980     -c1
2019-05-01 13:52:46,980     -yn
2019-05-01 13:52:46,980     "-P0.455185358986,0.582591493571,1.0"
2019-05-01 13:52:46,982     -Ibw
2019-05-01 13:52:46,982     0_16
2019-05-01 13:52:46,982 
2019-05-01 13:52:47,428 DisplayCAL: Starting interaction with subprocess
2019-05-01 13:52:47,434 Number of patches = 3
2019-05-01 13:52:47,436 Setting up the instrument
2019-05-01 13:52:48,451 Product Name:      i1Display3
2019-05-01 13:52:48,451 Serial Number:     I1-17.B-02.285149.10
2019-05-01 13:52:48,451 Firmware Version:  v2.28
2019-05-01 13:52:48,453 Firmware Date:     29Jan14
2019-05-01 13:52:48,727 Place instrument on test window.
2019-05-01 13:52:48,730 DisplayCAL: Waiting for send buffer
2019-05-01 13:52:50,226 DisplayCAL: Skipping place instrument on screen message...
2019-05-01 13:52:50,259 DisplayCAL: Sending buffer: ' '
2019-05-01 13:52:50,263 Hit Esc or Q to give up, any other key to continue:
2019-05-01 13:52:52,884 Measured display update delay of 61 msec, using delay of 181 msec & 0 msec inst reaction
2019-05-01 13:53:01,914 Patch 3 of 3
2019-05-01 13:53:01,915 
2019-05-01 13:53:01,915 Black drift was 0.000000 DE
2019-05-01 13:53:01,915 White drift was 0.000000 DE
2019-05-01 13:53:01,915 The instrument can be removed from the screen.
2019-05-01 13:53:02,016 Written '0_16.ti3'
2019-05-01 13:53:02,127 DisplayCAL: Reached EOF (OK)
2019-05-01 13:53:02,183 RGB level 0 is 0.201861 cd/m2
2019-05-01 13:53:02,183 RGB level 16 is 0.467897 cd/m2
2019-05-01 13:53:02,184 Assuming full range output levels
