2019-05-01 14:03:52,084 DisplayCAL: Applying Rec. 709 TRC to Rec709.icm
2019-05-01 14:03:52,092 Using whitepoint chromaticity 0.3128 0.3292 for input
2019-05-01 14:03:52,096 --------------------------------------------------------------------------------
2019-05-01 14:03:52,098 Working directory:
2019-05-01 14:03:52,098   c:\
2019-05-01 14:03:52,098    users\
2019-05-01 14:03:52,098     tang-\
2019-05-01 14:03:52,098      appdata\
2019-05-01 14:03:52,098       local\
2019-05-01 14:03:52,098        temp\
2019-05-01 14:03:52,099         DisplayCAL-8k7mq3\
2019-05-01 14:03:52,099 
2019-05-01 14:03:52,099 Command line:
2019-05-01 14:03:52,101   C:\Users\tang-\AppData\Roaming\DisplayCAL\dl\Argyll_V2.1.0_mod\bin\collink.exe
2019-05-01 14:03:52,101     -v
2019-05-01 14:03:52,101     -qh
2019-05-01 14:03:52,102     -G
2019-05-01 14:03:52,102     -iaw
2019-05-01 14:03:52,102     -r65
2019-05-01 14:03:52,104     -n
2019-05-01 14:03:52,104     -3c
2019-05-01 14:03:52,104     -en
2019-05-01 14:03:52,104     -En
2019-05-01 14:03:52,104     -b
2019-05-01 14:03:52,105     -IB:0.0:2.4
2019-05-01 14:03:52,105     -a
2019-05-01 14:03:52,105     "U2719D #1 2019-05-01 13-52 D6500 2.2 F-S XYZLUT+MTX.cal"
2019-05-01 14:03:52,105     Rec709.icm
2019-05-01 14:03:52,105     "U2719D #1 2019-05-01 13-52 D6500 2.2 F-S XYZLUT+MTX.icm"
2019-05-01 14:03:52,105     "U2719D #1 2019-05-01 13-52 D6500 2.2 F-S
2019-05-01 14:03:52,105       XYZLUT+MTX.Rec709.B0.0,2.4Gawn65.icm"
2019-05-01 14:03:52,105 
2019-05-01 14:03:52,553 DisplayCAL: Waiting for EOF
2019-05-01 14:03:52,556 Got options
2019-05-01 14:03:52,558 Configured options
2019-05-01 14:03:52,558 Loading input A2B table
2019-05-01 14:03:52,558 Loading output inverse A2B table
2019-05-01 14:03:52,558 Gamut mapping mode is 'Mapping inverse A2B'
2019-05-01 14:03:52,559 Gamut mapping intent is 'aw - Absolute Colorimetric (in Jab) with scaling to fit white point'
2019-05-01 14:03:52,559 
2019-05-01 14:03:52,559 Rev cache RAM = 1610 Mbytes
2019-05-01 14:03:52,559 
2019-05-01 14:03:52,559 Looks like an XYZ space
2019-05-01 14:03:52,559 
2019-05-01 14:03:52,559 Initializing nnrev arrays...
2019-05-01 14:03:52,559 
2019-05-01 14:03:52,561 There is 1 rev cache instance with 1610 Mbytes limit
2019-05-01 14:04:01,391 
2019-05-01 14:04:01,391 nnrev initialization done
2019-05-01 14:04:01,457 
2019-05-01 14:04:01,457 Initializing nnrev arrays...
2019-05-01 14:04:01,457 
2019-05-01 14:04:01,457 There are 2 rev cache instances with 805 Mbytes limit
2019-05-01 14:04:14,328 
2019-05-01 14:04:14,328 nnrev initialization done
2019-05-01 14:04:14,334 Set XYZ scale factor to 0.993494
2019-05-01 14:04:14,349 Output black PCS = 8.329257 -0.625769 -0.277996
2019-05-01 14:04:14,349 Output black PCS pre lumscale = 8.332340 -0.628319 -0.282832
2019-05-01 14:04:14,349 Gamma curve target out black rel XYZ = 0.000950 0.001014 0.000825, Lab 0.915704 -0.112001 0.021923
2019-05-01 14:04:14,354 Proportion of black output offset = 0.000000 (BT.1886)
2019-05-01 14:04:14,355 Gamma Y input offset = 0.059945
2019-05-01 14:04:14,355 Gamma Y power = 2.400000
2019-05-01 14:04:14,355 Gamma Y output scale = 0.869601
2019-05-01 14:04:14,355 Gamma Y output offset = 0.000000
2019-05-01 14:04:14,355 bt1886 check input black point rel. XYZ 0.000950 0.001014 0.000825
2019-05-01 14:04:14,355 BT.1886 overall rendering
2019-05-01 14:04:14,355  In   0.0% -> XYZ in 0.000000 -> bt.1886 0.001014, log/log 0.000, Lab 0.915704 -0.112001 0.021923
2019-05-01 14:04:14,357  In   5.0% -> XYZ in 0.050000 -> bt.1886 0.004347, log/log 1.815, Lab 3.926180 -0.032601 0.006381
2019-05-01 14:04:14,357  In  10.0% -> XYZ in 0.100000 -> bt.1886 0.010687, log/log 1.971, Lab 9.550982 -0.002919 0.000571
2019-05-01 14:04:14,357  In  15.0% -> XYZ in 0.150000 -> bt.1886 0.020529, log/log 2.048, Lab 15.762565 -0.000170 0.000033
2019-05-01 14:04:14,357  In  20.0% -> XYZ in 0.200000 -> bt.1886 0.034280, log/log 2.096, Lab 21.682209 -0.000009 0.000002
2019-05-01 14:04:14,358  In  25.0% -> XYZ in 0.250000 -> bt.1886 0.052288, log/log 2.129, Lab 27.376941 -0.000000 0.000000
2019-05-01 14:04:14,358  In  30.0% -> XYZ in 0.300000 -> bt.1886 0.074866, log/log 2.153, Lab 32.890013 -0.000000 0.000000
2019-05-01 14:04:14,358  In  35.0% -> XYZ in 0.350000 -> bt.1886 0.102297, log/log 2.172, Lab 38.251497 -0.000000 0.000000
2019-05-01 14:04:14,358  In  40.0% -> XYZ in 0.400000 -> bt.1886 0.134839, log/log 2.187, Lab 43.483428 -0.000000 0.000000
2019-05-01 14:04:14,358  In  45.0% -> XYZ in 0.450000 -> bt.1886 0.172733, log/log 2.199, Lab 48.602592 -0.000000 0.000000
2019-05-01 14:04:14,362  In  50.0% -> XYZ in 0.500000 -> bt.1886 0.216207, log/log 2.210, Lab 53.622174 0.000000 0.000000
2019-05-01 14:04:14,362  In  55.0% -> XYZ in 0.550000 -> bt.1886 0.265471, log/log 2.218, Lab 58.552778 0.000000 0.000000
2019-05-01 14:04:14,362  In  60.0% -> XYZ in 0.600000 -> bt.1886 0.320729, log/log 2.226, Lab 63.403106 0.000000 0.000000
2019-05-01 14:04:14,362  In  65.0% -> XYZ in 0.650000 -> bt.1886 0.382172, log/log 2.233, Lab 68.180416 0.000000 -0.000000
2019-05-01 14:04:14,364  In  70.0% -> XYZ in 0.700000 -> bt.1886 0.449984, log/log 2.239, Lab 72.890845 0.000000 0.000000
2019-05-01 14:04:14,364  In  75.0% -> XYZ in 0.750000 -> bt.1886 0.524340, log/log 2.244, Lab 77.539648 0.000000 0.000000
2019-05-01 14:04:14,364  In  80.0% -> XYZ in 0.800000 -> bt.1886 0.605410, log/log 2.249, Lab 82.131368 0.000000 0.000000
2019-05-01 14:04:14,364  In  85.0% -> XYZ in 0.850000 -> bt.1886 0.693356, log/log 2.253, Lab 86.669969 0.000000 0.000000
2019-05-01 14:04:14,365  In  90.0% -> XYZ in 0.900000 -> bt.1886 0.788336, log/log 2.257, Lab 91.158938 0.000000 0.000000
2019-05-01 14:04:14,365  In  95.0% -> XYZ in 0.950000 -> bt.1886 0.890501, log/log 2.261, Lab 95.601364 -0.000000 0.000000
2019-05-01 14:04:14,365  In 100.0% -> XYZ in 1.000000 -> bt.1886 1.000000, log/log 0.000, Lab 100.000000 0.000000 -0.000000
2019-05-01 14:04:14,365 Creating link profile
2019-05-01 14:04:14,365 Filling in Lut table
2019-05-01 14:04:14,365  0%
2019-05-01 14:04:14,503  0%
2019-05-01 14:04:14,742  1%
2019-05-01 14:04:14,974  2%
2019-05-01 14:04:15,223  3%
2019-05-01 14:04:15,464  4%
2019-05-01 14:04:15,779  5%
2019-05-01 14:04:16,328  6%
2019-05-01 14:04:16,596  7%
2019-05-01 14:04:16,823  8%
2019-05-01 14:04:17,059  9%
2019-05-01 14:04:17,286 10%
2019-05-01 14:04:17,520 11%
2019-05-01 14:04:17,730 12%
2019-05-01 14:04:17,950 13%
2019-05-01 14:04:18,171 14%
2019-05-01 14:04:18,381 15%
2019-05-01 14:04:18,595 16%
2019-05-01 14:04:18,934 17%
2019-05-01 14:04:19,280 18%
2019-05-01 14:04:19,476 19%
2019-05-01 14:04:19,673 20%
2019-05-01 14:04:19,869 21%
2019-05-01 14:04:20,078 22%
2019-05-01 14:04:20,286 23%
2019-05-01 14:04:20,846 24%
2019-05-01 14:04:21,134 25%
2019-05-01 14:04:21,329 26%
2019-05-01 14:04:21,539 27%
2019-05-01 14:04:21,752 28%
2019-05-01 14:04:22,121 29%
2019-05-01 14:04:22,674 30%
2019-05-01 14:04:22,934 31%
2019-05-01 14:04:23,165 32%
2019-05-01 14:04:23,387 33%
2019-05-01 14:04:23,612 34%
2019-05-01 14:04:24,010 35%
2019-05-01 14:04:24,765 36%
2019-05-01 14:04:25,016 37%
2019-05-01 14:04:25,226 38%
2019-05-01 14:04:25,438 39%
2019-05-01 14:04:25,658 40%
2019-05-01 14:04:26,098 41%
2019-05-01 14:04:26,811 42%
2019-05-01 14:04:27,055 43%
2019-05-01 14:04:27,296 44%
2019-05-01 14:04:27,516 45%
2019-05-01 14:04:27,769 46%
2019-05-01 14:04:28,326 47%
2019-05-01 14:04:28,674 48%
2019-05-01 14:04:28,927 49%
2019-05-01 14:04:29,155 50%
2019-05-01 14:04:29,404 51%
2019-05-01 14:04:29,634 52%
2019-05-01 14:04:29,855 53%
2019-05-01 14:04:30,056 54%
2019-05-01 14:04:30,276 55%
2019-05-01 14:04:30,512 56%
2019-05-01 14:04:30,729 57%
2019-05-01 14:04:30,930 58%
2019-05-01 14:04:31,115 59%
2019-05-01 14:04:31,315 60%
2019-05-01 14:04:31,530 61%
2019-05-01 14:04:31,765 62%
2019-05-01 14:04:32,006 63%
2019-05-01 14:04:32,247 64%
2019-05-01 14:04:32,470 65%
2019-05-01 14:04:32,674 66%
2019-05-01 14:04:32,898 67%
2019-05-01 14:04:33,134 68%
2019-05-01 14:04:33,349 69%
2019-05-01 14:04:33,555 70%
2019-05-01 14:04:33,746 71%
2019-05-01 14:04:33,930 72%
2019-05-01 14:04:34,138 73%
2019-05-01 14:04:34,364 74%
2019-05-01 14:04:34,582 75%
2019-05-01 14:04:34,792 76%
2019-05-01 14:04:34,973 77%
2019-05-01 14:04:35,174 78%
2019-05-01 14:04:35,391 79%
2019-05-01 14:04:35,628 80%
2019-05-01 14:04:35,867 81%
2019-05-01 14:04:36,088 82%
2019-05-01 14:04:36,290 83%
2019-05-01 14:04:36,479 84%
2019-05-01 14:04:36,688 85%
2019-05-01 14:04:36,920 86%
2019-05-01 14:04:37,151 87%
2019-05-01 14:04:37,361 88%
2019-05-01 14:04:37,548 89%
2019-05-01 14:04:37,742 90%
2019-05-01 14:04:37,957 91%
2019-05-01 14:04:38,194 92%
2019-05-01 14:04:38,433 93%
2019-05-01 14:04:38,709 94%
2019-05-01 14:04:39,058 95%
2019-05-01 14:04:39,862 96%
2019-05-01 14:04:40,250 97%
2019-05-01 14:04:40,710 98%
2019-05-01 14:04:40,953 99%
2019-05-01 14:04:41,101 100%
2019-05-01 14:04:41,101 Writing ICC file 'U2719D #1 2019-05-01 13-52 D6500 2.2 F-S XYZLUT+MTX.Rec709.B0.0,2.4Gawn65.icm'
2019-05-01 14:04:41,109 Writing .cube 3dLut 'U2719D #1 2019-05-01 13-52 D6500 2.2 F-S XYZLUT+MTX.Rec709.B0.0,2.4Gawn65.cube'
2019-05-01 14:04:41,585 
2019-05-01 14:04:41,585 There is 1 rev cache instance with 1610 Mbytes limit
2019-05-01 14:04:41,749 DisplayCAL: Reached EOF (OK)
2019-05-01 14:04:41,750 Finished creating 3D LUT in 49.6549999714 seconds
