2019-05-01 18:16:19,888 --------------------------------------------------------------------------------
2019-05-01 18:16:20,542 Connected to madVR version 0.92.17.0 (F:\MPC\Essentials\madVR\madHcNet32.dll)
2019-05-01 18:16:20,559 Output levels: 0-255
2019-05-01 18:16:20,561 Pattern area: 100%
2019-05-01 18:16:20,562 Background level: 30%
2019-05-01 18:16:20,562 Background mode: APL linear
2019-05-01 18:16:20,562 Border width: 20 pixels
2019-05-01 18:16:20,562 
2019-05-01 18:16:20,563 Working directory:
2019-05-01 18:16:20,563   c:\
2019-05-01 18:16:20,565    users\
2019-05-01 18:16:20,565     tang-\
2019-05-01 18:16:20,565      appdata\
2019-05-01 18:16:20,565       local\
2019-05-01 18:16:20,565        temp\
2019-05-01 18:16:20,566         DisplayCAL-6db0kx\
2019-05-01 18:16:20,568 
2019-05-01 18:16:20,568 Command line:
2019-05-01 18:16:20,569   C:\Users\tang-\AppData\Roaming\DisplayCAL\dl\Argyll_V2.1.0_mod\bin\dispcal.exe
2019-05-01 18:16:20,569     "-P0.5,0.5,10.000000"
2019-05-01 18:16:20,569     -v2
2019-05-01 18:16:20,569     -dmadvr
2019-05-01 18:16:20,569     -c1
2019-05-01 18:16:20,571     -yn
2019-05-01 18:16:20,571     -Iw
2019-05-01 18:16:20,572     "-w0.3127,0.329"
2019-05-01 18:16:20,572     -b
2019-05-01 18:16:20,572     "madVR 2019-05-01 18-15 0.3127x 0.329y S XYZLUT+MTX"
2019-05-01 18:16:20,572 
2019-05-01 18:16:21,414 DisplayCAL: Starting interaction with subprocess
2019-05-01 18:16:21,418 Setting up the instrument
2019-05-01 18:16:22,448 Product Name:      i1Display3
2019-05-01 18:16:22,450 Serial Number:     I1-17.B-02.285149.10
2019-05-01 18:16:22,451 Firmware Version:  v2.28
2019-05-01 18:16:22,453 Firmware Date:     29Jan14
2019-05-01 18:16:22,703 Created MadVR window
2019-05-01 18:16:23,549 Place instrument on test window.
2019-05-01 18:16:23,551 DisplayCAL: Waiting for send buffer
2019-05-01 18:16:25,038 DisplayCAL: Skipping place instrument on screen message...
2019-05-01 18:16:25,062 DisplayCAL: Sending buffer: ' '
2019-05-01 18:16:25,065 Hit Esc or Q to give up, any other key to continue:
2019-05-01 18:16:25,065 Display type is 'n'
2019-05-01 18:16:25,065 Target white = xy 0.312700 0.329000
2019-05-01 18:16:25,065 Target white brightness = native brightness
2019-05-01 18:16:25,071 Target black brightness = native brightness
2019-05-01 18:16:25,072 Black point device hack is enabled
2019-05-01 18:16:25,072 Target advertised gamma = 2.400000
2019-05-01 18:16:25,072 
2019-05-01 18:16:25,072 Display adjustment menu:
2019-05-01 18:16:25,072 Press 1 .. 7
2019-05-01 18:16:25,072 1) Black level (CRT: Offset/Brightness)
2019-05-01 18:16:25,073 2) White point (Color temperature, R,G,B, Gain/Contrast)
2019-05-01 18:16:25,073 3) White level (CRT: Gain/Contrast, LCD: Brightness/Backlight)
2019-05-01 18:16:25,075 4) Black point (R,G,B, Offset/Brightness)
2019-05-01 18:16:25,075 5) Check all
2019-05-01 18:16:25,075 6) Measure and set ambient for viewing condition adjustment
2019-05-01 18:16:25,075 7) Continue on to calibration
2019-05-01 18:16:25,075 8) Exit
2019-05-01 18:16:25,078 DisplayCAL: Waiting for send buffer
2019-05-01 18:16:29,413 DisplayCAL: Sending buffer: '2'
2019-05-01 18:16:29,417 Doing some initial measurements
2019-05-01 18:16:32,608 Measured display update delay of 0 msec, using delay of 100 msec & 0 msec inst reaction
2019-05-01 18:16:37,790 Red   = XYZ 81.629 42.528  0.274
2019-05-01 18:16:37,790 Green = XYZ 80.010 160.847 17.797
2019-05-01 18:16:37,792 Blue  = XYZ 40.041 12.108 223.926
2019-05-01 18:16:38,982 White = XYZ 202.572 216.087 243.411
2019-05-01 18:16:38,983 
2019-05-01 18:16:38,983 Adjust R,G & B gain to get target x,y. Press space when done.
2019-05-01 18:16:38,983    Target Br 216.09, x 0.3127 , y 0.3290
2019-05-01 18:16:43,454 DisplayCAL: Sending buffer: ' '
2019-05-01 18:16:44,164 / Current Br 216.09, x 0.3060+, y 0.3264+  DE  3.8  R++ G+  B-
2019-05-01 18:16:44,165 
2019-05-01 18:16:44,165 Press 1 .. 7
2019-05-01 18:16:44,167 1) Black level (CRT: Offset/Brightness)
2019-05-01 18:16:44,167 2) White point (Color temperature, R,G,B, Gain/Contrast)
2019-05-01 18:16:44,167 3) White level (CRT: Gain/Contrast, LCD: Brightness/Backlight)
2019-05-01 18:16:44,168 4) Black point (R,G,B, Offset/Brightness)
2019-05-01 18:16:44,170 5) Check all
2019-05-01 18:16:44,170 6) Measure and set ambient for viewing condition adjustment
2019-05-01 18:16:44,170 7) Continue on to calibration
2019-05-01 18:16:44,170 8) Exit
2019-05-01 18:16:44,171 DisplayCAL: Waiting for send buffer
2019-05-01 18:16:57,730 DisplayCAL: Sending buffer: '8'
2019-05-01 18:16:57,732 Exiting
2019-05-01 18:16:57,733 The instrument can be removed from the screen.
2019-05-01 18:16:57,885 DisplayCAL: Reached EOF (OK)
2019-05-01 18:16:57,920 --------------------------------------------------------------------------------
2019-05-01 18:16:58,582 Connected to madVR version 0.92.17.0 (F:\MPC\Essentials\madVR\madHcNet32.dll)
2019-05-01 18:16:58,596 Output levels: 0-255
2019-05-01 18:16:58,598 Pattern area: 100%
2019-05-01 18:16:58,598 Background level: 30%
2019-05-01 18:16:58,599 Background mode: APL linear
2019-05-01 18:16:58,599 Border width: 20 pixels
2019-05-01 18:16:58,601 
2019-05-01 18:16:58,601 Working directory:
2019-05-01 18:16:58,601   c:\
2019-05-01 18:16:58,601    users\
2019-05-01 18:16:58,601     tang-\
2019-05-01 18:16:58,601      appdata\
2019-05-01 18:16:58,601       local\
2019-05-01 18:16:58,602        temp\
2019-05-01 18:16:58,602         DisplayCAL-6db0kx\
2019-05-01 18:16:58,602 
2019-05-01 18:16:58,604 Command line:
2019-05-01 18:16:58,604   C:\Users\tang-\AppData\Roaming\DisplayCAL\dl\Argyll_V2.1.0_mod\bin\dispread.exe
2019-05-01 18:16:58,604     "-P0.5,0.5,10.000000"
2019-05-01 18:16:58,605     -v
2019-05-01 18:16:58,605     -dmadvr
2019-05-01 18:16:58,605     -c1
2019-05-01 18:16:58,605     -yn
2019-05-01 18:16:58,605     -Iw
2019-05-01 18:16:58,605     -K
2019-05-01 18:16:58,605     "madVR 2019-05-01 18-15 0.3127x 0.329y S XYZLUT+MTX.cal"
2019-05-01 18:16:58,607     "madVR 2019-05-01 18-15 0.3127x 0.329y S XYZLUT+MTX"
2019-05-01 18:16:58,607 
2019-05-01 18:16:59,112 DisplayCAL: Starting interaction with subprocess
2019-05-01 18:16:59,115 Number of patches = 34
2019-05-01 18:16:59,115 Setting up the instrument
2019-05-01 18:17:00,125 Product Name:      i1Display3
2019-05-01 18:17:00,125 Serial Number:     I1-17.B-02.285149.10
2019-05-01 18:17:00,127 Firmware Version:  v2.28
2019-05-01 18:17:00,127 Firmware Date:     29Jan14
2019-05-01 18:17:00,250 Created MadVR window
2019-05-01 18:17:01,085 Place instrument on test window.
2019-05-01 18:17:01,085 DisplayCAL: Waiting for send buffer
2019-05-01 18:17:02,585 DisplayCAL: Skipping place instrument on screen message...
2019-05-01 18:17:02,598 DisplayCAL: Sending buffer: ' '
2019-05-01 18:17:02,601 Hit Esc or Q to give up, any other key to continue:
2019-05-01 18:17:05,770 Measured display update delay of 0 msec, using delay of 100 msec & 0 msec inst reaction
2019-05-01 18:17:58,897 Patch 34 of 34
2019-05-01 18:17:58,898 White drift was 0.048869 DE
2019-05-01 18:17:58,898 The instrument can be removed from the screen.
2019-05-01 18:17:59,002 Written 'madVR 2019-05-01 18-15 0.3127x 0.329y S XYZLUT+MTX.ti3'
2019-05-01 18:17:59,107 DisplayCAL: Reached EOF (OK)
2019-05-01 18:17:59,729 Successfully disconnected from madTPG
2019-05-01 18:17:59,773 --------------------------------------------------------------------------------
2019-05-01 18:17:59,773 Working directory:
2019-05-01 18:17:59,773   c:\
2019-05-01 18:17:59,775    users\
2019-05-01 18:17:59,775     tang-\
2019-05-01 18:17:59,775      appdata\
2019-05-01 18:17:59,775       local\
2019-05-01 18:17:59,776        temp\
2019-05-01 18:17:59,776         DisplayCAL-6db0kx\
2019-05-01 18:17:59,776 
2019-05-01 18:17:59,776 Command line:
2019-05-01 18:17:59,776   C:\Users\tang-\AppData\Roaming\DisplayCAL\dl\Argyll_V2.1.0_mod\bin\colprof.exe
2019-05-01 18:17:59,776     -v
2019-05-01 18:17:59,776     -qh
2019-05-01 18:17:59,776     -as
2019-05-01 18:17:59,778     "madVR 2019-05-01 18-15 0.3127x 0.329y S XYZLUT+MTX"
2019-05-01 18:17:59,778 
2019-05-01 18:18:00,473 DisplayCAL: Waiting for EOF
2019-05-01 18:18:00,483 No of test patches = 34
2019-05-01 18:18:00,483 Omitted 0 zero measurements
2019-05-01 18:18:00,483 Find white & black points
2019-05-01 18:18:00,483 Initial white point = 0.937562 0.999869 1.126264
2019-05-01 18:18:00,483 Creating matrix...
2019-05-01 18:18:00,484 
2019-05-01 18:18:00,484   0%
2019-05-01 18:18:00,484   1%
2019-05-01 18:18:00,486   2%
2019-05-01 18:18:00,486   7%
2019-05-01 18:18:00,486  19%
2019-05-01 18:18:00,486  32%
2019-05-01 18:18:00,486  39%
2019-05-01 18:18:00,486  40%
2019-05-01 18:18:00,486  48%
2019-05-01 18:18:00,486  57%
2019-05-01 18:18:00,487  62%
2019-05-01 18:18:00,487  64%
2019-05-01 18:18:00,487  100%
2019-05-01 18:18:00,489 Matrix = 0.227067 0.098056 0.066221
2019-05-01 18:18:00,489          0.096709 0.255848 0.021658
2019-05-01 18:18:00,489          -0.008473 0.008474 0.249895
2019-05-01 18:18:00,490 Creating matrix and single gamma curve...
2019-05-01 18:18:00,490 
2019-05-01 18:18:00,490   0%
2019-05-01 18:18:00,490   1%
2019-05-01 18:18:00,492   2%
2019-05-01 18:18:00,492   4%
2019-05-01 18:18:00,492   5%
2019-05-01 18:18:00,493  10%
2019-05-01 18:18:00,493  23%
2019-05-01 18:18:00,493  26%
2019-05-01 18:18:00,493  35%
2019-05-01 18:18:00,493  42%
2019-05-01 18:18:00,493  50%
2019-05-01 18:18:00,494  57%
2019-05-01 18:18:00,494  68%
2019-05-01 18:18:00,494  100%
2019-05-01 18:18:00,494 Matrix = 0.400192 0.394258 0.135982
2019-05-01 18:18:00,496          0.204268 0.719989 0.041387
2019-05-01 18:18:00,496          -0.000005 0.064079 0.718400
2019-05-01 18:18:00,496 Gamma = 2.162424
2019-05-01 18:18:00,496 Creating matrix and gamma curves...
2019-05-01 18:18:00,496 
2019-05-01 18:18:00,496   0%
2019-05-01 18:18:00,502   1%
2019-05-01 18:18:00,502   9%
2019-05-01 18:18:00,502  18%
2019-05-01 18:18:00,502  48%
2019-05-01 18:18:00,503  59%
2019-05-01 18:18:00,503  100%
2019-05-01 18:18:00,503 Matrix = 0.405463 0.403709 0.135382
2019-05-01 18:18:00,503          0.206161 0.725669 0.041564
2019-05-01 18:18:00,503          -0.000030 0.066304 0.687075
2019-05-01 18:18:00,503 Gamma = 2.252702 2.179600 2.113956
2019-05-01 18:18:00,503 Creating matrix and curves...
2019-05-01 18:18:00,505 
2019-05-01 18:18:00,591   0%
2019-05-01 18:18:00,746   1%
2019-05-01 18:18:00,776   2%
2019-05-01 18:18:00,819   3%
2019-05-01 18:18:01,115   4%
2019-05-01 18:18:01,134   5%
2019-05-01 18:18:01,323   6%
2019-05-01 18:18:01,424   8%
2019-05-01 18:18:01,451  10%
2019-05-01 18:18:01,496  11%
2019-05-01 18:18:01,565  12%
2019-05-01 18:18:01,595  13%
2019-05-01 18:18:01,650  14%
2019-05-01 18:18:01,776  15%
2019-05-01 18:18:01,802  18%
2019-05-01 18:18:02,131  21%
2019-05-01 18:18:02,177  24%
2019-05-01 18:18:02,947  29%
2019-05-01 18:18:02,980  34%
2019-05-01 18:18:03,013  41%
2019-05-01 18:18:03,250  43%
2019-05-01 18:18:03,282  46%
2019-05-01 18:18:03,430  47%
2019-05-01 18:18:03,586  51%
2019-05-01 18:18:03,619  52%
2019-05-01 18:18:03,693  65%
2019-05-01 18:18:04,033  67%
2019-05-01 18:18:04,071  72%
2019-05-01 18:18:04,104  76%
2019-05-01 18:18:04,312  77%
2019-05-01 18:18:04,313  100%
2019-05-01 18:18:04,313 Matrix = 0.409151 0.411565 0.138528
2019-05-01 18:18:04,315          0.208998 0.744288 0.041271
2019-05-01 18:18:04,315          -0.000920 0.066830 0.749546
2019-05-01 18:18:04,315 Input offset  = -0.019765 -0.018307 -0.010521
2019-05-01 18:18:04,321 Output offset = 0.000898 0.001051 0.001571
2019-05-01 18:18:04,321 0 gamma = 2.199339 2.266184 2.423571
2019-05-01 18:18:04,322 1 harmonics = 0.022916 0.013502 -0.037479
2019-05-01 18:18:04,322 2 harmonics = -0.035090 -0.071082 -0.082565
2019-05-01 18:18:04,322 3 harmonics = -0.037546 0.007948 -0.007587
2019-05-01 18:18:04,322 4 harmonics = -0.038745 -0.069529 -0.062098
2019-05-01 18:18:04,323 5 harmonics = -0.035475 -0.038995 -0.057861
2019-05-01 18:18:04,323 6 harmonics = -0.028616 -0.039271 -0.041612
2019-05-01 18:18:04,323 7 harmonics = -0.016439 -0.021632 -0.029301
2019-05-01 18:18:04,325 8 harmonics = -0.015535 -0.020075 -0.026114
2019-05-01 18:18:04,325 9 harmonics = -0.011754 -0.025215 -0.030467
2019-05-01 18:18:04,325 10 harmonics = -0.010846 -0.023773 -0.039011
2019-05-01 18:18:04,325 11 harmonics = -0.016484 -0.024254 -0.057534
2019-05-01 18:18:04,325 Doing White point fine tune:
2019-05-01 18:18:04,325 Before fine tune, rel WP = XYZ 0.95924393 0.99455624 0.81545654, Lab 99.789125 0.050295 0.402988
2019-05-01 18:18:04,326 After fine tune, rel WP = XYZ 0.96420288 1.00000000 0.82490540, Lab 100.000000 0.000000 -0.000000
2019-05-01 18:18:04,326                  abs WP = XYZ 0.93236561 0.99429175 1.11331078, Lab 99.778860 -4.611727 -21.402554
2019-05-01 18:18:04,326 Black point XYZ = 0.00081756 0.00082485 0.00159772, Lab = 0.745081 0.089816 -1.731849
2019-05-01 18:18:04,328 Scaling White Point by 1.005741 to make Y = 1.0
2019-05-01 18:18:04,328 Display Luminance = 214.852554
2019-05-01 18:18:04,328 White point XYZ = 0.937718 1.000000 1.119702
2019-05-01 18:18:04,329 Black point XYZ = 0.000822 0.000830 0.001607
2019-05-01 18:18:04,331 Done gamma/shaper and matrix creation
2019-05-01 18:18:04,331 Profile done
2019-05-01 18:18:04,338 Profile check complete, peak err = 0.805859, avg err = 0.319038, RMS = 0.368264
2019-05-01 18:18:04,441 DisplayCAL: Reached EOF (OK)
2019-05-01 18:18:08,447 --------------------------------------------------------------------------------
2019-05-01 18:18:08,448 Working directory:
2019-05-01 18:18:08,448   c:\
2019-05-01 18:18:08,450    users\
2019-05-01 18:18:08,450     tang-\
2019-05-01 18:18:08,450      appdata\
2019-05-01 18:18:08,450       local\
2019-05-01 18:18:08,450        temp\
2019-05-01 18:18:08,451         DisplayCAL-6db0kx\
2019-05-01 18:18:08,451 
2019-05-01 18:18:08,453 Command line:
2019-05-01 18:18:08,453   C:\Users\tang-\AppData\Roaming\DisplayCAL\dl\Argyll_V2.1.0_mod\bin\targen.exe
2019-05-01 18:18:08,453     -v
2019-05-01 18:18:08,453     -d3
2019-05-01 18:18:08,454     -e4
2019-05-01 18:18:08,454     -s17
2019-05-01 18:18:08,456     -g49
2019-05-01 18:18:08,456     -m0
2019-05-01 18:18:08,456     -f391
2019-05-01 18:18:08,457     -A1.0
2019-05-01 18:18:08,457     -G
2019-05-01 18:18:08,457     -N0.5
2019-05-01 18:18:08,457     -B4
2019-05-01 18:18:08,457     -b0
2019-05-01 18:18:08,459     -V1.6
2019-05-01 18:18:08,459     -c
2019-05-01 18:18:08,460     "madVR 2019-05-01 18-15 0.3127x 0.329y S XYZLUT+MTX.icm"
2019-05-01 18:18:08,460     "madVR 2019-05-01 18-15 0.3127x 0.329y S XYZLUT+MTX"
2019-05-01 18:18:08,460 
2019-05-01 18:18:09,306 DisplayCAL: Waiting for EOF
2019-05-01 18:18:09,316 RGB test chart
2019-05-01 18:18:09,316 White patches = 4
2019-05-01 18:18:09,318 Black patches = 4
2019-05-01 18:18:09,318 Single channel steps = 17
2019-05-01 18:18:09,319 Composite Grey steps = 49
2019-05-01 18:18:09,319 Full spread patches = 391
2019-05-01 18:18:09,319 Degree of adaptation: 1.000
2019-05-01 18:18:09,321 Adaptation weights: Device = 0.350, Perceptual = 0.650, Curvature = 1.000
2019-05-01 18:18:09,322 Perceptual cache resolution = 9
2019-05-01 18:18:09,322 Seeding cache...done
2019-05-01 18:18:09,322 Acceleration grid res = 8
2019-05-01 18:18:09,322 
2019-05-01 18:18:09,323 There are 97 unique fixed points to add (103 total fixed points)
2019-05-01 18:18:09,323 There are 288 far spread points to add
2019-05-01 18:18:09,325 
2019-05-01 18:18:09,325 Added 12/385
2019-05-01 18:18:09,325 Added 23/385
2019-05-01 18:18:09,325 Added 34/385
2019-05-01 18:18:09,325 Added 45/385
2019-05-01 18:18:09,326 Added 56/385
2019-05-01 18:18:09,326 Added 67/385
2019-05-01 18:18:09,328 Added 78/385
2019-05-01 18:18:09,328 Added 89/385
2019-05-01 18:18:09,328 Added 100/385
2019-05-01 18:18:09,328 Added 111/385
2019-05-01 18:18:09,334 Added 122/385
2019-05-01 18:18:09,335 Added 133/385
2019-05-01 18:18:09,336 Added 144/385
2019-05-01 18:18:09,348 Added 155/385
2019-05-01 18:18:09,357 Added 166/385
2019-05-01 18:18:09,365 Added 177/385
2019-05-01 18:18:09,378 Added 188/385
2019-05-01 18:18:09,384 Added 199/385
2019-05-01 18:18:09,395 Added 210/385
2019-05-01 18:18:09,408 Added 221/385
2019-05-01 18:18:09,417 Added 232/385
2019-05-01 18:18:09,430 Added 243/385
2019-05-01 18:18:09,441 Added 254/385
2019-05-01 18:18:09,448 Added 265/385
2019-05-01 18:18:09,453 Added 276/385
2019-05-01 18:18:09,460 Added 287/385
2019-05-01 18:18:09,463 Added 298/385
2019-05-01 18:18:09,467 Added 309/385
2019-05-01 18:18:09,470 Added 320/385
2019-05-01 18:18:09,473 Added 331/385
2019-05-01 18:18:09,476 Added 342/385
2019-05-01 18:18:09,479 Added 353/385
2019-05-01 18:18:09,482 Added 364/385
2019-05-01 18:18:09,486 Added 375/385
2019-05-01 18:18:09,486 Added 385/385
2019-05-01 18:18:09,490 After seeding points: MinPoint = 1.455, Min = 1.473, Avg. = 13.206, Max = 17.985, 0.3 secs
2019-05-01 18:18:09,493 Re-seeding
2019-05-01 18:18:09,684 It 1: Maxmv = 0.198306, MinPoint = 1.455, Min = 0.881, Avg. = 13.280, Max = 19.911, 0.2 secs.
2019-05-01 18:18:09,690 Re-seeding
2019-05-01 18:18:09,852 It 2: Maxmv = 0.231019, MinPoint = 1.455, Min = 1.408, Avg. = 13.106, Max = 18.997, 0.2 secs.
2019-05-01 18:18:09,855 Re-seeding
2019-05-01 18:18:10,039 It 3: Maxmv = 0.176384, MinPoint = 1.455, Min = 1.473, Avg. = 13.060, Max = 19.231, 0.2 secs.
2019-05-01 18:18:10,049 Re-seeding
2019-05-01 18:18:10,246 It 4: Maxmv = 0.108727, MinPoint = 1.455, Min = 1.120, Avg. = 12.956, Max = 18.246, 0.2 secs.
2019-05-01 18:18:10,253 Re-seeding
2019-05-01 18:18:10,493 It 5: Maxmv = 0.103625, MinPoint = 1.455, Min = 1.150, Avg. = 12.894, Max = 17.842, 0.3 secs.
2019-05-01 18:18:10,496 Re-seeding
2019-05-01 18:18:10,674 It 6: Maxmv = 0.092230, MinPoint = 1.455, Min = 0.921, Avg. = 12.859, Max = 19.118, 0.2 secs.
2019-05-01 18:18:10,681 Re-seeding
2019-05-01 18:18:10,865 It 7: Maxmv = 0.079077, MinPoint = 1.455, Min = 1.097, Avg. = 12.853, Max = 18.374, 0.2 secs.
2019-05-01 18:18:10,869 Re-seeding
2019-05-01 18:18:11,096 It 8: Maxmv = 0.078300, MinPoint = 1.455, Min = 1.408, Avg. = 12.832, Max = 17.877, 0.2 secs.
2019-05-01 18:18:11,099 Re-seeding
2019-05-01 18:18:11,276 It 9: Maxmv = 0.057270, MinPoint = 1.455, Min = 0.979, Avg. = 12.800, Max = 16.948, 0.2 secs.
2019-05-01 18:18:11,285 Re-seeding
2019-05-01 18:18:11,466 It 10: Maxmv = 0.065412, MinPoint = 1.455, Min = 1.229, Avg. = 12.784, Max = 17.610, 0.2 secs.
2019-05-01 18:18:11,471 Re-seeding
2019-05-01 18:18:11,704 It 11: Maxmv = 0.066842, MinPoint = 1.455, Min = 1.473, Avg. = 12.737, Max = 16.656, 0.2 secs.
2019-05-01 18:18:11,710 Re-seeding
2019-05-01 18:18:11,894 It 12: Maxmv = 0.047451, MinPoint = 1.455, Min = 1.031, Avg. = 12.732, Max = 16.803, 0.2 secs.
2019-05-01 18:18:11,900 Re-seeding
2019-05-01 18:18:12,098 It 13: Maxmv = 0.037509, MinPoint = 1.455, Min = 1.392, Avg. = 12.730, Max = 16.130, 0.2 secs.
2019-05-01 18:18:12,105 Re-seeding
2019-05-01 18:18:12,336 It 14: Maxmv = 0.032775, MinPoint = 1.455, Min = 1.473, Avg. = 12.716, Max = 16.249, 0.3 secs.
2019-05-01 18:18:12,339 Re-seeding
2019-05-01 18:18:12,528 It 15: Maxmv = 0.029047, MinPoint = 1.455, Min = 1.137, Avg. = 12.706, Max = 16.905, 0.2 secs.
2019-05-01 18:18:12,532 Re-seeding
2019-05-01 18:18:12,684 It 16: Maxmv = 0.020868, MinPoint = 1.455, Min = 1.404, Avg. = 12.707, Max = 16.132, 0.2 secs.
2019-05-01 18:18:12,700 Re-seeding
2019-05-01 18:18:12,911 It 17: Maxmv = 0.013021, MinPoint = 1.455, Min = 1.473, Avg. = 12.719, Max = 16.354, 0.2 secs.
2019-05-01 18:18:12,917 Re-seeding
2019-05-01 18:18:13,112 It 18: Maxmv = 0.009271, MinPoint = 1.455, Min = 1.473, Avg. = 12.710, Max = 16.140, 0.2 secs.
2019-05-01 18:18:13,125 Re-seeding
2019-05-01 18:18:13,302 It 19: Maxmv = 0.003365, MinPoint = 1.455, Min = 1.473, Avg. = 12.714, Max = 16.279, 0.2 secs.
2019-05-01 18:18:13,309 Re-seeding
2019-05-01 18:18:13,509 It 20: Maxmv = 0.002867, MinPoint = 1.455, Min = 1.473, Avg. = 12.710, Max = 16.131, 0.2 secs.
2019-05-01 18:18:13,509 After optimization: MinPoint = 1.455, Min = 1.473, Avg. = 12.710, Max = 16.131
2019-05-01 18:18:13,513 Extra display response delay = 208.276269 sec., optimizing....
2019-05-01 18:18:13,513 
2019-05-01 18:18:13,698  0%
2019-05-01 18:18:13,864 45%
2019-05-01 18:18:14,059 63%
2019-05-01 18:18:14,219 75%
2019-05-01 18:18:14,397 85%
2019-05-01 18:18:14,565 88%
2019-05-01 18:18:14,732 92%
2019-05-01 18:18:14,930 94%
2019-05-01 18:18:15,094 96%
2019-05-01 18:18:15,276 98%
2019-05-01 18:18:15,276 100%
2019-05-01 18:18:15,279 100%
2019-05-01 18:18:15,279 Optimised display response delay = 136.121290 sec.
2019-05-01 18:18:15,282 Total number of patches = 391
2019-05-01 18:18:15,282 Execution time = 6.087000 seconds
2019-05-01 18:18:15,387 DisplayCAL: Reached EOF (OK)
2019-05-01 18:18:15,418 --------------------------------------------------------------------------------
2019-05-01 18:18:15,473 Connected to madVR version 0.92.17.0 (F:\MPC\Essentials\madVR\madHcNet32.dll)
2019-05-01 18:18:15,487 Output levels: 0-255
2019-05-01 18:18:15,490 Pattern area: 100%
2019-05-01 18:18:15,490 Background level: 30%
2019-05-01 18:18:15,492 Background mode: APL linear
2019-05-01 18:18:15,492 Border width: 20 pixels
2019-05-01 18:18:15,492 
2019-05-01 18:18:15,493 Working directory:
2019-05-01 18:18:15,493   c:\
2019-05-01 18:18:15,493    users\
2019-05-01 18:18:15,493     tang-\
2019-05-01 18:18:15,493      appdata\
2019-05-01 18:18:15,494       local\
2019-05-01 18:18:15,494        temp\
2019-05-01 18:18:15,496         DisplayCAL-6db0kx\
2019-05-01 18:18:15,496 
2019-05-01 18:18:15,496 Command line:
2019-05-01 18:18:15,496   C:\Users\tang-\AppData\Roaming\DisplayCAL\dl\Argyll_V2.1.0_mod\bin\dispread.exe
2019-05-01 18:18:15,497     "-P0.5,0.5,10.000000"
2019-05-01 18:18:15,497     -v
2019-05-01 18:18:15,499     -dmadvr
2019-05-01 18:18:15,499     -c1
2019-05-01 18:18:15,500     -yn
2019-05-01 18:18:15,500     -Iw
2019-05-01 18:18:15,500     -K
2019-05-01 18:18:15,500     "madVR 2019-05-01 18-15 0.3127x 0.329y S XYZLUT+MTX.cal"
2019-05-01 18:18:15,500     "madVR 2019-05-01 18-15 0.3127x 0.329y S XYZLUT+MTX"
2019-05-01 18:18:15,502 
2019-05-01 18:18:16,138 DisplayCAL: Starting interaction with subprocess
2019-05-01 18:18:16,138 Number of patches = 391
2019-05-01 18:18:16,140 Setting up the instrument
2019-05-01 18:18:17,167 Product Name:      i1Display3
2019-05-01 18:18:17,167 Serial Number:     I1-17.B-02.285149.10
2019-05-01 18:18:17,167 Firmware Version:  v2.28
2019-05-01 18:18:17,167 Firmware Date:     29Jan14
2019-05-01 18:18:17,299 Created MadVR window
2019-05-01 18:18:18,167 Place instrument on test window.
2019-05-01 18:18:18,168 DisplayCAL: Waiting for send buffer
2019-05-01 18:18:19,663 DisplayCAL: Skipping place instrument on screen message...
2019-05-01 18:18:19,681 DisplayCAL: Sending buffer: ' '
2019-05-01 18:18:19,684 Hit Esc or Q to give up, any other key to continue:
2019-05-01 18:18:22,875 Measured display update delay of 0 msec, using delay of 100 msec & 0 msec inst reaction
2019-05-01 18:28:41,806 Patch 391 of 391
2019-05-01 18:28:41,808 White drift was 0.043658 DE
2019-05-01 18:28:41,808 The instrument can be removed from the screen.
2019-05-01 18:28:41,911 Written 'madVR 2019-05-01 18-15 0.3127x 0.329y S XYZLUT+MTX.ti3'
2019-05-01 18:28:42,016 DisplayCAL: Reached EOF (OK)
2019-05-01 18:28:42,605 Successfully disconnected from madTPG
2019-05-01 18:28:42,736 DisplayCAL: Adding 26 fixed points to c:\users\tang-\appdata\local\temp\DisplayCAL-6db0kx\madVR 2019-05-01 18-15 0.3127x 0.329y S XYZLUT+MTX.ti3
2019-05-01 18:28:42,799 DisplayCAL: Adding 26 fixed points to c:\users\tang-\appdata\local\temp\DisplayCAL-6db0kx\madVR 2019-05-01 18-15 0.3127x 0.329y S XYZLUT+MTX.ti1
2019-05-01 18:28:43,418 -> Preparing ChromaticityType tag from TI3 colorants
2019-05-01 18:28:43,430 -> Storing settings in TI3
2019-05-01 18:28:43,562 Applying 0% black point correction to TI3
2019-05-01 18:28:44,181 --------------------------------------------------------------------------------
2019-05-01 18:28:44,183 Working directory:
2019-05-01 18:28:44,184   c:\
2019-05-01 18:28:44,184    users\
2019-05-01 18:28:44,184     tang-\
2019-05-01 18:28:44,184      appdata\
2019-05-01 18:28:44,184       local\
2019-05-01 18:28:44,184        temp\
2019-05-01 18:28:44,184         DisplayCAL-6db0kx\
2019-05-01 18:28:44,184 
2019-05-01 18:28:44,186 Command line:
2019-05-01 18:28:44,186   C:\Users\tang-\AppData\Roaming\DisplayCAL\dl\Argyll_V2.1.0_mod\bin\colprof.exe
2019-05-01 18:28:44,186     -v
2019-05-01 18:28:44,186     -qh
2019-05-01 18:28:44,187     -ax
2019-05-01 18:28:44,187     -bn
2019-05-01 18:28:44,187     -C
2019-05-01 18:28:44,187     "No copyright. Created with DisplayCAL 3.8.0.0 and ArgyllCMS 2.1.0_mod"
2019-05-01 18:28:44,187     -M
2019-05-01 18:28:44,187     madVR
2019-05-01 18:28:44,187     -D
2019-05-01 18:28:44,187     "madVR 2019-05-01 18-15 0.3127x 0.329y S XYZLUT+MTX"
2019-05-01 18:28:44,188     "madVR 2019-05-01 18-15 0.3127x 0.329y S XYZLUT+MTX"
2019-05-01 18:28:44,188 
2019-05-01 18:28:44,700 DisplayCAL: Waiting for EOF
2019-05-01 18:28:44,703 Dark emphasis factor 1.389581 from targen
2019-05-01 18:28:44,704 No of test patches = 417
2019-05-01 18:28:44,704 Omitted 0 zero measurements
2019-05-01 18:28:44,704 Estimating white point
2019-05-01 18:28:44,706 Approximate White point XYZ = 0.93740925 0.99982860 1.12568351, Lab = 99.993372 -4.646402 -21.848461
2019-05-01 18:28:44,706 Creating optimised per channel curves
2019-05-01 18:28:44,707 Initial White Point XYZ 0.937409 0.999829 1.125684, Lab 99.993372 -4.646402 -21.848461
2019-05-01 18:28:44,707 About to optimise temporary matrix
2019-05-01 18:28:44,707 
2019-05-01 18:28:44,709   0%
2019-05-01 18:28:44,709   6%
2019-05-01 18:28:44,789  78%
2019-05-01 18:28:44,789  100%
2019-05-01 18:28:44,790 About to optimise a common ord 0 input curve and matrix
2019-05-01 18:28:44,790 
2019-05-01 18:28:44,989   0%
2019-05-01 18:28:44,990  100%
2019-05-01 18:28:44,990 About to optimise a common input curve and matrix
2019-05-01 18:28:44,993 
2019-05-01 18:28:45,255   0%
2019-05-01 18:28:45,255  100%
2019-05-01 18:28:45,255 About to optimise input curves and matrix
2019-05-01 18:28:45,256 
2019-05-01 18:28:45,308   0%
2019-05-01 18:28:45,309  100%
2019-05-01 18:28:45,309 About to optimise output curves and matrix
2019-05-01 18:28:45,309 
2019-05-01 18:28:46,102   0%
2019-05-01 18:28:46,322   1%
2019-05-01 18:28:46,552  39%
2019-05-01 18:28:46,871  83%
2019-05-01 18:28:46,874  100%
2019-05-01 18:28:46,875 About to optimise input curves and matrix again
2019-05-01 18:28:46,875 
2019-05-01 18:28:47,171   0%
2019-05-01 18:28:47,174  100%
2019-05-01 18:28:47,174 About to optimise input, matrix and output together
2019-05-01 18:28:47,174 
2019-05-01 18:28:47,200   0%
2019-05-01 18:28:55,828  79%
2019-05-01 18:28:55,829  100%
2019-05-01 18:28:55,829 About to create grid position input curves
2019-05-01 18:28:55,908 Create final clut from scattered data
2019-05-01 18:28:56,030 ****************************************************************************************************************************************************************
2019-05-01 18:28:56,213 ****************************************************************************************************************************************************************
2019-05-01 18:28:57,058 ****************************************************************************************************************************************************************
2019-05-01 18:28:57,871 ****************************************************************************************************************************************************************
2019-05-01 18:28:58,696 ****************************************************************************************************************************************************************
2019-05-01 18:28:58,756 ****************************************************************************************************************************************************************
2019-05-01 18:28:58,812 ****************************************************************************************************************************************************************
2019-05-01 18:28:59,286 ****************************************************************************************************************************************************************
2019-05-01 18:28:59,778 ****************************************************************************************************************************************************************
2019-05-01 18:29:00,285 ****************************************************************************************************************************************************************
2019-05-01 18:29:00,437 ****************************************************************************************************************************************************************
2019-05-01 18:29:00,582 ****************************************************************************************************************************************************************
2019-05-01 18:29:01,365 ****************************************************************************************************************************************************************
2019-05-01 18:29:02,147 ****************************************************************************************************************************************************************
2019-05-01 18:29:02,920 ****************************************************************************************************************************************************************
2019-05-01 18:29:02,970 ********
2019-05-01 18:29:02,970 Doing White point fine tune:
2019-05-01 18:29:02,970 Before fine tune, rel WP = XYZ 0.964069 0.999848 0.824673, Lab 99.994121 0.002167 0.008624
2019-05-01 18:29:03,073 After fine tune, rel WP = XYZ 0.964203 1.000000 0.824905, Lab 99.999997 0.000014 -0.000005
2019-05-01 18:29:03,075                  abs WP = XYZ 0.93727069 0.99967346 1.12536572, Lab 99.987372 -4.644948 -21.837928
2019-05-01 18:29:03,092 Creating fast inverse input lookups
2019-05-01 18:29:03,095 White point XYZ = 0.93727069 0.99967346 1.12536572, Lab = 99.987372 -4.644948 -21.837928
2019-05-01 18:29:03,095 Find black point
2019-05-01 18:29:03,096 Black point XYZ = 0.00087551 0.00093362 0.00105183, Lab = 0.843337 -0.099704 -0.531815
2019-05-01 18:29:03,096 Display Luminance = 216.127457
2019-05-01 18:29:03,119 Done A to B table creation
2019-05-01 18:29:03,119 Setting up B to A table lookup
2019-05-01 18:29:03,151 Creating B to A tables
2019-05-01 18:29:03,278  0%
2019-05-01 18:29:03,279 Trimmed maximum cache RAM to 1606 Mbytes to allow for VM limit
2019-05-01 18:29:03,283 
2019-05-01 18:29:03,283 Rev cache RAM = 1606 Mbytes
2019-05-01 18:29:03,285 
2019-05-01 18:29:03,285 Looks like an XYZ space
2019-05-01 18:29:03,286 
2019-05-01 18:29:03,286 Initializing nnrev arrays...
2019-05-01 18:29:03,286 
2019-05-01 18:29:03,286 There is 1 rev cache instance with 1606 Mbytes limit
2019-05-01 18:29:21,546 
2019-05-01 18:29:21,546 nnrev initialization done
2019-05-01 18:29:21,648 
2019-05-01 18:29:21,648 Initializing nnrev arrays...
2019-05-01 18:29:21,651 
2019-05-01 18:29:21,651 There are 2 rev cache instances with 805 Mbytes limit
2019-05-01 18:29:48,765 
2019-05-01 18:29:48,765 nnrev initialization done
2019-05-01 18:29:48,766 
2019-05-01 18:29:48,778  3%
2019-05-01 18:29:48,782  6%
2019-05-01 18:29:48,792  9%
2019-05-01 18:29:48,803 11%
2019-05-01 18:29:48,805 14%
2019-05-01 18:29:48,815 17%
2019-05-01 18:29:48,822 20%
2019-05-01 18:29:48,832 23%
2019-05-01 18:29:48,838 26%
2019-05-01 18:29:48,844 29%
2019-05-01 18:29:48,855 31%
2019-05-01 18:29:48,865 34%
2019-05-01 18:29:48,868 37%
2019-05-01 18:29:48,884 40%
2019-05-01 18:29:48,891 43%
2019-05-01 18:29:48,898 46%
2019-05-01 18:29:48,901 49%
2019-05-01 18:29:48,904 51%
2019-05-01 18:29:48,907 54%
2019-05-01 18:29:48,911 57%
2019-05-01 18:29:48,915 60%
2019-05-01 18:29:48,920 63%
2019-05-01 18:29:48,930 66%
2019-05-01 18:29:48,937 69%
2019-05-01 18:29:48,954 71%
2019-05-01 18:29:48,966 74%
2019-05-01 18:29:48,980 77%
2019-05-01 18:29:48,983 Done B to A tables
2019-05-01 18:29:49,040 
2019-05-01 18:29:49,042 There is 1 rev cache instance with 1610 Mbytes limit
2019-05-01 18:29:49,092 Profile check complete, peak err = 22.442624, avg err = 0.357474, RMS = 1.343143
2019-05-01 18:29:49,196 DisplayCAL: Reached EOF (OK)
2019-05-01 18:29:49,201 --------------------------------------------------------------------------------
2019-05-01 18:29:49,203 Generating A2B1 by copying A2B0
2019-05-01 18:29:49,203 Generating B2A1 table by inverting A2B1 table
2019-05-01 18:29:49,203 
2019-05-01 18:29:49,203 Using chromatic adaptation transform matrix: Bradford
2019-05-01 18:29:49,375 Black XYZ: 0.0009 0.0009 0.0008
2019-05-01 18:29:49,377 White XYZ: 0.9642 1.0000 0.8249
2019-05-01 18:29:49,378 R XYZ: 0.4087 0.2093 0.0002
2019-05-01 18:29:49,378 G XYZ: 0.4128 0.7468 0.0681
2019-05-01 18:29:49,378 B XYZ: 0.1394 0.0421 0.7522
2019-05-01 18:29:49,380 Generating input curve PCS values...
2019-05-01 18:29:49,421 Looking up input curve RGB values...
2019-05-01 18:29:50,796 Setting curve entry #0 (0.000000 0.044848 0.000000) to black because it got clipped
2019-05-01 18:29:50,796 Setting curve entry #1 (0.000000 0.044848 0.000000) to black because it got clipped
2019-05-01 18:29:50,796 Setting curve entry #2 (0.000000 0.044848 0.000000) to black because it got clipped
2019-05-01 18:29:50,798 Setting curve entry #3 (0.000000 0.044848 0.000000) to black because it got clipped
2019-05-01 18:29:50,798 Setting curve entry #4 (0.000000 0.044848 0.000000) to black because it got clipped
2019-05-01 18:29:50,798 Setting curve entry #5 (0.000000 0.044848 0.000000) to black because it got clipped
2019-05-01 18:29:50,799 Setting curve entry #6 (0.000000 0.044848 0.000000) to black because it got clipped
2019-05-01 18:29:50,799 Setting curve entry #7 (0.000000 0.044848 0.000000) to black because it got clipped
2019-05-01 18:29:50,799 Setting curve entry #8 (0.000000 0.044848 0.000000) to black because it got clipped
2019-05-01 18:29:50,799 Setting curve entry #9 (0.000000 0.044848 0.000000) to black because it got clipped
2019-05-01 18:29:50,799 Setting curve entry #10 (0.000000 0.044848 0.000000) to black because it got clipped
2019-05-01 18:29:50,801 Setting curve entry #11 (0.000000 0.044848 0.000000) to black because it got clipped
2019-05-01 18:29:50,802 Setting curve entry #12 (0.000000 0.044848 0.000000) to black because it got clipped
2019-05-01 18:29:50,802 Setting curve entry #13 (0.021853 0.000000 0.021999) to black because it got clipped
2019-05-01 18:29:50,802 Setting curve entry #14 (0.020188 0.000000 0.020333) to black because it got clipped
2019-05-01 18:29:50,802 Setting curve entry #15 (0.018653 0.000000 0.018793) to black because it got clipped
2019-05-01 18:29:50,802 Setting curve entry #16 (0.017224 0.000000 0.017365) to black because it got clipped
2019-05-01 18:29:50,802 Setting curve entry #17 (0.015894 0.000000 0.016032) to black because it got clipped
2019-05-01 18:29:50,803 Setting curve entry #18 (0.014656 0.000000 0.014783) to black because it got clipped
2019-05-01 18:29:50,805 Setting curve entry #19 (0.013492 0.000000 0.013609) to black because it got clipped
2019-05-01 18:29:50,805 Setting curve entry #20 (0.000000 0.021720 0.021420) to black because it got clipped
2019-05-01 18:29:50,805 Setting curve entry #21 (0.000000 0.020207 0.019933) to black because it got clipped
2019-05-01 18:29:50,805 Setting curve entry #22 (0.000000 0.018709 0.018446) to black because it got clipped
2019-05-01 18:29:50,806 Setting curve entry #23 (0.000000 0.017222 0.016977) to black because it got clipped
2019-05-01 18:29:50,806 Setting curve entry #24 (0.000000 0.015746 0.015523) to black because it got clipped
2019-05-01 18:29:50,808 Setting curve entry #25 (0.000000 0.014282 0.014078) to black because it got clipped
2019-05-01 18:29:50,808 Setting curve entry #26 (0.000000 0.012831 0.012647) to black because it got clipped
2019-05-01 18:29:50,809 Setting curve entry #27 (0.000000 0.011388 0.011225) to black because it got clipped
2019-05-01 18:29:50,809 Setting curve entry #28 (0.000000 0.009966 0.009814) to black because it got clipped
2019-05-01 18:29:50,809 Setting curve entry #29 (0.000000 0.008469 0.008346) to black because it got clipped
2019-05-01 18:29:50,809 Setting curve entry #30 (0.000000 0.006820 0.006720) to black because it got clipped
2019-05-01 18:29:50,809 Setting curve entry #31 (0.000000 0.005179 0.005105) to black because it got clipped
2019-05-01 18:29:50,811 Setting curve entry #32 (0.000000 0.003550 0.003493) to black because it got clipped
2019-05-01 18:29:50,811 Setting curve entry #33 (0.000000 0.001933 0.001910) to black because it got clipped
2019-05-01 18:29:50,812 Setting curve entry #34 (0.000000 0.000327 0.000327) to black because it got clipped
2019-05-01 18:29:50,815 Setting up matrix
2019-05-01 18:29:50,815 Increasing saturation of actual primaries for PCS candidate to 103%...
2019-05-01 18:29:50,816 R xy 0.661087 0.338520 -> 0.670548 0.337919
2019-05-01 18:29:50,818 G xy 0.336221 0.608282 -> 0.335937 0.615774
2019-05-01 18:29:50,819 B xy 0.149299 0.045079 -> 0.143406 0.035675
2019-05-01 18:29:50,819 Checking for suitable PCS candidate...
2019-05-01 18:29:50,821 PCS candidate based on actual primaries fit: 1.01 (area: 94.26%)
2019-05-01 18:29:50,822 Using primaries: PCS candidate based on actual primaries
2019-05-01 18:29:50,822 Using R XYZ: 0.4169 0.2101 -0.0053
2019-05-01 18:29:50,822 Using G XYZ: 0.4127 0.7564 0.0593
2019-05-01 18:29:50,823 Using B XYZ: 0.1347 0.0335 0.7708
2019-05-01 18:29:50,823 R+G+B XYZ: 0.9642 1.0000 0.8249
2019-05-01 18:29:50,825 Correction factors: 1.0000 1.0000 1.0000
2019-05-01 18:29:50,825 Matrix 1:
2019-05-01 18:29:50,825 [3.2727053181262367, -1.7465502708741778, -0.4958082153753665]
2019-05-01 18:29:50,826 [-0.913037081670501, 1.8138016870723082, 0.08067482976650371]
2019-05-01 18:29:50,828 [0.09261100851544363, -0.15150466602253787, 1.2876823028390683]
2019-05-01 18:29:50,828 Matrix 2:
2019-05-01 18:29:50,828 [3.2726421044409975, -1.746516535518151, -0.49579863863031337]
2019-05-01 18:29:50,829 [-0.9130419374806443, 1.8138113334238168, 0.08067525881989546]
2019-05-01 18:29:50,831 [0.0926111054229795, -0.1515048245560005, 1.2876836502611615]
2019-05-01 18:29:50,831 Matrix 3:
2019-05-01 18:29:50,832 [1.999969482421875, 0, 0]
2019-05-01 18:29:50,832 [0, 1.999969482421875, 0]
2019-05-01 18:29:50,832 [0, 0, 1.999969482421875]
2019-05-01 18:29:50,834 Final matrix:
2019-05-01 18:29:50,834 [6.545184335770897, -3.4929797715814823, -0.9915821466869381]
2019-05-01 18:29:50,835 [-1.8260560111326303, 3.627567313718562, 0.16134805562627713]
2019-05-01 18:29:50,835 [0.185219384579314, -0.3030050255516813, 2.575328003535926]
2019-05-01 18:29:50,835 Applying matrix to input curve XYZ values...
2019-05-01 18:29:50,848 Generating input curves...
2019-05-01 18:29:57,865 100%
2019-05-01 18:29:57,898 Generating A2B1 table lookup input values...
2019-05-01 18:29:57,898 cLUT grid res: 33
2019-05-01 18:29:57,898 Looking up input values through A2B1 table (6 workers)...
2019-05-01 18:29:57,900 Using CAM Jab for clipping
2019-05-01 18:30:27,710 100%
2019-05-01 18:30:27,711 Input black XYZ: 0.000901 0.000919 0.000769
2019-05-01 18:30:27,711 Input white XYZ: 0.964200 1.000000 0.824900
2019-05-01 18:30:27,782 Output black RGB: 2.1962 0.0000 0.0694
2019-05-01 18:30:27,782 Output white RGB: 99.9984 99.9997 99.9997
2019-05-01 18:30:27,801 Filling cLUT...
2019-05-01 18:30:27,923 100%
2019-05-01 18:30:28,132 Smoothing B2A1...
2019-05-01 18:30:29,398 Generating B2A0 table by inverting A2B0 table
2019-05-01 18:30:29,400 
2019-05-01 18:30:29,400 Using chromatic adaptation transform matrix: Bradford
2019-05-01 18:30:29,553 Black XYZ: 0.0009 0.0009 0.0008
2019-05-01 18:30:29,555 White XYZ: 0.9642 1.0000 0.8249
2019-05-01 18:30:29,555 R XYZ: 0.4087 0.2093 0.0002
2019-05-01 18:30:29,555 G XYZ: 0.4128 0.7468 0.0681
2019-05-01 18:30:29,555 B XYZ: 0.1394 0.0421 0.7522
2019-05-01 18:30:29,555 Generating input curve PCS values...
2019-05-01 18:30:29,581 Applying BPC to input curve PCS values...
2019-05-01 18:30:29,746 Looking up input curve RGB values...
2019-05-01 18:30:30,941 Setting curve entry #0 (0.000002 0.000000 0.000002) to black because it got clipped
2019-05-01 18:30:30,947 Applying matrix to input curve XYZ values...
2019-05-01 18:30:30,973 Generating input curves...
2019-05-01 18:30:39,282 100%
2019-05-01 18:30:39,928 --------------------------------------------------------------------------------
2019-05-01 18:30:39,928 Creating shaper+matrix tags in separate step
2019-05-01 18:30:39,930 Using chromatic adaptation transform matrix: Bradford
2019-05-01 18:30:40,045 --------------------------------------------------------------------------------
2019-05-01 18:30:40,046 Working directory:
2019-05-01 18:30:40,046   c:\
2019-05-01 18:30:40,046    users\
2019-05-01 18:30:40,046     tang-\
2019-05-01 18:30:40,046      appdata\
2019-05-01 18:30:40,048       local\
2019-05-01 18:30:40,048        temp\
2019-05-01 18:30:40,049         DisplayCAL-6db0kx\
2019-05-01 18:30:40,049 
2019-05-01 18:30:40,049 Command line:
2019-05-01 18:30:40,049   C:\Users\tang-\AppData\Roaming\DisplayCAL\dl\Argyll_V2.1.0_mod\bin\fakeread.exe
2019-05-01 18:30:40,049     "madVR 2019-05-01 18-15 0.3127x 0.329y S XYZLUT+MTX.0.ti3"
2019-05-01 18:30:40,051     "madVR 2019-05-01 18-15 0.3127x 0.329y S XYZLUT+MTX.d3-e4-s3-g52-m3-b0-f0"
2019-05-01 18:30:40,051 
2019-05-01 18:30:40,282 --------------------------------------------------------------------------------
2019-05-01 18:30:40,283 Working directory:
2019-05-01 18:30:40,283   c:\
2019-05-01 18:30:40,283    users\
2019-05-01 18:30:40,285     tang-\
2019-05-01 18:30:40,285      appdata\
2019-05-01 18:30:40,286       local\
2019-05-01 18:30:40,286        temp\
2019-05-01 18:30:40,286         DisplayCAL-6db0kx\
2019-05-01 18:30:40,286 
2019-05-01 18:30:40,288 Command line:
2019-05-01 18:30:40,288   C:\Users\tang-\AppData\Roaming\DisplayCAL\dl\Argyll_V2.1.0_mod\bin\colprof.exe
2019-05-01 18:30:40,289     -v
2019-05-01 18:30:40,289     -qh
2019-05-01 18:30:40,289     -as
2019-05-01 18:30:40,290     "madVR 2019-05-01 18-15 0.3127x 0.329y S XYZLUT+MTX.d3-e4-s3-g52-m3-b0-f0"
2019-05-01 18:30:40,290 
2019-05-01 18:30:40,931 DisplayCAL: Waiting for EOF
2019-05-01 18:30:40,944 No of test patches = 79
2019-05-01 18:30:40,944 Omitted 0 zero measurements
2019-05-01 18:30:40,946 Find white & black points
2019-05-01 18:30:40,946 Initial white point = 0.937551 1.000000 1.125870
2019-05-01 18:30:40,947 Creating matrix...
2019-05-01 18:30:40,947 
2019-05-01 18:30:40,947   0%
2019-05-01 18:30:40,947   1%
2019-05-01 18:30:40,948   4%
2019-05-01 18:30:40,948   7%
2019-05-01 18:30:40,950  11%
2019-05-01 18:30:40,950  15%
2019-05-01 18:30:40,950  76%
2019-05-01 18:30:40,950  97%
2019-05-01 18:30:40,950  100%
2019-05-01 18:30:40,950 Matrix = 0.238137 0.153418 0.070049
2019-05-01 18:30:40,951          0.101794 0.322982 0.019592
2019-05-01 18:30:40,951          -0.006650 0.020662 0.282957
2019-05-01 18:30:40,953 Creating matrix and single gamma curve...
2019-05-01 18:30:40,953 
2019-05-01 18:30:40,953   0%
2019-05-01 18:30:40,953   1%
2019-05-01 18:30:40,954   2%
2019-05-01 18:30:40,954   3%
2019-05-01 18:30:40,954   6%
2019-05-01 18:30:40,956   9%
2019-05-01 18:30:40,956  10%
2019-05-01 18:30:40,957  25%
2019-05-01 18:30:40,957  46%
2019-05-01 18:30:40,957  60%
2019-05-01 18:30:40,957  79%
2019-05-01 18:30:40,957  100%
2019-05-01 18:30:40,959 Matrix = 0.419450 0.398010 0.126799
2019-05-01 18:30:40,960          0.209519 0.728970 0.038139
2019-05-01 18:30:40,960          -0.002425 0.064868 0.706613
2019-05-01 18:30:40,960 Gamma = 2.189558
2019-05-01 18:30:40,960 Creating matrix and gamma curves...
2019-05-01 18:30:40,961 
2019-05-01 18:30:40,967   0%
2019-05-01 18:30:40,967   1%
2019-05-01 18:30:40,969  27%
2019-05-01 18:30:40,969  43%
2019-05-01 18:30:40,973  52%
2019-05-01 18:30:40,974  71%
2019-05-01 18:30:40,980  82%
2019-05-01 18:30:40,980  100%
2019-05-01 18:30:40,982 Matrix = 0.424531 0.411311 0.126175
2019-05-01 18:30:40,984          0.213350 0.733205 0.038213
2019-05-01 18:30:40,984          -0.002419 0.067110 0.680770
2019-05-01 18:30:40,984 Gamma = 2.311774 2.198209 2.147550
2019-05-01 18:30:40,986 Creating matrix and curves...
2019-05-01 18:30:40,986 
2019-05-01 18:30:41,232   0%
2019-05-01 18:30:41,559   1%
2019-05-01 18:30:41,605   2%
2019-05-01 18:30:41,651   3%
2019-05-01 18:30:41,707   4%
2019-05-01 18:30:41,767   5%
2019-05-01 18:30:41,844   6%
2019-05-01 18:30:41,892   7%
2019-05-01 18:30:41,938   9%
2019-05-01 18:30:42,055  11%
2019-05-01 18:30:42,279  12%
2019-05-01 18:30:42,417  13%
2019-05-01 18:30:42,535  14%
2019-05-01 18:30:42,601  16%
2019-05-01 18:30:42,661  22%
2019-05-01 18:30:42,710  25%
2019-05-01 18:30:43,115  27%
2019-05-01 18:30:43,190  29%
2019-05-01 18:30:43,253  33%
2019-05-01 18:30:43,598  35%
2019-05-01 18:30:43,664  42%
2019-05-01 18:30:44,071  46%
2019-05-01 18:30:44,250  49%
2019-05-01 18:30:44,338  53%
2019-05-01 18:30:44,459  57%
2019-05-01 18:30:44,670  60%
2019-05-01 18:30:44,730  62%
2019-05-01 18:30:44,803  73%
2019-05-01 18:30:44,884  81%
2019-05-01 18:30:45,016  93%
2019-05-01 18:30:45,017  100%
2019-05-01 18:30:45,017 Matrix = 0.419335 0.420965 0.135205
2019-05-01 18:30:45,017          0.212038 0.749545 0.039829
2019-05-01 18:30:45,026          -0.002846 0.070025 0.736997
2019-05-01 18:30:45,026 Input offset  = 0.008564 -0.011392 -0.004963
2019-05-01 18:30:45,026 Output offset = 0.000528 0.000972 0.001531
2019-05-01 18:30:45,026 0 gamma = 2.491995 2.248486 2.361579
2019-05-01 18:30:45,026 1 harmonics = -0.139371 0.054745 0.061939
2019-05-01 18:30:45,028 2 harmonics = 0.068932 -0.040867 -0.009444
2019-05-01 18:30:45,028 3 harmonics = -0.129646 -0.060874 -0.034312
2019-05-01 18:30:45,028 4 harmonics = -0.031370 -0.029925 -0.012372
2019-05-01 18:30:45,029 5 harmonics = -0.055263 -0.000764 -0.077330
2019-05-01 18:30:45,029 6 harmonics = -0.021664 0.004977 -0.070509
2019-05-01 18:30:45,029 7 harmonics = -0.048677 -0.023403 -0.084407
2019-05-01 18:30:45,029 8 harmonics = -0.023628 0.030375 -0.060720
2019-05-01 18:30:45,029 9 harmonics = -0.012712 -0.035399 -0.048836
2019-05-01 18:30:45,030 10 harmonics = 0.008056 -0.032914 -0.000570
2019-05-01 18:30:45,032 11 harmonics = -0.002877 -0.072707 0.044192
2019-05-01 18:30:45,032 Doing White point fine tune:
2019-05-01 18:30:45,032 Before fine tune, rel WP = XYZ 0.97550502 1.00141167 0.80417547, Lab 100.054559 1.710872 1.783638
2019-05-01 18:30:45,032 After fine tune, rel WP = XYZ 0.96420288 1.00000000 0.82490540, Lab 100.000000 0.000000 -0.000000
2019-05-01 18:30:45,032                  abs WP = XYZ 0.94662257 1.00047849 1.09746448, Lab 100.018498 -3.137226 -19.935734
2019-05-01 18:30:45,033 Black point XYZ = 0.00078492 0.00080179 0.00155829, Lab = 0.724251 0.047796 -1.693308
2019-05-01 18:30:45,035 Scaling White Point by 0.999522 to make Y = 1.0
2019-05-01 18:30:45,035 White point XYZ = 0.946170 1.000000 1.096940
2019-05-01 18:30:45,035 Black point XYZ = 0.000785 0.000801 0.001558
2019-05-01 18:30:45,042 Done gamma/shaper and matrix creation
2019-05-01 18:30:45,043 Profile done
2019-05-01 18:30:45,043 Profile check complete, peak err = 18.137048, avg err = 2.567514, RMS = 4.414022
2019-05-01 18:30:45,150 DisplayCAL: Reached EOF (OK)
2019-05-01 18:30:45,153 --------------------------------------------------------------------------------
2019-05-01 18:30:45,154 Adding rXYZ from matrix profile to madVR 2019-05-01 18-15 0.3127x 0.329y S XYZLUT+MTX
2019-05-01 18:30:45,154 Adding gXYZ from matrix profile to madVR 2019-05-01 18-15 0.3127x 0.329y S XYZLUT+MTX
2019-05-01 18:30:45,154 Adding bXYZ from matrix profile to madVR 2019-05-01 18-15 0.3127x 0.329y S XYZLUT+MTX
2019-05-01 18:30:45,516 --------------------------------------------------------------------------------
2019-05-01 18:30:45,516 Adding rTRC from inverse backward B2A0 lookup to madVR 2019-05-01 18-15 0.3127x 0.329y S XYZLUT+MTX
2019-05-01 18:30:45,516 Adding gTRC from inverse backward B2A0 lookup to madVR 2019-05-01 18-15 0.3127x 0.329y S XYZLUT+MTX
2019-05-01 18:30:45,516 Adding bTRC from inverse backward B2A0 lookup to madVR 2019-05-01 18-15 0.3127x 0.329y S XYZLUT+MTX
2019-05-01 18:30:45,520 --------------------------------------------------------------------------------
2019-05-01 18:30:45,520 Applying black point compensation to rTRC
2019-05-01 18:30:45,522 Applying black point compensation to gTRC
2019-05-01 18:30:45,522 Applying black point compensation to bTRC
2019-05-01 18:30:46,203 --------------------------------------------------------------------------------
2019-05-01 18:30:46,203 Working directory:
2019-05-01 18:30:46,204   c:\
2019-05-01 18:30:46,204    users\
2019-05-01 18:30:46,206     tang-\
2019-05-01 18:30:46,206      appdata\
2019-05-01 18:30:46,207       local\
2019-05-01 18:30:46,207        temp\
2019-05-01 18:30:46,207         DisplayCAL-6db0kx\
2019-05-01 18:30:46,207 
2019-05-01 18:30:46,207 Command line:
2019-05-01 18:30:46,207   C:\Users\tang-\AppData\Roaming\DisplayCAL\dl\Argyll_V2.1.0_mod\bin\profcheck.exe
2019-05-01 18:30:46,209     "madVR 2019-05-01 18-15 0.3127x 0.329y S XYZLUT+MTX.ti3"
2019-05-01 18:30:46,210     "madVR 2019-05-01 18-15 0.3127x 0.329y S XYZLUT+MTX.icm"
2019-05-01 18:30:46,210 
2019-05-01 18:30:46,299 Profile check complete, errors: max. = 22.448974, avg. = 0.419408, RMS = 1.367251
2019-05-01 18:30:46,301 --------------------------------------------------------------------------------
2019-05-01 18:30:46,302 Generating gamut views...
2019-05-01 18:30:47,056 --------------------------------------------------------------------------------
2019-05-01 18:30:47,059 Working directory:
2019-05-01 18:30:47,059   c:\
2019-05-01 18:30:47,059    users\
2019-05-01 18:30:47,059     tang-\
2019-05-01 18:30:47,061      appdata\
2019-05-01 18:30:47,061       local\
2019-05-01 18:30:47,062        temp\
2019-05-01 18:30:47,062         DisplayCAL-6db0kx\
2019-05-01 18:30:47,062 
2019-05-01 18:30:47,062 Command line:
2019-05-01 18:30:47,062   C:\Users\tang-\AppData\Roaming\DisplayCAL\dl\Argyll_V2.1.0_mod\bin\iccgamut.exe
2019-05-01 18:30:47,063     -v
2019-05-01 18:30:47,065     -w
2019-05-01 18:30:47,065     -ir
2019-05-01 18:30:47,065     -ff
2019-05-01 18:30:47,065     -on
2019-05-01 18:30:47,065     -d10.00
2019-05-01 18:30:47,066     "madVR 2019-05-01 18-15 0.3127x 0.329y S XYZLUT+MTX.icm"
2019-05-01 18:30:47,066 
2019-05-01 18:30:47,770 Header:
2019-05-01 18:30:47,770   size         = 768892 bytes
2019-05-01 18:30:47,770   CMM          = 'argl'
2019-05-01 18:30:47,772   Version      = 2.2.0
2019-05-01 18:30:47,772   Device Class = Display
2019-05-01 18:30:47,772   Color Space  = RGB
2019-05-01 18:30:47,772   Conn. Space  = XYZ
2019-05-01 18:30:47,772   Date, Time   = 1 May 2019, 18:28:44
2019-05-01 18:30:47,772   Platform     = Microsoft
2019-05-01 18:30:47,772   Flags        = Not Embedded Profile, Use anywhere
2019-05-01 18:30:47,772   Dev. Mnfctr. = 0x0
2019-05-01 18:30:47,772   Dev. Model   = 0x0
2019-05-01 18:30:47,772   Dev. Attrbts = Reflective, Glossy, Positive, Color
2019-05-01 18:30:47,772   Rndrng Intnt = Relative Colorimetric
2019-05-01 18:30:47,772   Illuminant   = 0.96420288, 1.00000000, 0.82490540    [Lab 100.000000, 0.000000, 0.000000]
2019-05-01 18:30:47,772   Creator      = 'argl'
2019-05-01 18:30:47,772 
2019-05-01 18:30:47,773 Total volume of gamut is 937090.350939 cubic colorspace units
2019-05-01 18:30:50,407 --------------------------------------------------------------------------------
2019-05-01 18:30:50,407 Command line:
2019-05-01 18:30:50,408   C:\Users\tang-\AppData\Roaming\DisplayCAL\dl\Argyll_V2.1.0_mod\bin\viewgam.exe
2019-05-01 18:30:50,408     -cw
2019-05-01 18:30:50,410     -t0
2019-05-01 18:30:50,410     -w
2019-05-01 18:30:50,410     "C:\Program Files (x86)\DisplayCAL\ref\sRGB.gam"
2019-05-01 18:30:50,411     -cn
2019-05-01 18:30:50,411     -t.3
2019-05-01 18:30:50,411     -s
2019-05-01 18:30:50,411     "madVR 2019-05-01 18-15 0.3127x 0.329y S XYZLUT+MTX.gam"
2019-05-01 18:30:50,413     -i
2019-05-01 18:30:50,413     "madVR 2019-05-01 18-15 0.3127x 0.329y S XYZLUT+MTX vs sRGB.wrl"
2019-05-01 18:30:50,414 
2019-05-01 18:30:50,414 Intersecting volume = 799316.0 cubic units
2019-05-01 18:30:50,414 'C:\Program Files (x86)\DisplayCAL\ref\sRGB.gam' volume = 833675.1 cubic units, intersect = 95.88%
2019-05-01 18:30:50,414 'madVR 2019-05-01 18-15 0.3127x 0.329y S XYZLUT+MTX.gam' volume = 937090.4 cubic units, intersect = 85.30%
2019-05-01 18:30:50,743 --------------------------------------------------------------------------------
2019-05-01 18:30:50,743 Command line:
2019-05-01 18:30:50,744   C:\Users\tang-\AppData\Roaming\DisplayCAL\dl\Argyll_V2.1.0_mod\bin\viewgam.exe
2019-05-01 18:30:50,744     -cw
2019-05-01 18:30:50,746     -t0
2019-05-01 18:30:50,746     -w
2019-05-01 18:30:50,746     "C:\Program Files (x86)\DisplayCAL\ref\ClayRGB1998.gam"
2019-05-01 18:30:50,746     -cn
2019-05-01 18:30:50,747     -t.3
2019-05-01 18:30:50,747     -s
2019-05-01 18:30:50,749     "madVR 2019-05-01 18-15 0.3127x 0.329y S XYZLUT+MTX.gam"
2019-05-01 18:30:50,749     -i
2019-05-01 18:30:50,750     "madVR 2019-05-01 18-15 0.3127x 0.329y S XYZLUT+MTX vs ClayRGB1998.wrl"
2019-05-01 18:30:50,750 
2019-05-01 18:30:50,750 Intersecting volume = 847759.0 cubic units
2019-05-01 18:30:50,750 'C:\Program Files (x86)\DisplayCAL\ref\ClayRGB1998.gam' volume = 1209985.9 cubic units, intersect = 70.06%
2019-05-01 18:30:50,752 'madVR 2019-05-01 18-15 0.3127x 0.329y S XYZLUT+MTX.gam' volume = 937090.4 cubic units, intersect = 90.47%
2019-05-01 18:30:50,752 --------------------------------------------------------------------------------
2019-05-01 18:30:50,752 Command line:
2019-05-01 18:30:50,753   C:\Users\tang-\AppData\Roaming\DisplayCAL\dl\Argyll_V2.1.0_mod\bin\viewgam.exe
2019-05-01 18:30:50,753     -cw
2019-05-01 18:30:50,753     -t0
2019-05-01 18:30:50,753     -w
2019-05-01 18:30:50,755     "C:\Program Files (x86)\DisplayCAL\ref\SMPTE431_P3.gam"
2019-05-01 18:30:50,755     -cn
2019-05-01 18:30:50,755     -t.3
2019-05-01 18:30:50,756     -s
2019-05-01 18:30:50,756     "madVR 2019-05-01 18-15 0.3127x 0.329y S XYZLUT+MTX.gam"
2019-05-01 18:30:50,756     -i
2019-05-01 18:30:50,756     "madVR 2019-05-01 18-15 0.3127x 0.329y S XYZLUT+MTX vs SMPTE431_P3.wrl"
2019-05-01 18:30:50,757 
2019-05-01 18:30:50,759 Intersecting volume = 915247.5 cubic units
2019-05-01 18:30:50,759 'C:\Program Files (x86)\DisplayCAL\ref\SMPTE431_P3.gam' volume = 1176953.5 cubic units, intersect = 77.76%
2019-05-01 18:30:50,759 'madVR 2019-05-01 18-15 0.3127x 0.329y S XYZLUT+MTX.gam' volume = 937090.4 cubic units, intersect = 97.67%
2019-05-01 18:30:51,002 --------------------------------------------------------------------------------
