2019-05-01 13:50:39,249 DisplayCAL: Applying Rec. 709 TRC to Rec709.icm
2019-05-01 13:50:39,259 Using whitepoint chromaticity 0.3128 0.3292 for input
2019-05-01 13:50:39,263 --------------------------------------------------------------------------------
2019-05-01 13:50:39,263 Working directory:
2019-05-01 13:50:39,263   c:\
2019-05-01 13:50:39,263    users\
2019-05-01 13:50:39,265     tang-\
2019-05-01 13:50:39,265      appdata\
2019-05-01 13:50:39,265       local\
2019-05-01 13:50:39,265        temp\
2019-05-01 13:50:39,266         DisplayCAL-l9kg8b\
2019-05-01 13:50:39,266 
2019-05-01 13:50:39,266 Command line:
2019-05-01 13:50:39,266   C:\Users\tang-\AppData\Roaming\DisplayCAL\dl\Argyll_V2.1.0_mod\bin\collink.exe
2019-05-01 13:50:39,266     -v
2019-05-01 13:50:39,266     -qh
2019-05-01 13:50:39,267     -G
2019-05-01 13:50:39,267     -iaw
2019-05-01 13:50:39,267     -r65
2019-05-01 13:50:39,267     -n
2019-05-01 13:50:39,269     -3c
2019-05-01 13:50:39,269     -en
2019-05-01 13:50:39,269     -En
2019-05-01 13:50:39,269     -b
2019-05-01 13:50:39,269     -IB:0.0:2.4
2019-05-01 13:50:39,269     -a
2019-05-01 13:50:39,269     "U2719D #1 2019-05-01 13-38 D6500 2.2 F-S XYZLUT+MTX.cal"
2019-05-01 13:50:39,270     Rec709.icm
2019-05-01 13:50:39,270     "U2719D #1 2019-05-01 13-38 D6500 2.2 F-S XYZLUT+MTX.icm"
2019-05-01 13:50:39,270     "U2719D #1 2019-05-01 13-38 D6500 2.2 F-S
2019-05-01 13:50:39,270       XYZLUT+MTX.Rec709.B0.0,2.4Gawn65.icm"
2019-05-01 13:50:39,270 
2019-05-01 13:50:39,719 DisplayCAL: Waiting for EOF
2019-05-01 13:50:39,721 Got options
2019-05-01 13:50:39,723 Configured options
2019-05-01 13:50:39,723 Loading input A2B table
2019-05-01 13:50:39,723 Loading output inverse A2B table
2019-05-01 13:50:39,723 Gamut mapping mode is 'Mapping inverse A2B'
2019-05-01 13:50:39,723 Gamut mapping intent is 'aw - Absolute Colorimetric (in Jab) with scaling to fit white point'
2019-05-01 13:50:39,724 
2019-05-01 13:50:39,724 Rev cache RAM = 1610 Mbytes
2019-05-01 13:50:39,726 
2019-05-01 13:50:39,726 Looks like an XYZ space
2019-05-01 13:50:39,726 
2019-05-01 13:50:39,726 Initializing nnrev arrays...
2019-05-01 13:50:39,726 
2019-05-01 13:50:39,726 There is 1 rev cache instance with 1610 Mbytes limit
2019-05-01 13:50:49,654 
2019-05-01 13:50:49,654 nnrev initialization done
2019-05-01 13:50:49,717 
2019-05-01 13:50:49,717 Initializing nnrev arrays...
2019-05-01 13:50:49,719 
2019-05-01 13:50:49,719 There are 2 rev cache instances with 805 Mbytes limit
2019-05-01 13:51:02,413 
2019-05-01 13:51:02,414 nnrev initialization done
2019-05-01 13:51:02,418 Set XYZ scale factor to 0.987639
2019-05-01 13:51:02,434 Output black PCS = 8.329096 -0.431615 -0.405601
2019-05-01 13:51:02,434 Output black PCS pre lumscale = 8.335071 -0.433711 -0.416285
2019-05-01 13:51:02,434 Gamma curve target out black rel XYZ = 0.000986 0.001020 0.000856, Lab 0.921146 0.009500 -0.028208
2019-05-01 13:51:02,436 Proportion of black output offset = 0.000000 (BT.1886)
2019-05-01 13:51:02,436 Gamma Y input offset = 0.060102
2019-05-01 13:51:02,440 Gamma Y power = 2.400000
2019-05-01 13:51:02,440 Gamma Y output scale = 0.869292
2019-05-01 13:51:02,440 Gamma Y output offset = 0.000000
2019-05-01 13:51:02,441 bt1886 check input black point rel. XYZ 0.000986 0.001020 0.000856
2019-05-01 13:51:02,441 BT.1886 overall rendering
2019-05-01 13:51:02,441  In   0.0% -> XYZ in 0.000000 -> bt.1886 0.001020, log/log 0.000, Lab 0.921146 0.009500 -0.028208
2019-05-01 13:51:02,443  In   5.0% -> XYZ in 0.050000 -> bt.1886 0.004360, log/log 1.814, Lab 3.938256 0.002757 -0.008187
2019-05-01 13:51:02,443  In  10.0% -> XYZ in 0.100000 -> bt.1886 0.010708, log/log 1.970, Lab 9.568024 0.000246 -0.000731
2019-05-01 13:51:02,443  In  15.0% -> XYZ in 0.150000 -> bt.1886 0.020559, log/log 2.048, Lab 15.777809 0.000014 -0.000042
2019-05-01 13:51:02,444  In  20.0% -> XYZ in 0.200000 -> bt.1886 0.034317, log/log 2.095, Lab 21.695956 0.000001 -0.000002
2019-05-01 13:51:02,444  In  25.0% -> XYZ in 0.250000 -> bt.1886 0.052333, log/log 2.128, Lab 27.389383 0.000000 -0.000000
2019-05-01 13:51:02,444  In  30.0% -> XYZ in 0.300000 -> bt.1886 0.074918, log/log 2.152, Lab 32.901284 0.000000 -0.000000
2019-05-01 13:51:02,444  In  35.0% -> XYZ in 0.350000 -> bt.1886 0.102354, log/log 2.171, Lab 38.261694 0.000000 -0.000000
2019-05-01 13:51:02,444  In  40.0% -> XYZ in 0.400000 -> bt.1886 0.134901, log/log 2.186, Lab 43.492626 0.000000 -0.000000
2019-05-01 13:51:02,448  In  45.0% -> XYZ in 0.450000 -> bt.1886 0.172799, log/log 2.199, Lab 48.610852 0.000000 -0.000000
2019-05-01 13:51:02,450  In  50.0% -> XYZ in 0.500000 -> bt.1886 0.216275, log/log 2.209, Lab 53.629544 0.000000 0.000000
2019-05-01 13:51:02,450  In  55.0% -> XYZ in 0.550000 -> bt.1886 0.265541, log/log 2.218, Lab 58.559298 0.000000 0.000000
2019-05-01 13:51:02,450  In  60.0% -> XYZ in 0.600000 -> bt.1886 0.320798, log/log 2.226, Lab 63.408811 0.000000 0.000000
2019-05-01 13:51:02,450  In  65.0% -> XYZ in 0.650000 -> bt.1886 0.382239, log/log 2.232, Lab 68.185335 0.000000 0.000000
2019-05-01 13:51:02,450  In  70.0% -> XYZ in 0.700000 -> bt.1886 0.450047, log/log 2.238, Lab 72.895005 0.000000 0.000000
2019-05-01 13:51:02,450  In  75.0% -> XYZ in 0.750000 -> bt.1886 0.524398, log/log 2.244, Lab 77.543071 0.000000 0.000000
2019-05-01 13:51:02,450  In  80.0% -> XYZ in 0.800000 -> bt.1886 0.605460, log/log 2.249, Lab 82.134074 0.000000 0.000000
2019-05-01 13:51:02,451  In  85.0% -> XYZ in 0.850000 -> bt.1886 0.693397, log/log 2.253, Lab 86.671975 0.000000 0.000000
2019-05-01 13:51:02,451  In  90.0% -> XYZ in 0.900000 -> bt.1886 0.788365, log/log 2.257, Lab 91.160261 0.000000 0.000000
2019-05-01 13:51:02,451  In  95.0% -> XYZ in 0.950000 -> bt.1886 0.890517, log/log 2.261, Lab 95.602019 0.000000 0.000000
2019-05-01 13:51:02,451  In 100.0% -> XYZ in 1.000000 -> bt.1886 1.000000, log/log 0.000, Lab 100.000000 0.000000 0.000000
2019-05-01 13:51:02,453 Creating link profile
2019-05-01 13:51:02,453 Filling in Lut table
2019-05-01 13:51:02,453  0%
2019-05-01 13:51:02,640  0%
2019-05-01 13:51:02,961  1%
2019-05-01 13:51:03,256  2%
2019-05-01 13:51:03,595  3%
2019-05-01 13:51:03,940  4%
2019-05-01 13:51:04,361  5%
2019-05-01 13:51:04,974  6%
2019-05-01 13:51:05,250  7%
2019-05-01 13:51:05,484  8%
2019-05-01 13:51:05,783  9%
2019-05-01 13:51:06,039 10%
2019-05-01 13:51:06,289 11%
2019-05-01 13:51:06,503 12%
2019-05-01 13:51:06,724 13%
2019-05-01 13:51:06,948 14%
2019-05-01 13:51:07,174 15%
2019-05-01 13:51:07,390 16%
2019-05-01 13:51:07,647 17%
2019-05-01 13:51:08,023 18%
2019-05-01 13:51:08,221 19%
2019-05-01 13:51:08,421 20%
2019-05-01 13:51:08,619 21%
2019-05-01 13:51:08,926 22%
2019-05-01 13:51:09,131 23%
2019-05-01 13:51:09,694 24%
2019-05-01 13:51:09,976 25%
2019-05-01 13:51:10,177 26%
2019-05-01 13:51:10,381 27%
2019-05-01 13:51:10,594 28%
2019-05-01 13:51:10,961 29%
2019-05-01 13:51:11,517 30%
2019-05-01 13:51:11,783 31%
2019-05-01 13:51:12,016 32%
2019-05-01 13:51:12,233 33%
2019-05-01 13:51:12,467 34%
2019-05-01 13:51:12,881 35%
2019-05-01 13:51:13,706 36%
2019-05-01 13:51:13,967 37%
2019-05-01 13:51:14,177 38%
2019-05-01 13:51:14,397 39%
2019-05-01 13:51:14,621 40%
2019-05-01 13:51:15,086 41%
2019-05-01 13:51:15,875 42%
2019-05-01 13:51:16,315 43%
2019-05-01 13:51:16,671 44%
2019-05-01 13:51:17,137 45%
2019-05-01 13:51:17,674 46%
2019-05-01 13:51:18,374 47%
2019-05-01 13:51:18,890 48%
2019-05-01 13:51:19,234 49%
2019-05-01 13:51:19,562 50%
2019-05-01 13:51:19,963 51%
2019-05-01 13:51:20,210 52%
2019-05-01 13:51:20,426 53%
2019-05-01 13:51:20,631 54%
2019-05-01 13:51:20,854 55%
2019-05-01 13:51:21,094 56%
2019-05-01 13:51:21,313 57%
2019-05-01 13:51:21,522 58%
2019-05-01 13:51:21,717 59%
2019-05-01 13:51:21,915 60%
2019-05-01 13:51:22,131 61%
2019-05-01 13:51:22,359 62%
2019-05-01 13:51:22,605 63%
2019-05-01 13:51:22,848 64%
2019-05-01 13:51:23,071 65%
2019-05-01 13:51:23,276 66%
2019-05-01 13:51:23,502 67%
2019-05-01 13:51:23,736 68%
2019-05-01 13:51:23,950 69%
2019-05-01 13:51:24,158 70%
2019-05-01 13:51:24,349 71%
2019-05-01 13:51:24,627 72%
2019-05-01 13:51:24,875 73%
2019-05-01 13:51:25,099 74%
2019-05-01 13:51:25,322 75%
2019-05-01 13:51:25,532 76%
2019-05-01 13:51:25,719 77%
2019-05-01 13:51:25,924 78%
2019-05-01 13:51:26,145 79%
2019-05-01 13:51:26,388 80%
2019-05-01 13:51:26,667 81%
2019-05-01 13:51:27,063 82%
2019-05-01 13:51:27,374 83%
2019-05-01 13:51:27,740 84%
2019-05-01 13:51:28,206 85%
2019-05-01 13:51:28,520 86%
2019-05-01 13:51:28,821 87%
2019-05-01 13:51:29,065 88%
2019-05-01 13:51:29,259 89%
2019-05-01 13:51:29,460 90%
2019-05-01 13:51:29,684 91%
2019-05-01 13:51:29,940 92%
2019-05-01 13:51:30,246 93%
2019-05-01 13:51:30,753 94%
2019-05-01 13:51:31,161 95%
2019-05-01 13:51:31,930 96%
2019-05-01 13:51:32,312 97%
2019-05-01 13:51:32,894 98%
2019-05-01 13:51:33,684 99%
2019-05-01 13:51:34,111 100%
2019-05-01 13:51:34,114 Writing ICC file 'U2719D #1 2019-05-01 13-38 D6500 2.2 F-S XYZLUT+MTX.Rec709.B0.0,2.4Gawn65.icm'
2019-05-01 13:51:34,124 Writing .cube 3dLut 'U2719D #1 2019-05-01 13-38 D6500 2.2 F-S XYZLUT+MTX.Rec709.B0.0,2.4Gawn65.cube'
2019-05-01 13:51:34,635 
2019-05-01 13:51:34,635 There is 1 rev cache instance with 1610 Mbytes limit
2019-05-01 13:51:34,836 DisplayCAL: Reached EOF (OK)
2019-05-01 13:51:34,838 Finished creating 3D LUT in 55.5759999752 seconds
