2019-04-28 00:19:37,148 --------------------------------------------------------------------------------
2019-04-28 00:19:38,025 'Setting up the instrument\n'
2019-04-28 00:19:39,118 'Product Name:      i1Display3\nSerial Number:     I1-17.B-02.285149.10\nFirmware Version:  v2.28\nFirmware Date:     29Jan14\n'
2019-04-28 00:19:39,141 "Created web server at 'http://169.254.230.50:8080/', now waiting for browser to connect\n"
2019-04-28 00:20:08,799 'Place instrument on test window.\nHit Esc or Q to give up, any other key to continue:'
2019-04-28 00:20:19,799 '\n'
2019-04-28 00:20:19,812 "dispcal: Warning - Unable to access to VideoLUTs so can't be sure colors are native\nDisplay type is 'r'\nTarget white = 6500.000000 degrees kelvin Daylight spectrum\nTarget white brightness = native brightness\nTarget black brightness = native brightness\nBlack point device hack is enabled\nTarget advertised gamma = 2.200000\n\nDisplay adjustment menu:\nPress 1 .. 7\n1) Black level (CRT: Offset/Brightness)\n2) White point (Color temperature, R,G,B, Gain/Contrast)\n3) White level (CRT: Gain/Contrast, LCD: Brightness/Backlight)\n4) Black point (R,G,B, Offset/Brightness)\n5) Check all\n"
2019-04-28 00:20:19,857 '6) Measure and set ambient for viewing condition adjustment\n7) Continue on to calibration\n8) Exit\n'
2019-04-28 00:20:21,061 'Doing some initial measurements\n'
2019-04-28 00:20:23,815 'Measured display update delay of 17 msec, using delay of 122 msec & 0 msec inst reaction\n'
2019-04-28 00:20:28,319 'No distict refresh period\n'
2019-04-28 00:20:35,759 'Red   = XYZ 56.732 29.790  0.000\nGreen = XYZ 55.029 102.935 12.638\n'
2019-04-28 00:20:35,766 'Blue  = XYZ 23.710  9.294 120.820\n'
2019-04-28 00:20:36,506 'White = XYZ 135.135 142.509 134.696\n\nAdjust R,G & B gain to get target x,y. Press space when done.\n   Target Br 142.51, x 0.3128 , y 0.3292\n'
2019-04-28 00:20:37,186 '/ Current Br 142.51, x 0.3277-, y 0.3456-  DE  7.6  R-- G-  B+'
2019-04-28 00:20:37,760 '\r\\ Current Br 142.53, x 0.3277-, y 0.3457-  DE  7.6  R-  G-  B++'
2019-04-28 00:20:38,441 '\r/ Current Br 142.51, x 0.3277-, y 0.3456-  DE  7.6  R-- G-  B+'
2019-04-28 00:20:39,173 '\r\\ Current Br 142.47, x 0.3278-, y 0.3457-  DE  7.6  R-- G-  B+'
2019-04-28 00:20:39,799 '\r/ Current Br 142.47, x 0.3277-, y 0.3456-  DE  7.6  R-- G-  B+'
2019-04-28 00:20:40,479 '\r\\ Current Br 93.64, x 0.3019+, y 0.3278+  DE  6.9  R++ G-  B+'
2019-04-28 00:20:40,503 '\r\\ Current Br 93.64, x 0.3019+, y 0.3278+  DE  6.9  R++ G-  B+'
2019-04-28 00:20:41,058 '\r/ Current Br 69.59, x 0.2635+, y 0.3013+  DE 17.2  R++ G+  B-'
2019-04-28 00:20:41,632 '\r\\ Current Br 69.74, x 0.2595+, y 0.2948+  DE 17.7  R++ G+  B-'
2019-04-28 00:20:53,078 '\r/ Current Br 137.19, x 0.3027+, y 0.3236+  DE  5.0  R++ G+  B-'
2019-04-28 00:20:53,706 '\r\\ Current Br 135.17, x 0.3024+, y 0.3236+  DE  5.2  R++ G+  B-'
2019-04-28 00:20:54,282 '\r/ Current Br 133.42, x 0.3021+, y 0.3235+  DE  5.3  R++ G+  B-'
2019-04-28 00:20:54,861 '\r\\ Current Br 132.33, x 0.3021+, y 0.3235+  DE  5.3  R++ G+  B-'
2019-04-28 00:20:55,440 '\r/ Current Br 132.35, x 0.3020+, y 0.3234+  DE  5.4  R++ G+  B-'
2019-04-28 00:20:56,124 '\r\\ Current Br 130.20, x 0.3020+, y 0.3235+  DE  5.3  R++ G+  B-'
2019-04-28 00:20:56,696 '\r/ Current Br 101.76, x 0.3011+, y 0.3228+  DE  5.7  R++ G+  B-'
2019-04-28 00:20:57,322 '\r\\ Current Br 110.66, x 0.3009+, y 0.3228+  DE  5.8  R++ G+  B-'
2019-04-28 00:20:58,000 '\r/ Current Br 121.27, x 0.3009+, y 0.3228+  DE  5.8  R++ G+  B-'
2019-04-28 00:20:58,681 '\r\\ Current Br 152.24, x 0.3008+, y 0.3227+  DE  5.8  R++ G+  B-'
2019-04-28 00:20:59,260 '\r/ Current Br 155.26, x 0.3009+, y 0.3226+  DE  5.8  R++ G+  B-'
2019-04-28 00:20:59,940 '\r\\ Current Br 144.53, x 0.3010+, y 0.3226+  DE  5.7  R++ G+  B-'
2019-04-28 00:21:00,568 '\r/ Current Br 143.52, x 0.3010+, y 0.3223+  DE  5.7  R++ G+  B-'
2019-04-28 00:21:01,243 '\r\\ Current Br 143.56, x 0.3010+, y 0.3225+  DE  5.7  R++ G+  B-'
2019-04-28 00:21:01,871 '\r/ Current Br 143.54, x 0.3009+, y 0.3224+  DE  5.7  R++ G+  B-'
2019-04-28 00:21:02,447 '\r\\ Current Br 143.52, x 0.3010+, y 0.3223+  DE  5.7  R++ G+  B-'
2019-04-28 00:21:03,079 '\r/ Current Br 143.58, x 0.3009+, y 0.3224+  DE  5.7  R++ G+  B-'
2019-04-28 00:21:03,308 '\n'
2019-04-28 00:21:03,313 '\nPress 1 .. 7\n1) Black level (CRT: Offset/Brightness)\n2) White point (Color temperature, R,G,B, Gain/Contrast)\n3) White level (CRT: Gain/Contrast, LCD: Brightness/Backlight)\n4) Black point (R,G,B, Offset/Brightness)\n5) Check all\n6) Measure and set ambient for viewing condition adjustment\n7) Continue on to calibration\n8) Exit\n'
2019-04-28 00:21:05,663 'Exiting\nThe instrument can be removed from the screen.\n'
2019-04-28 00:21:58,505 --------------------------------------------------------------------------------
2019-04-28 00:21:59,311 'Setting up the instrument\n'
2019-04-28 00:22:00,365 'Product Name:      i1Display3\nSerial Number:     I1-17.B-02.285149.10\nFirmware Version:  v2.28\nFirmware Date:     29Jan14\n'
2019-04-28 00:22:00,388 "Created web server at 'http://169.254.230.50:8080/', now waiting for browser to connect\n"
2019-04-28 00:22:04,591 'Place instrument on test window.\nHit Esc or Q to give up, any other key to continue:'
2019-04-28 00:22:06,421 "\ndispcal: Warning - Unable to access to VideoLUTs so can't be sure colors are native\nDisplay type is 'r'\n"
2019-04-28 00:22:06,434 'Target white = 6500.000000 degrees kelvin Daylight spectrum\nTarget white brightness = native brightness\nTarget black brightness = native brightness\nBlack point device hack is enabled\nTarget advertised gamma = 2.200000\n\nDisplay adjustment menu:\nPress 1 .. 7\n1) Black level (CRT: Offset/Brightness)\n2) White point (Color temperature, R,G,B, Gain/Contrast)\n3) White level (CRT: Gain/Contrast, LCD: Brightness/Backlight)\n4) Black point (R,G,B, Offset/Brightness)\n5) Check all\n6) Measure and set ambient for viewing condition adjustment\n7) Continue on to calibration\n8) Exit\n'
2019-04-28 00:22:08,746 'Doing some initial measurements\n'
2019-04-28 00:22:11,456 'Measured display update delay of 4 msec, using delay of 105 msec & 0 msec inst reaction\n'
2019-04-28 00:22:15,986 'No distict refresh period\n'
2019-04-28 00:22:21,323 'Red   = XYZ 70.860 37.686  1.452\nGreen = XYZ 67.690 134.933 23.373\nBlue  = XYZ 37.032 14.364 191.561\n'
2019-04-28 00:22:22,000 'White = XYZ 174.630 187.082 217.131\n\nAdjust R,G & B gain to get target x,y. Press space when done.\n   Target Br 187.08, x 0.3128 , y 0.3292\n'
2019-04-28 00:22:22,664 '/ Current Br 187.06, x 0.3018+, y 0.3232+  DE  5.4  R++ G+  B-'
2019-04-28 00:22:23,273 '\r\\ Current Br 187.06, x 0.3018+, y 0.3232+  DE  5.4  R++ G+  B-'
2019-04-28 00:22:23,832 '\r/ Current Br 187.02, x 0.3018+, y 0.3232+  DE  5.4  R++ G+  B-'
2019-04-28 00:22:24,496 '\r\\ Current Br 187.10, x 0.3018+, y 0.3233+  DE  5.4  R++ G+  B-'
2019-04-28 00:22:25,105 '\r/ Current Br 187.10, x 0.3017+, y 0.3232+  DE  5.4  R++ G+  B-'
2019-04-28 00:22:25,315 '\n\nPress 1 .. 7\n1) Black level (CRT: Offset/Brightness)\n2) White point (Color temperature, R,G,B, Gain/Contrast)\n3) White level (CRT: Gain/Contrast, LCD: Brightness/Backlight)\n'
2019-04-28 00:22:25,329 '4) Black point (R,G,B, Offset/Brightness)\n5) Check all\n6) Measure and set ambient for viewing condition adjustment\n7) Continue on to calibration\n8) Exit\n'
2019-04-28 00:22:35,457 'Doing check measurements\n'
2019-04-28 00:22:43,266 'Black = XYZ 0.1078 0.1068 0.1996\nGrey  = XYZ 39.836 42.589 49.720\nWhite = XYZ 174.701 187.117 217.035\n'
2019-04-28 00:22:46,062 '1%    = XYZ  1.867  2.003  2.348\n'
2019-04-28 00:22:46,071 '\n  Current Brightness = 187.12\n'
2019-04-28 00:22:46,105 '  Target 50% Level  = 40.724, Current = 42.589 (Aprox. Gamma 2.14), error =  1.0%\n  Target Near Black = 1.8712, Current = 2.0242, error =  0.1%\n  Target white = x 0.3128, y 0.3292, Current = x 0.3018, y 0.3233, error =  5.41 DE\n  Target black = x 0.3128, y 0.3292, Current = x 0.3003, y 0.3221, error =  6.02 DE\n\nPress 1 .. 7\n1) Black level (CRT: Offset/Brightness)\n2) White point (Color temperature, R,G,B, Gain/Contrast)\n3) White level (CRT: Gain/Contrast, LCD: Brightness/Backlight)\n4) Black point (R,G,B, Offset/Brightness)\n5) Check all\n6) Measure and set ambient for viewing condition adjustment\n7) Continue on to calibration\n'
2019-04-28 00:22:46,130 '8) Exit\n'
2019-04-28 00:22:48,293 'Commencing display calibration\nPatch 1 of 9'
2019-04-28 00:22:54,015 '\rPatch 2 of 9'
2019-04-28 00:22:55,838 '\rPatch 3 of 9'
2019-04-28 00:22:56,513 '\rPatch 4 of 9'
2019-04-28 00:23:02,940 '\rPatch 5 of 9'
2019-04-28 00:23:03,711 '\rPatch 6 of 9'
2019-04-28 00:23:10,078 '\rPatch 7 of 9'
2019-04-28 00:23:10,799 '\rPatch 8 of 9'
2019-04-28 00:23:11,523 '\rPatch 9 of 9'
2019-04-28 00:23:18,012 '\nBlack = XYZ 0.1080 0.1069 0.1989\nRed   = XYZ 70.971 37.760  1.463\nGreen = XYZ 67.827 135.104 23.470\nBlue  = XYZ 37.057 14.381 191.466\n'
2019-04-28 00:23:18,019 'White = XYZ 174.773 187.193 217.035\nPatch 1 of 48'
2019-04-28 00:23:23,111 '\rPatch 2 of 48'
2019-04-28 00:23:28,210 '\rPatch 3 of 48'
2019-04-28 00:23:33,499 '\rPatch 4 of 48'
2019-04-28 00:23:38,598 '\rPatch 5 of 48'
2019-04-28 00:23:43,716 '\rPatch 6 of 48'
2019-04-28 00:23:55,799 '\rPatch 7 of 48'
2019-04-28 00:24:08,046 '\rPatch 8 of 48'
2019-04-28 00:24:30,063 '\rPatch 9 of 48'
2019-04-28 00:24:59,911 --------------------------------------------------------------------------------
2019-04-28 00:25:00,680 'Setting up the instrument\n'
2019-04-28 00:25:01,698 'Product Name:      i1Display3\nSerial Number:     I1-17.B-02.285149.10\nFirmware Version:  v2.28\nFirmware Date:     29Jan14\n'
2019-04-28 00:25:01,721 "Created web server at 'http://169.254.230.50:8080/', now waiting for browser to connect\n"
2019-04-28 00:25:01,880 'Place instrument on test window.\nHit Esc or Q to give up, any other key to continue:'
2019-04-28 00:25:03,306 '\ndispcal: Warning -'
2019-04-28 00:25:03,319 "Unable to access to VideoLUTs so can't be sure colors are native\nDisplay type is 'r'\nTarget white = 6500.000000 degrees kelvin Daylight spectrum\nTarget white brightness = native brightness\nTarget black brightness = native brightness\nBlack point device hack is enabled\nTarget advertised gamma = 2.200000\n\nDisplay adjustment menu:\nPress 1 .. 7\n1) Black level (CRT: Offset/Brightness)\n2) White point (Color temperature, R,G,B, Gain/Contrast)\n3) White level (CRT: Gain/Contrast, LCD: Brightness/Backlight)\n4) Black point (R,G,B, Offset/Brightness)\n5) Check all\n6) Measure and set ambient for viewing condition adjustment\n7) Continue on to calibration\n8) Exit\n"
2019-04-28 00:25:03,961 'Commencing display calibration\n'
2019-04-28 00:25:51,483 --------------------------------------------------------------------------------
2019-04-28 00:25:52,259 'Setting up the instrument\n'
2019-04-28 00:25:53,288 'Product Name:      i1Display3\nSerial Number:     I1-17.B-02.285149.10\nFirmware Version:  v2.28\nFirmware Date:     29Jan14\n'
2019-04-28 00:25:53,311 "Created web server at 'http://169.254.230.50:8080/', now waiting for browser to connect\n"
2019-04-28 00:25:54,776 'Place instrument on test window.\nHit Esc or Q to give up, any other key to continue:'
2019-04-28 00:25:56,403 "\ndispcal: Warning - Unable to access to VideoLUTs so can't be sure colors are native\nDisplay type is 'r'\n"
2019-04-28 00:25:56,417 'Target white = 6500.000000 degrees kelvin Daylight spectrum\nTarget white brightness = native brightness\nTarget black brightness = native brightness\nBlack point device hack is enabled\nTarget advertised gamma = 2.200000\n\nDisplay adjustment menu:\nPress 1 .. 7\n1) Black level (CRT: Offset/Brightness)\n2) White point (Color temperature, R,G,B, Gain/Contrast)\n3) White level (CRT: Gain/Contrast, LCD: Brightness/Backlight)\n4) Black point (R,G,B, Offset/Brightness)\n5) Check all\n6) Measure and set ambient for viewing condition adjustment\n7) Continue on to calibration\n8) Exit\n'
2019-04-28 00:25:57,309 'Doing some initial measurements\n'
2019-04-28 00:27:10,484 --------------------------------------------------------------------------------
2019-04-28 00:27:11,266 'Setting up the instrument\n'
2019-04-28 00:27:12,289 'Product Name:      i1Display3\nSerial Number:     I1-17.B-02.285149.10\nFirmware Version:  v2.28\nFirmware Date:     29Jan14\n'
2019-04-28 00:27:12,311 "Created web server at 'http://169.254.230.50:8080/', now waiting for browser to connect\n"
2019-04-28 00:27:15,247 'Place instrument on test window.\nHit Esc or Q to give up, any other key to continue:'
2019-04-28 00:27:17,690 "\ndispcal: Warning - Unable to access to VideoLUTs so can't be sure colors are native\n"
2019-04-28 00:27:17,700 "Display type is 'r'\nTarget white = 6500.000000 degrees kelvin Daylight spectrum\nTarget white brightness = native brightness\nTarget black brightness = native brightness\nBlack point device hack is enabled\nTarget advertised gamma = 2.200000\n\nDisplay adjustment menu:\nPress 1 .. 7\n1) Black level (CRT: Offset/Brightness)\n2) White point (Color temperature, R,G,B, Gain/Contrast)\n3) White level (CRT: Gain/Contrast, LCD: Brightness/Backlight)\n4) Black point (R,G,B, Offset/Brightness)\n5) Check all\n6) Measure and set ambient for viewing condition adjustment\n7) Continue on to calibration\n8) Exit\n"
2019-04-28 00:27:18,838 'Doing some initial measurements\n'
2019-04-28 00:27:21,594 'Measured display update delay of 0 msec, using delay of 100 msec & 0 msec inst reaction\n'
2019-04-28 00:27:26,171 'No distict refresh period\n'
2019-04-28 00:27:31,621 'Red   = XYZ 76.885 40.914  1.566\n'
2019-04-28 00:27:31,628 'Green = XYZ 73.376 146.116 25.392\nBlue  = XYZ 40.063 15.550 207.228\n'
2019-04-28 00:27:32,446 'White = XYZ 189.199 202.588 234.837\n\nAdjust R,G & B gain to get target x,y. Press space when done.\n   Target Br 202.59, x 0.3128 , y 0.3292\n'
2019-04-28 00:27:33,155 '/ Current Br 202.63, x 0.3020+, y 0.3234+  DE  5.4  R++ G+  B-'
2019-04-28 00:27:33,759 '\r\\ Current Br 202.61, x 0.3020+, y 0.3233+  DE  5.3  R++ G+  B-'
2019-04-28 00:27:34,365 '\r/ Current Br 202.59, x 0.3020+, y 0.3234+  DE  5.3  R++ G+  B-'
2019-04-28 00:27:34,572 '\n\nPress 1 .. 7\n1) Black level (CRT: Offset/Brightness)\n2) White point (Color temperature, R,G,B, Gain/Contrast)\n3) White level (CRT: Gain/Contrast, LCD: Brightness/Backlight)\n'
2019-04-28 00:27:34,585 '4) Black point (R,G,B, Offset/Brightness)\n5) Check all\n6) Measure and set ambient for viewing condition adjustment\n7) Continue on to calibration\n8) Exit\n'
2019-04-28 00:27:35,509 'Commencing display calibration\nPatch 1 of 9'
2019-04-28 00:27:41,538 '\rPatch 2 of 9'
2019-04-28 00:27:43,338 '\rPatch 3 of 9'
2019-04-28 00:27:44,108 '\rPatch 4 of 9'
2019-04-28 00:27:50,165 '\rPatch 5 of 9'
2019-04-28 00:27:50,982 '\rPatch 6 of 9'
2019-04-28 00:27:57,348 '\rPatch 7 of 9'
2019-04-28 00:27:58,013 '\rPatch 8 of 9'
2019-04-28 00:27:58,733 '\rPatch 9 of 9'
2019-04-28 00:28:04,778 '\n'
2019-04-28 00:28:04,785 'Black = XYZ 0.1164 0.1154 0.2156\nRed   = XYZ 76.868 40.876  1.570\nGreen = XYZ 73.359 146.077 25.391\nBlue  = XYZ 40.043 15.550 207.133\nWhite = XYZ 189.171 202.549 234.789\nPatch 1 of 48'
2019-04-28 00:28:09,959 '\rPatch 2 of 48'
2019-04-28 00:28:14,957 '\rPatch 3 of 48'
2019-04-28 00:28:19,960 '\rPatch 4 of 48'
2019-04-28 00:28:25,023 '\rPatch 5 of 48'
2019-04-28 00:28:30,230 '\rPatch 6 of 48'
2019-04-28 00:28:35,513 '\rPatch 7 of 48'
2019-04-28 00:28:40,497 '\rPatch 8 of 48'
2019-04-28 00:28:45,115 '\rPatch 9 of 48'
2019-04-28 00:28:50,522 '\rPatch 10 of 48'
2019-04-28 00:28:55,783 '\rPatch 11 of 48'
2019-04-28 00:29:00,069 '\rPatch 12 of 48'
2019-04-28 00:29:02,773 '\rPatch 13 of 48'
2019-04-28 00:29:08,124 '\rPatch 14 of 48'
2019-04-28 00:29:12,895 '\rPatch 15 of 48'
2019-04-28 00:29:17,000 '\rPatch 16 of 48'
2019-04-28 00:29:18,803 '\rPatch 17 of 48'
2019-04-28 00:29:24,183 '\rPatch 18 of 48'
2019-04-28 00:29:28,065 '\rPatch 19 of 48'
2019-04-28 00:29:31,516 '\rPatch 20 of 48'
2019-04-28 00:29:32,835 '\rPatch 21 of 48'
2019-04-28 00:29:38,361 '\rPatch 22 of 48'
2019-04-28 00:29:41,355 '\rPatch 23 of 48'
2019-04-28 00:29:44,410 '\rPatch 24 of 48'
2019-04-28 00:29:45,542 '\rPatch 25 of 48'
2019-04-28 00:29:50,473 '\rPatch 26 of 48'
2019-04-28 00:29:52,898 '\rPatch 27 of 48'
2019-04-28 00:29:55,444 '\rPatch 28 of 48'
2019-04-28 00:29:56,198 '\rPatch 29 of 48'
2019-04-28 00:30:00,609 '\rPatch 30 of 48'
2019-04-28 00:30:02,812 '\rPatch 31 of 48'
2019-04-28 00:30:05,157 '\rPatch 32 of 48'
2019-04-28 00:30:05,918 '\rPatch 33 of 48'
2019-04-28 00:30:09,638 '\rPatch 34 of 48'
2019-04-28 00:30:11,717 '\rPatch 35 of 48'
2019-04-28 00:30:13,869 '\rPatch 36 of 48'
2019-04-28 00:30:14,634 '\rPatch 37 of 48'
2019-04-28 00:30:17,846 '\rPatch 38 of 48'
2019-04-28 00:30:19,798 '\rPatch 39 of 48'
2019-04-28 00:30:21,815 '\rPatch 40 of 48'
2019-04-28 00:30:22,637 '\rPatch 41 of 48'
2019-04-28 00:30:25,619 '\rPatch 42 of 48'
2019-04-28 00:30:27,381 '\rPatch 43 of 48'
2019-04-28 00:30:29,315 '\rPatch 44 of 48'
2019-04-28 00:30:30,091 '\rPatch 45 of 48'
2019-04-28 00:30:32,573 '\rPatch 46 of 48'
2019-04-28 00:30:33,907 '\rPatch 47 of 48'
2019-04-28 00:30:35,401 '\rPatch 48 of 48'
2019-04-28 00:30:36,122 '\n'
2019-04-28 00:30:36,243 '\nInitial native brightness target = 202.549127 cd/m^2\nHad to scale brightness from 202.549127 to 184.208452 to fit within gamut,\ncorresponding to aprox. RGB 1.000000 0.935050 0.909761\n'
2019-04-28 00:30:36,253 'Target white value is XYZ 175.029663 184.208452 200.331589 [xy 0.312793 0.329197]\nAdjusted target black XYZ 0.1164 0.1154 0.2156, Lab 0.566 0.150 -0.700\nTarget black after min adjust: XYZ 0.1164 0.1154 0.2156, Lab 0.566 0.150 -0.700\nGamma curve input offset = 0.000000, output offset = 0.000627, power = 2.203255\nTotal Iteration 2, Final Samples = 32 Final Repeat threshold = 0.900000\nCreating initial calibration curves...\n'
2019-04-28 00:30:36,361 '\nDoing iteration 1/2 with 16 sample points and repeat threshold of 1.272792 DE\nPatch 1 of 16'
2019-04-28 00:30:37,532 ' DE 1.749205, W.DE 1.749205, Repeat\n'
2019-04-28 00:30:37,539 'Patch 1 of 16'
2019-04-28 00:30:38,247 ' DE 0.524044, W.DE 0.524044, OK ( < 1.272792)\n'
2019-04-28 00:30:38,253 'Patch 2 of 16'
2019-04-28 00:30:39,500 ' DE 2.295439, W.DE 2.295439, Repeat\nPatch 2 of 16'
2019-04-28 00:30:40,173 ' DE 0.497035, W.DE 0.497035, OK ( < 1.272792)\nPatch 3 of 16'
2019-04-28 00:30:41,421 ' DE 2.366209, W.DE 2.366209, Repeat\nPatch 3 of 16'
2019-04-28 00:30:42,138 ' DE 0.412804, W.DE 0.412804, OK ( < 1.272792)\nPatch 4 of 16'
2019-04-28 00:30:43,375 ' DE 2.129582, W.DE 2.129582, Repeat\nPatch 4 of 16'
2019-04-28 00:30:44,118 ' DE 0.436664, W.DE 0.436664, OK ( < 1.272792)\n'
2019-04-28 00:30:44,125 'Patch 5 of 16'
2019-04-28 00:30:45,305 ' DE 2.703395, W.DE 2.703395, Repeat\nPatch 5 of 16'
2019-04-28 00:30:46,263 ' DE 0.263287, W.DE 0.263287, OK ( < 1.272792)\n'
2019-04-28 00:30:46,266 'Patch 6 of 16'
2019-04-28 00:30:47,450 ' DE 2.083735, W.DE 2.083735, Repeat\nPatch 6 of 16'
2019-04-28 00:30:48,164 ' DE 0.318221, W.DE 0.318221, OK ( < 1.272792)\nPatch 7 of 16'
2019-04-28 00:30:49,403 ' DE 2.234245, W.DE 2.234245, Repeat\n'
2019-04-28 00:30:49,407 'Patch 7 of 16'
2019-04-28 00:30:50,119 ' DE 0.198473, W.DE 0.198473, OK ( < 1.272792)\n'
2019-04-28 00:30:50,125 'Patch 8 of 16'
2019-04-28 00:30:51,359 ' DE 1.762969, W.DE 1.762969, Repeat\nPatch 8 of 16'
2019-04-28 00:30:52,072 ' DE 0.581974, W.DE 0.581974, OK ( < 1.272792)\nPatch 9 of 16'
2019-04-28 00:30:53,783 ' DE 1.769732, W.DE 1.769732, Repeat\nPatch 9 of 16'
2019-04-28 00:30:54,967 ' DE 0.318018, W.DE 0.318018, OK ( < 1.272792)\n'
2019-04-28 00:30:54,973 'Patch 10 of 16'
2019-04-28 00:30:56,759 ' DE 0.480842, W.DE 0.480842, OK ( < 1.272792)\nPatch 11 of 16'
2019-04-28 00:30:58,851 ' DE 1.390992, W.DE 1.390992, Repeat\nPatch 11 of 16'
2019-04-28 00:31:00,345 ' DE 0.445892, W.DE 0.445892, OK ( < 1.272792)\nPatch 12 of 16'
2019-04-28 00:31:03,214 ' DE 2.845398, W.DE 2.845398, Repeat\nPatch 12 of 16'
2019-04-28 00:31:05,180 ' DE 0.497729, W.DE 0.497729, OK ( < 1.272792)\nPatch 13 of 16'
2019-04-28 00:31:09,180 ' DE 1.757088, W.DE 1.757088, Repeat\n'
2019-04-28 00:31:09,187 'Patch 13 of 16'
2019-04-28 00:31:12,095 ' DE 0.795561, W.DE 0.795561, OK ( < 1.180124)\nPatch 14 of 16'
2019-04-28 00:31:17,091 ' DE 0.550414, W.DE 0.550414, Repeat\nPatch 14 of 16'
2019-04-28 00:31:21,428 ' DE 0.378373, W.DE 0.378373, Repeat\nPatch 14 of 16'
2019-04-28 00:31:25,365 ' DE 0.187911, W.DE 0.187911, OK ( < 0.340899)\nPatch 15 of 16'
2019-04-28 00:31:30,424 ' DE 0.066279, W.DE 12.660667, Repeat\nPatch 15 of 16'
2019-04-28 00:31:35,420 ' DE 0.038848, W.DE 1.110056, Repeat\nPatch 15 of 16'
2019-04-28 00:31:54,558 ' DE 0.051251, W.DE 1.092239, Repeat\nPatch 15 of 16'
2019-04-28 00:31:59,940 ' DE 0.050574, W.DE 1.034985, Repeat\nPatch 15 of 16'
2019-04-28 00:32:04,678 ' DE 0.039689, W.DE 1.029323, Repeat\n'
2019-04-28 00:32:04,686 'Patch 15 of 16'
2019-04-28 00:32:09,641 ' DE 0.037382, W.DE 0.991428, Repeat\nPatch 15 of 16'
2019-04-28 00:32:14,440 ' DE 0.065035, W.DE 12.353947, Repeat (got worse)\nPatch 15 of 16'
2019-04-28 00:32:19,141 ' DE 0.064925, W.DE 12.355949, Repeat (got worse)\nPatch 15 of 16'
2019-04-28 00:32:23,841 ' DE 0.064852, W.DE 12.343377, Repeat (got worse)\nPatch 15 of 16'
2019-04-28 00:32:28,528 ' DE 0.037382, W.DE 0.991428, Fail ( > 0.050000)\nPatch 16 of 16'
2019-04-28 00:32:33,282 ' DE 0.064924, W.DE 64.924311, Repeat\nPatch 16 of 16'
2019-04-28 00:32:52,436 ' DE 0.064924, W.DE 64.924311, Repeat\nPatch 16 of 16'
2019-04-28 00:32:57,571 ' DE 0.065183, W.DE 65.183198, Repeat (got worse)\nPatch 16 of 16'
2019-04-28 00:33:02,414 ' DE 0.066276, W.DE 66.276399, Repeat (got worse)\nPatch 16 of 16'
2019-04-28 00:33:07,496 ' DE 0.057416, W.DE 57.415505, Repeat\nPatch 16 of 16'
2019-04-28 00:33:12,793 ' DE 0.027951, W.DE 27.950914, Repeat\nPatch 16 of 16'
2019-04-28 00:33:17,536 ' DE 0.027597, W.DE 27.596831, Repeat\nPatch 16 of 16'
2019-04-28 00:33:22,278 ' DE 0.027550, W.DE 27.550142, Repeat\nPatch 16 of 16'
2019-04-28 00:33:27,282 ' DE 0.028218, W.DE 28.217602, Repeat (got worse)\nPatch 16 of 16'
2019-04-28 00:33:32,081 ' DE 0.027527, W.DE 27.527201, Fail ( > 0.050000)\n\nBrightness error = 1.428146 cd/m^2 (is 185.636598, should be 184.208452)\n'
2019-04-28 00:33:32,088 'White point error = 0.429263 deltaE\nMaximum neutral error (@ 0.076146) = 0.795645 deltaE\nAverage neutral error = 0.376009 deltaE\nFailed to meet target 1.272792 delta E, got worst case 27.527201\nNumber of measurements taken = 54\nComputing update to calibration curves...\n'
2019-04-28 00:33:32,171 '\nDoing iteration 2/2 with 32 sample points and repeat threshold of 0.900000 DE\nPatch 1 of 32'
2019-04-28 00:33:32,891 ' DE 0.563111, W.DE 0.563111, W.peqDE 0.563111, OK ( < 0.900000)\nPatch 2 of 32'
2019-04-28 00:33:33,983 ' DE 0.459772, W.DE 0.459772, W.peqDE 0.194265, OK ( < 0.900000)\nPatch 3 of 32'
2019-04-28 00:33:35,078 ' DE 0.337505, W.DE 0.337505, W.peqDE 0.363241, OK ( < 0.900000)\n'
2019-04-28 00:33:35,084 'Patch 4 of 32'
2019-04-28 00:33:36,220 ' DE 0.543300, W.DE 0.543300, W.peqDE 0.242704, OK ( < 0.900000)\nPatch 5 of 32'
2019-04-28 00:33:37,358 ' DE 0.232570, W.DE 0.232570, W.peqDE 0.491037, OK ( < 0.900000)\nPatch 6 of 32'
2019-04-28 00:33:38,447 ' DE 0.645379, W.DE 0.645379, W.peqDE 0.712677, OK ( < 0.900000)\n'
2019-04-28 00:33:38,453 'Patch 7 of 32'
2019-04-28 00:33:39,582 ' DE 0.529968, W.DE 0.529968, W.peqDE 0.476104, OK ( < 0.900000)\n'
2019-04-28 00:33:39,591 'Patch 8 of 32'
2019-04-28 00:33:40,720 ' DE 0.487104, W.DE 0.487104, W.peqDE 0.431720, OK ( < 0.900000)\nPatch 9 of 32'
2019-04-28 00:33:41,854 ' DE 0.606326, W.DE 0.606326, W.peqDE 0.629104, OK ( < 0.900000)\n'
2019-04-28 00:33:41,858 'Patch 10 of 32'
2019-04-28 00:33:42,937 ' DE 0.568451, W.DE 0.568451, W.peqDE 0.344016, OK ( < 0.900000)\nPatch 11 of 32'
2019-04-28 00:33:44,122 ' DE 0.563174, W.DE 0.563174, W.peqDE 0.664995, OK ( < 0.900000)\nPatch 12 of 32'
2019-04-28 00:33:45,207 ' DE 0.519369, W.DE 0.519369, W.peqDE 0.460817, OK ( < 0.900000)\nPatch 13 of 32'
2019-04-28 00:33:46,342 ' DE 0.276291, W.DE 0.276291, W.peqDE 0.382907, OK ( < 0.900000)\nPatch 14 of 32'
2019-04-28 00:33:47,480 ' DE 0.650449, W.DE 0.650449, W.peqDE 0.530271, OK ( < 0.900000)\n'
2019-04-28 00:33:47,484 'Patch 15 of 32'
2019-04-28 00:33:48,618 ' DE 0.479524, W.DE 0.479524, W.peqDE 0.454366, OK ( < 0.900000)\n'
2019-04-28 00:33:48,625 'Patch 16 of 32'
2019-04-28 00:33:49,706 ' DE 0.712139, W.DE 0.712139, W.peqDE 0.880877, OK ( < 0.900000)\nPatch 17 of 32'
2019-04-28 00:33:51,273 ' DE 0.946037, W.DE 0.946037, peqDE 0.876162, Repeat\n'
2019-04-28 00:33:51,278 'Patch 17 of 32'
2019-04-28 00:33:56,095 ' DE 0.807559, W.DE 0.807559, peqDE 1.312717, Repeat\nPatch 17 of 32'
2019-04-28 00:33:57,670 ' DE 1.007114, W.DE 1.007114, peqDE 0.857209, Repeat (got worse)\nPatch 17 of 32'
2019-04-28 00:33:58,868 ' DE 0.654352, W.DE 0.654352, peqDE 1.019759, Repeat\nPatch 17 of 32'
2019-04-28 00:34:00,032 ' DE 0.394763, W.DE 0.394763, W.peqDE 0.868291, OK ( < 0.900000)\nPatch 18 of 32'
2019-04-28 00:34:01,760 ' DE 1.454094, W.DE 1.454094, peqDE 1.418311, Repeat\nPatch 18 of 32'
2019-04-28 00:34:03,025 ' DE 0.634675, W.DE 0.634675, peqDE 0.946022, Repeat\nPatch 18 of 32'
2019-04-28 00:34:04,217 ' DE 0.459566, W.DE 0.459566, W.peqDE 0.260335, OK ( < 0.900000)\nPatch 19 of 32'
2019-04-28 00:34:05,940 ' DE 1.983056, W.DE 1.983056, peqDE 2.031398, Repeat\n'
2019-04-28 00:34:05,944 'Patch 19 of 32'
2019-04-28 00:34:07,186 ' DE 0.905002, W.DE 0.905002, peqDE 1.008308, Repeat\nPatch 19 of 32'
2019-04-28 00:34:14,351 ' DE 0.905002, W.DE 0.905002, peqDE 1.008308, Repeat\nPatch 19 of 32'
2019-04-28 00:34:14,979 ' DE 1.382657, W.DE 1.382657, peqDE 1.594733, Repeat (got worse)\nPatch 19 of 32'
2019-04-28 00:34:16,280 ' DE 0.532669, W.DE 0.532669, W.peqDE 0.387000, OK ( < 0.900000)\nPatch 20 of 32'
2019-04-28 00:34:18,134 ' DE 1.528495, W.DE 1.528495, peqDE 1.588976, Repeat\nPatch 20 of 32'
2019-04-28 00:34:19,456 ' DE 0.403129, W.DE 0.403129, W.peqDE 0.703957, OK ( < 0.900000)\nPatch 21 of 32'
2019-04-28 00:34:21,346 ' DE 1.566548, W.DE 1.566548, peqDE 1.718291, Repeat\nPatch 21 of 32'
2019-04-28 00:34:22,773 ' DE 0.473352, W.DE 0.473352, W.peqDE 0.299098, OK ( < 0.900000)\n'
2019-04-28 00:34:22,779 'Patch 22 of 32'
2019-04-28 00:34:24,822 ' DE 1.701920, W.DE 1.701920, peqDE 1.840513, Repeat\nPatch 22 of 32'
2019-04-28 00:34:26,404 ' DE 0.530831, W.DE 0.530831, W.peqDE 0.851856, OK ( < 0.900000)\nPatch 23 of 32'
2019-04-28 00:34:28,733 ' DE 1.811623, W.DE 1.811623, peqDE 1.977626, Repeat\nPatch 23 of 32'
2019-04-28 00:34:30,507 ' DE 0.656856, W.DE 0.656856, peqDE 1.060020, Repeat\nPatch 23 of 32'
2019-04-28 00:34:32,344 ' DE 0.523898, W.DE 0.523898, W.peqDE 0.304238, OK ( < 0.900000)\nPatch 24 of 32'
2019-04-28 00:34:35,046 ' DE 1.864368, W.DE 1.864368, peqDE 1.848459, Repeat\nPatch 24 of 32'
2019-04-28 00:34:37,163 ' DE 0.333765, W.DE 0.333765, W.peqDE 0.726506, OK ( < 0.900000)\nPatch 25 of 32'
2019-04-28 00:34:40,321 ' DE 1.605690, W.DE 1.605690, peqDE 1.527877, Repeat\nPatch 25 of 32'
2019-04-28 00:34:42,772 ' DE 0.595983, W.DE 0.595983, W.peqDE 0.784083, OK ( < 0.900000)\n'
2019-04-28 00:34:42,778 'Patch 26 of 32'
2019-04-28 00:34:46,375 ' DE 1.204364, W.DE 1.204364, peqDE 1.176715, Repeat\nPatch 26 of 32'
2019-04-28 00:34:49,316 ' DE 0.523504, W.DE 0.523504, W.peqDE 0.489387, OK ( < 0.655317)\nPatch 27 of 32'
2019-04-28 00:34:53,515 ' DE 0.753428, W.DE 0.753428, peqDE 0.745180, Repeat\nPatch 27 of 32'
2019-04-28 00:34:57,154 ' DE 0.431773, W.DE 0.431773, peqDE 0.541799, Repeat\nPatch 27 of 32'
2019-04-28 00:35:00,573 ' DE 0.331892, W.DE 0.331892, peqDE 0.480917, Repeat\n'
2019-04-28 00:35:00,581 'Patch 27 of 32'
2019-04-28 00:35:03,917 ' DE 0.149166, W.DE 0.149166, W.peqDE 0.049573, OK ( < 0.396127)\nPatch 28 of 32'
2019-04-28 00:35:08,598 ' DE 0.400662, W.DE 0.400662, peqDE 0.397367, Repeat\nPatch 28 of 32'
2019-04-28 00:35:12,778 ' DE 0.292921, W.DE 0.292921, peqDE 0.294728, Repeat\nPatch 28 of 32'
2019-04-28 00:35:17,040 ' DE 0.215499, W.DE 0.215499, peqDE 0.307053, Repeat\nPatch 28 of 32'
2019-04-28 00:35:20,980 ' DE 0.124902, W.DE 0.124902, W.peqDE 0.080666, OK ( < 0.211582)\nPatch 29 of 32'
2019-04-28 00:35:26,061 ' DE 0.149158, W.DE 0.149158, peqDE 0.151651, Repeat\nPatch 29 of 32'
2019-04-28 00:35:44,405 ' DE 0.149158, W.DE 0.149158, peqDE 0.151651, Repeat\n'
2019-04-28 00:35:44,413 'Patch 29 of 32'
2019-04-28 00:35:49,470 ' DE 0.128065, W.DE 0.128065, peqDE 0.116935, Repeat\nPatch 29 of 32'
2019-04-28 00:35:54,292 ' DE 0.099464, W.DE 0.099464, peqDE 0.151752, Repeat\n'
2019-04-28 00:35:54,296 'Patch 29 of 32'
2019-04-28 00:35:58,861 ' DE 0.081066, W.DE 0.081066, W.peqDE 0.051724, OK ( < 0.092532)\nPatch 30 of 32'
2019-04-28 00:36:04,260 ' DE 0.057187, W.DE 0.057187, peqDE 0.077256, Repeat\n'
2019-04-28 00:36:04,266 'Patch 30 of 32'
2019-04-28 00:36:23,400 ' DE 0.057187, W.DE 0.057187, peqDE 0.077256, Repeat\nPatch 30 of 32'
2019-04-28 00:36:28,575 ' DE 0.055177, W.DE 0.055177, peqDE 0.074082, Repeat\nPatch 30 of 32'
2019-04-28 00:36:33,760 ' DE 0.045373, W.DE 0.045373, W.peqDE 0.048148, OK ( < 0.050000)\nPatch 31 of 32'
2019-04-28 00:36:39,020 ' DE 0.029453, W.DE 0.029453, W.peqDE 0.030628, OK ( < 0.050000)\n'
2019-04-28 00:36:39,026 'Patch 32 of 32'
2019-04-28 00:36:44,102 ' DE 0.001595, W.DE 0.001595, W.peqDE 0.001595, OK ( < 0.050000)\n'
2019-04-28 00:36:44,109 '\nBrightness error = 1.487242 cd/m^2 (is 185.695693, should be 184.208452)\nWhite point error = 0.467954 deltaE\nMaximum neutral error (@ 0.347067) = 0.711234 deltaE\nAverage neutral error = 0.417858 deltaE\nNumber of measurements taken = 75\nComputing update to calibration curves...\n'
2019-04-28 00:36:44,252 'The instrument can be removed from the screen.\n'
2019-04-28 00:36:44,448 "Written calibration file 'Web 2019-04-28 00-27 D6500 2.2 F-S XYZLUT+MTX.cal'\n"
