2019-05-04 00:42:14,683 Detected madVR. Calibration loading disabled.
2019-05-04 00:45:53,148 No longer detecting madVR. Calibration loading enabled.
2019-05-04 01:30:10,361 Received query to end session
2019-05-04 01:30:10,369 Can veto
2019-05-04 01:30:10,371 Trying to close main top-level application window...
2019-05-04 01:30:10,371 Executing ProfileLoader.exit(<wx._core.CloseEvent object at 0x058B1850>)
2019-05-04 01:30:10,562 Main top-level application window processed close event
2019-05-04 01:30:10,569 Ending session
2019-05-04 01:30:10,569 Executing BaseApp.OnExit()
2019-05-04 01:30:10,569 Running application exit handlers
2019-05-04 01:30:10,569 Shutting down profile loader
2019-05-04 01:30:10,582 Waiting for thread DisplayConfigurationMonitoring to exit
2019-05-04 01:30:10,635 Display configuration monitoring thread finished
2019-05-04 01:30:10,638 DisplayConfigurationMonitoring exited
2019-05-04 01:30:10,638 Waiting for thread ScriptingHost.ConnectionHandler to exit
2019-05-04 01:30:10,680 ScriptingHost.ConnectionHandler exited
2019-05-04 01:30:10,684 Exiting DisplayCAL-apply-profiles
2019-05-04 01:30:10,686 Calling sys.exit(0)
2019-05-04 01:30:10,687 Ran application exit handlers
2019-05-04 09:26:19,430 ================================================================================
2019-05-04 09:26:19,446 DisplayCAL-apply-profiles.exe 3.8.0.0 2019-04-26T01:30:42.446Z
2019-05-04 09:26:19,757 Windows 10 Pro for Workstations Version 1903 Build 18362.86 x86_64
2019-05-04 09:26:19,805 Python 2.7.15 (v2.7.15:ca079a3ea3, Apr 30 2018, 16:22:17) [MSC v.1500 32 bit (Intel)]
2019-05-04 09:26:19,835 CA file C:\Program Files (x86)\DisplayCAL\cacert.pem
2019-05-04 09:26:19,882 Faulthandler 3.0
2019-05-04 09:26:27,944 Imported existing <module 'comtypes.gen' from 'C:\Program Files (x86)\DisplayCAL\lib\library.zip\comtypes\gen\__init__.pyc'>
2019-05-04 09:26:27,951 Using writeable comtypes cache directory: 'c:\users\tang-\appdata\local\temp\comtypes_cache\DisplayCAL-apply-profiles-27'
2019-05-04 09:26:27,964 wxPython 4.0.3 msw (phoenix) wxWidgets 3.0.5
2019-05-04 09:26:27,966 Encoding: cp936
2019-05-04 09:26:27,966 File system encoding: mbcs
2019-05-04 09:26:28,046 Installing SIGINT handler
2019-05-04 09:26:28,137 Setting up scripting host at 127.0.0.1:15411
2019-05-04 09:26:28,160 --------------------------------------------------------------------------------
2019-05-04 09:26:28,163 Enumerating display adapters and devices:
2019-05-04 09:26:28,176 
2019-05-04 09:26:28,282 Buggy video driver detected: NVIDIA GeForce GTX 1070. Gamma ramp hack activated.
2019-05-04 09:26:28,361 NVIDIA GeForce GTX 1070
2019-05-04 09:26:28,388   |- 1. DELL U2719D @ 0, 0, 2560x1440 [PRIMARY]
2019-05-04 09:26:28,479 Caching implicit linear gamma ramps for profile DELL U2715H Color Profile, D65 (DELL U2715H.icm)
2019-05-04 09:26:28,506 Loading calibration curves of current display device profile...
2019-05-04 09:26:28,515 1. DELL U2719D @ 0, 0, 2560x1440 (Primary): DELL U2715H Color Profile, D65 (DELL U2715H.icm)
2019-05-04 09:26:28,551 ...ok.
