2019-05-02 00:51:03,592 'Number of patches = 3\r\nSetting up the instrument\r\n'
2019-05-02 00:51:04,727 'Product Name:      i1Display3\r\nSerial Number:     I1-17.B-02.285149.10\r\nFirmware Version:  v2.28\r\nFirmware Date:     29Jan14\r\n'
2019-05-02 00:51:05,006 'Place instrument on test window.\r\nHit Esc or Q to give up, any other key to continue:'
2019-05-02 00:51:06,536 Sending key(s) ' ' (1)
2019-05-02 00:51:06,540 '\r\n'
2019-05-02 00:51:09,164 'Measured display update delay of 61 msec, using delay of 181 msec & 0 msec inst reaction\r\npatch 1 of 3'
2019-05-02 00:51:13,061 '\rpatch 2 of 3'
2019-05-02 00:51:15,898 '\rpatch 3 of 3'
2019-05-02 00:51:18,197 '\r\n\r\nBlack drift was 0.000000 DE\r\nWhite drift was 0.000000 DE\r\nThe instrument can be removed from the screen.\r\n'
2019-05-02 00:51:18,289 "Written '0_16.ti3'\r\n"
2019-05-02 00:51:18,869 'Number of patches = 54\r\nSetting up the instrument\r\n'
2019-05-02 00:51:19,836 'Product Name:      i1Display3\r\nSerial Number:     I1-17.B-02.285149.10\r\nFirmware Version:  v2.28\r\nFirmware Date:     29Jan14\r\n'
2019-05-02 00:51:20,114 'Place instrument on test window.\r\nHit Esc or Q to give up, any other key to continue:'
2019-05-02 00:51:21,644 Sending key(s) ' ' (1)
2019-05-02 00:51:21,647 '\r\n'
2019-05-02 00:51:24,265 'Measured display update delay of 61 msec, using delay of 181 msec & 0 msec inst reaction\r\npatch 1 of 54'
2019-05-02 00:51:28,158 '\rpatch 2 of 54'
2019-05-02 00:51:28,543 '\rpatch 3 of 54'
2019-05-02 00:51:28,930 '\rpatch 4 of 54'
2019-05-02 00:51:29,312 '\rpatch 5 of 54'
2019-05-02 00:51:32,154 '\rpatch 6 of 54'
2019-05-02 00:51:34,598 '\rpatch 7 of 54'
2019-05-02 00:51:36,308 '\rpatch 8 of 54'
2019-05-02 00:51:37,687 '\rpatch 9 of 54'
2019-05-02 00:51:38,756 '\rpatch 10 of 54'
2019-05-02 00:51:39,717 '\rpatch 11 of 54'
2019-05-02 00:51:40,611 '\rpatch 12 of 54'
2019-05-02 00:51:41,464 '\rpatch 13 of 54'
2019-05-02 00:51:42,282 '\rpatch 14 of 54'
2019-05-02 00:51:43,069 '\rpatch 15 of 54'
2019-05-02 00:51:43,648 '\rpatch 16 of 54'
2019-05-02 00:51:44,229 '\rpatch 17 of 54'
2019-05-02 00:51:44,809 '\rpatch 18 of 54'
2019-05-02 00:51:45,388 '\rpatch 19 of 54'
2019-05-02 00:51:45,966 '\rpatch 20 of 54'
2019-05-02 00:51:46,546 '\rpatch 21 of 54'
2019-05-02 00:51:47,121 '\rpatch 22 of 54'
2019-05-02 00:51:47,703 '\rpatch 23 of 54'
2019-05-02 00:51:48,278 '\rpatch 24 of 54'
2019-05-02 00:51:48,855 '\rpatch 25 of 54'
2019-05-02 00:51:51,323 '\rpatch 26 of 54'
2019-05-02 00:51:53,046 '\rpatch 27 of 54'
2019-05-02 00:51:53,684 '\rpatch 28 of 54'
2019-05-02 00:51:58,568 '\rpatch 29 of 54'
2019-05-02 00:51:59,546 '\rpatch 30 of 54'
2019-05-02 00:52:00,176 '\rpatch 31 of 54'
2019-05-02 00:52:01,723 '\rpatch 32 of 54'
2019-05-02 00:52:02,763 '\rpatch 33 of 54'
2019-05-02 00:52:03,403 '\rpatch 34 of 54'
2019-05-02 00:52:03,940 '\rpatch 35 of 54'
2019-05-02 00:52:04,598 '\rpatch 36 of 54'
2019-05-02 00:52:05,233 '\rpatch 37 of 54'
2019-05-02 00:52:06,121 '\rpatch 38 of 54'
2019-05-02 00:52:06,769 '\rpatch 39 of 54'
2019-05-02 00:52:07,414 '\rpatch 40 of 54'
2019-05-02 00:52:08,770 '\rpatch 41 of 54'
2019-05-02 00:52:09,742 '\rpatch 42 of 54'
2019-05-02 00:52:10,377 '\rpatch 43 of 54'
2019-05-02 00:52:11,240 '\rpatch 44 of 54'
2019-05-02 00:52:12,118 '\rpatch 45 of 54'
2019-05-02 00:52:12,753 '\rpatch 46 of 54'
2019-05-02 00:52:13,404 '\rpatch 47 of 54'
2019-05-02 00:52:14,029 '\rpatch 48 of 54'
2019-05-02 00:52:14,930 '\rpatch 49 of 54'
2019-05-02 00:52:15,559 '\rpatch 50 of 54'
2019-05-02 00:52:16,552 '\rpatch 51 of 54'
2019-05-02 00:52:17,210 '\rpatch 52 of 54'
2019-05-02 00:52:17,861 '\rpatch 53 of 54'
2019-05-02 00:52:18,502 '\rpatch 54 of 54'
2019-05-02 00:52:23,121 '\r\nBlack drift was 0.001771 DE\r\nWhite drift was 0.059829 DE\r\nThe instrument can be removed from the screen.\r\n'
2019-05-02 00:52:23,278 "Written 'Measurement Report 3.8 \xa1\xaa DELL U2719D @ 0, 0, 2560x1440 \xa1\xaa 2019-05-02 00-50.ti3'"
