2019-04-28 00:10:13,930 DisplayCAL: Applying Rec. 709 TRC to Rec709.icm
2019-04-28 00:10:13,947 Using whitepoint chromaticity 0.3128 0.3292 for input
2019-04-28 00:10:13,954 --------------------------------------------------------------------------------
2019-04-28 00:10:13,956 工作目录：
2019-04-28 00:10:13,957   c:\
2019-04-28 00:10:13,957    users\
2019-04-28 00:10:13,957     tang-\
2019-04-28 00:10:13,959      appdata\
2019-04-28 00:10:13,959       local\
2019-04-28 00:10:13,960        temp\
2019-04-28 00:10:13,961         DisplayCAL-ggso2_\
2019-04-28 00:10:13,961 
2019-04-28 00:10:13,963 命令行：
2019-04-28 00:10:13,963   D:\Program Files\Argyll_V2.1.0\bin\collink.exe
2019-04-28 00:10:13,964     -v
2019-04-28 00:10:13,964     -qh
2019-04-28 00:10:13,966     -G
2019-04-28 00:10:13,967     -iaw
2019-04-28 00:10:13,967     -r65
2019-04-28 00:10:13,969     -n
2019-04-28 00:10:13,970     -3m
2019-04-28 00:10:13,970     -et
2019-04-28 00:10:13,971     -Et
2019-04-28 00:10:13,971     -b
2019-04-28 00:10:13,971     -IB:0.0:2.4
2019-04-28 00:10:13,973     Rec709.icm
2019-04-28 00:10:13,973     "LTN133HL05902 #1 2019-04-27 22-56 D6500 2.2 F-S XYZLUT+MTX.icm"
2019-04-28 00:10:13,973     "LTN133HL05902 #1 2019-04-27 22-56 D6500 2.2 F-S
2019-04-28 00:10:13,974       XYZLUT+MTX.Rec709.B0.0,2.4eGawt65.icm"
2019-04-28 00:10:13,974 
2019-04-28 00:10:14,562 DisplayCAL: Waiting for EOF
2019-04-28 00:10:14,568 Got options
2019-04-28 00:10:14,568 Configured options
2019-04-28 00:10:14,569 Loading input A2B table
2019-04-28 00:10:14,569 Loading output inverse A2B table
2019-04-28 00:10:14,572 Gamut mapping mode is 'Mapping inverse A2B'
2019-04-28 00:10:14,572 Gamut mapping intent is 'aw - Absolute Colorimetric (in Jab) with scaling to fit white point'
2019-04-28 00:10:14,572 
2019-04-28 00:10:14,573 Rev cache RAM = 708 Mbytes
2019-04-28 00:10:14,575 
2019-04-28 00:10:14,575 Looks like an XYZ space
2019-04-28 00:10:14,575 
2019-04-28 00:10:14,575 Initializing nnrev arrays...
2019-04-28 00:10:14,576 
2019-04-28 00:10:14,576 There is 1 rev cache instance with 708 Mbytes limit
2019-04-28 00:10:34,993 
2019-04-28 00:10:34,993 nnrev initialization done
2019-04-28 00:10:35,095 
2019-04-28 00:10:35,095 Initializing nnrev arrays...
2019-04-28 00:10:35,098 
2019-04-28 00:10:35,098 There are 2 rev cache instances with 2501 Mbytes limit
2019-04-28 00:11:00,111 
2019-04-28 00:11:00,112 nnrev initialization done
2019-04-28 00:11:00,115 Set XYZ scale factor to 0.999552
2019-04-28 00:11:00,141 Output black PCS = 8.199121 -0.415607 -0.140952
2019-04-28 00:11:00,141 Output black PCS pre lumscale = 8.199276 -0.415708 -0.141245
2019-04-28 00:11:00,150 Gamma curve target out black rel XYZ = 0.000702 0.000733 0.000611, Lab 0.661881 -0.016892 -0.013023
2019-04-28 00:11:00,151 Proportion of black output offset = 0.000000 (BT.1886)
2019-04-28 00:11:00,151 Gamma Y input offset = 0.051967
2019-04-28 00:11:00,151 Gamma Y power = 2.400000
2019-04-28 00:11:00,153 Gamma Y output scale = 0.885512
2019-04-28 00:11:00,154 Gamma Y output offset = 0.000000
2019-04-28 00:11:00,154 bt1886 check input black point rel. XYZ 0.000702 0.000733 0.000611
2019-04-28 00:11:00,154 BT.1886 overall rendering
2019-04-28 00:11:00,155  In   0.0% -> XYZ in 0.000000 -> bt.1886 0.000733, log/log 0.000, Lab 0.661881 -0.016892 -0.013023
2019-04-28 00:11:00,157  In   5.0% -> XYZ in 0.050000 -> bt.1886 0.003694, log/log 1.870, Lab 3.336816 -0.005669 -0.004370
2019-04-28 00:11:00,157  In  10.0% -> XYZ in 0.100000 -> bt.1886 0.009625, log/log 2.017, Lab 8.674966 -0.000584 -0.000450
2019-04-28 00:11:00,157  In  15.0% -> XYZ in 0.150000 -> bt.1886 0.019049, log/log 2.088, Lab 14.979986 -0.000033 -0.000026
2019-04-28 00:11:00,158  In  20.0% -> XYZ in 0.200000 -> bt.1886 0.032391, log/log 2.131, Lab 20.977000 -0.000002 -0.000001
2019-04-28 00:11:00,160  In  25.0% -> XYZ in 0.250000 -> bt.1886 0.050015, log/log 2.161, Lab 26.738988 -0.000000 -0.000000
2019-04-28 00:11:00,161  In  30.0% -> XYZ in 0.300000 -> bt.1886 0.072244, log/log 2.183, Lab 32.312347 -0.000000 -0.000000
2019-04-28 00:11:00,161  In  35.0% -> XYZ in 0.350000 -> bt.1886 0.099369, log/log 2.199, Lab 37.729011 -0.000000 -0.000000
2019-04-28 00:11:00,161  In  40.0% -> XYZ in 0.400000 -> bt.1886 0.131659, log/log 2.213, Lab 43.012208 -0.000000 -0.000000
2019-04-28 00:11:00,174  In  45.0% -> XYZ in 0.450000 -> bt.1886 0.169362, log/log 2.224, Lab 48.179538 -0.000000 -0.000000
2019-04-28 00:11:00,174  In  50.0% -> XYZ in 0.500000 -> bt.1886 0.212709, log/log 2.233, Lab 53.244760 0.000000 0.000000
2019-04-28 00:11:00,174  In  55.0% -> XYZ in 0.550000 -> bt.1886 0.261921, log/log 2.241, Lab 58.218906 0.000000 0.000000
2019-04-28 00:11:00,176  In  60.0% -> XYZ in 0.600000 -> bt.1886 0.317203, log/log 2.248, Lab 63.111000 0.000000 0.000000
2019-04-28 00:11:00,177  In  65.0% -> XYZ in 0.650000 -> bt.1886 0.378752, log/log 2.254, Lab 67.928551 0.000000 -0.000000
2019-04-28 00:11:00,177  In  70.0% -> XYZ in 0.700000 -> bt.1886 0.446758, log/log 2.259, Lab 72.677895 0.000000 0.000000
2019-04-28 00:11:00,177  In  75.0% -> XYZ in 0.750000 -> bt.1886 0.521400, log/log 2.264, Lab 77.364449 0.000000 0.000000
2019-04-28 00:11:00,178  In  80.0% -> XYZ in 0.800000 -> bt.1886 0.602851, log/log 2.268, Lab 81.992886 -0.000000 0.000000
2019-04-28 00:11:00,180  In  85.0% -> XYZ in 0.850000 -> bt.1886 0.691278, log/log 2.272, Lab 86.567280 0.000000 0.000000
2019-04-28 00:11:00,180  In  90.0% -> XYZ in 0.900000 -> bt.1886 0.786842, log/log 2.275, Lab 91.091210 0.000000 -0.000000
2019-04-28 00:11:00,181  In  95.0% -> XYZ in 0.950000 -> bt.1886 0.889699, log/log 2.279, Lab 95.567843 0.000000 0.000000
2019-04-28 00:11:00,181  In 100.0% -> XYZ in 1.000000 -> bt.1886 1.000000, log/log 0.000, Lab 100.000000 0.000000 0.000000
2019-04-28 00:11:00,183 Creating link profile
2019-04-28 00:11:00,183 Filling in Lut table
2019-04-28 00:11:00,184  0%
2019-04-28 00:11:01,253  0%
2019-04-28 00:11:03,246  1%
2019-04-28 00:11:05,367  2%
2019-04-28 00:11:07,661  3%
2019-04-28 00:11:09,746  4%
2019-04-28 00:11:12,374  5%
2019-04-28 00:11:15,908  6%
2019-04-28 00:11:17,877  7%
2019-04-28 00:11:18,782  8%
2019-04-28 00:11:21,924  9%
2019-04-28 00:11:25,927 10%
2019-04-28 00:11:29,628 11%
2019-04-28 00:11:36,578 12%
2019-04-28 00:11:41,684 13%
2019-04-28 00:11:53,829 14%
2019-04-28 00:11:58,082 15%
2019-04-28 00:11:59,653 16%
2019-04-28 00:12:01,678 17%
2019-04-28 00:12:06,230 18%
2019-04-28 00:12:13,002 19%
2019-04-28 00:12:20,714 20%
2019-04-28 00:12:29,341 21%
2019-04-28 00:12:37,098 22%
2019-04-28 00:12:43,221 23%
2019-04-28 00:12:52,161 24%
2019-04-28 00:12:58,145 25%
2019-04-28 00:13:01,503 26%
2019-04-28 00:13:03,545 27%
2019-04-28 00:13:05,431 28%
2019-04-28 00:13:08,055 29%
2019-04-28 00:13:12,812 30%
2019-04-28 00:13:17,296 31%
2019-04-28 00:13:19,177 32%
2019-04-28 00:13:22,371 33%
2019-04-28 00:13:28,124 34%
2019-04-28 00:13:33,063 35%
2019-04-28 00:13:43,125 36%
2019-04-28 00:13:52,752 37%
2019-04-28 00:14:03,428 38%
2019-04-28 00:14:07,765 39%
2019-04-28 00:14:11,283 40%
2019-04-28 00:14:15,497 41%
2019-04-28 00:14:22,763 42%
2019-04-28 00:14:29,644 43%
2019-04-28 00:14:33,066 44%
2019-04-28 00:14:39,213 45%
2019-04-28 00:14:47,239 46%
2019-04-28 00:14:56,358 47%
2019-04-28 00:15:01,601 48%
2019-04-28 00:15:06,194 49%
2019-04-28 00:15:12,631 50%
2019-04-28 00:15:16,082 51%
2019-04-28 00:15:19,871 52%
2019-04-28 00:15:23,352 53%
2019-04-28 00:15:26,164 54%
2019-04-28 00:15:26,737 55%
2019-04-28 00:15:27,312 56%
2019-04-28 00:15:30,068 57%
2019-04-28 00:15:33,812 58%
2019-04-28 00:15:35,489 59%
2019-04-28 00:15:37,506 60%
2019-04-28 00:15:40,628 61%
2019-04-28 00:15:42,519 62%
2019-04-28 00:15:43,770 63%
2019-04-28 00:15:44,270 64%
2019-04-28 00:15:46,073 65%
2019-04-28 00:15:48,697 66%
2019-04-28 00:15:49,733 67%
2019-04-28 00:15:50,852 68%
2019-04-28 00:15:53,407 69%
2019-04-28 00:15:55,516 70%
2019-04-28 00:15:57,578 71%
2019-04-28 00:16:03,740 72%
2019-04-28 00:16:10,351 73%
2019-04-28 00:16:16,464 74%
2019-04-28 00:16:19,891 75%
2019-04-28 00:16:22,397 76%
2019-04-28 00:16:26,283 77%
2019-04-28 00:16:29,312 78%
2019-04-28 00:16:30,460 79%
2019-04-28 00:16:31,989 80%
2019-04-28 00:16:36,404 81%
2019-04-28 00:16:41,624 82%
2019-04-28 00:16:46,673 83%
2019-04-28 00:16:52,549 84%
2019-04-28 00:16:57,813 85%
2019-04-28 00:17:01,838 86%
2019-04-28 00:17:02,914 87%
2019-04-28 00:17:03,760 88%
2019-04-28 00:17:07,335 89%
2019-04-28 00:17:11,553 90%
2019-04-28 00:17:14,454 91%
2019-04-28 00:17:17,117 92%
2019-04-28 00:17:20,354 93%
2019-04-28 00:17:24,512 94%
2019-04-28 00:17:28,732 95%
2019-04-28 00:17:33,000 96%
2019-04-28 00:17:36,687 97%
2019-04-28 00:17:42,611 98%
2019-04-28 00:17:46,262 99%
2019-04-28 00:17:48,683 100%
2019-04-28 00:17:48,684 Writing ICC file 'LTN133HL05902 #1 2019-04-27 22-56 D6500 2.2 F-S XYZLUT+MTX.Rec709.B0.0,2.4eGawt65.icm'
2019-04-28 00:17:48,693 Writing MadVR 3dLut 'LTN133HL05902 #1 2019-04-27 22-56 D6500 2.2 F-S XYZLUT+MTX.Rec709.B0.0,2.4eGawt65.3dlut'
2019-04-28 00:17:53,415 
2019-04-28 00:17:53,417 There is 1 rev cache instance with 708 Mbytes limit
2019-04-28 00:17:53,733 DisplayCAL: Reached EOF (OK)
2019-04-28 00:17:53,739 Finished creating 3D LUT in 459.784999847 seconds
