2019-04-27 23:15:46,219 DisplayCAL: Applying Rec. 709 TRC to Rec709.icm
2019-04-27 23:15:46,249 Using whitepoint chromaticity 0.3128 0.3292 for input
2019-04-27 23:15:46,256 --------------------------------------------------------------------------------
2019-04-27 23:15:46,259 工作目录：
2019-04-27 23:15:46,259   c:\
2019-04-27 23:15:46,260    users\
2019-04-27 23:15:46,262     tang-\
2019-04-27 23:15:46,263      appdata\
2019-04-27 23:15:46,263       local\
2019-04-27 23:15:46,267        temp\
2019-04-27 23:15:46,267         DisplayCAL-0xshzr\
2019-04-27 23:15:46,269 
2019-04-27 23:15:46,269 命令行：
2019-04-27 23:15:46,269   D:\Program Files\Argyll_V2.1.0\bin\collink.exe
2019-04-27 23:15:46,270     -v
2019-04-27 23:15:46,270     -qh
2019-04-27 23:15:46,272     -G
2019-04-27 23:15:46,272     -iaw
2019-04-27 23:15:46,272     -r65
2019-04-27 23:15:46,273     -n
2019-04-27 23:15:46,273     -3c
2019-04-27 23:15:46,273     -en
2019-04-27 23:15:46,273     -En
2019-04-27 23:15:46,275     -b
2019-04-27 23:15:46,275     -IB:0.0:2.4
2019-04-27 23:15:46,275     -a
2019-04-27 23:15:46,276     "LTN133HL05902 #1 2019-04-27 22-56 D6500 2.2 F-S XYZLUT+MTX.cal"
2019-04-27 23:15:46,276     Rec709.icm
2019-04-27 23:15:46,276     "LTN133HL05902 #1 2019-04-27 22-56 D6500 2.2 F-S XYZLUT+MTX.icm"
2019-04-27 23:15:46,276     "LTN133HL05902 #1 2019-04-27 22-56 D6500 2.2 F-S
2019-04-27 23:15:46,276       XYZLUT+MTX.Rec709.B0.0,2.4Gawn65.icm"
2019-04-27 23:15:46,278 
2019-04-27 23:15:46,953 DisplayCAL: Waiting for EOF
2019-04-27 23:15:46,966 Got options
2019-04-27 23:15:46,967 Configured options
2019-04-27 23:15:46,967 Loading input A2B table
2019-04-27 23:15:46,967 Loading output inverse A2B table
2019-04-27 23:15:46,969 Gamut mapping mode is 'Mapping inverse A2B'
2019-04-27 23:15:46,970 Gamut mapping intent is 'aw - Absolute Colorimetric (in Jab) with scaling to fit white point'
2019-04-27 23:15:46,970 
2019-04-27 23:15:46,970 Rev cache RAM = 708 Mbytes
2019-04-27 23:15:46,970 
2019-04-27 23:15:46,971 Looks like an XYZ space
2019-04-27 23:15:46,971 
2019-04-27 23:15:46,973 Initializing nnrev arrays...
2019-04-27 23:15:46,973 
2019-04-27 23:15:46,973 There is 1 rev cache instance with 708 Mbytes limit
2019-04-27 23:16:08,529 
2019-04-27 23:16:08,530 nnrev initialization done
2019-04-27 23:16:08,642 
2019-04-27 23:16:08,642 Initializing nnrev arrays...
2019-04-27 23:16:08,644 
2019-04-27 23:16:08,644 There are 2 rev cache instances with 2501 Mbytes limit
2019-04-27 23:16:35,927 
2019-04-27 23:16:35,927 nnrev initialization done
2019-04-27 23:16:35,938 Set XYZ scale factor to 0.999552
2019-04-27 23:16:35,963 Output black PCS = 8.199121 -0.415607 -0.140952
2019-04-27 23:16:35,973 Output black PCS pre lumscale = 8.199276 -0.415708 -0.141245
2019-04-27 23:16:35,974 Gamma curve target out black rel XYZ = 0.000702 0.000733 0.000611, Lab 0.661881 -0.016892 -0.013023
2019-04-27 23:16:35,976 Proportion of black output offset = 0.000000 (BT.1886)
2019-04-27 23:16:35,976 Gamma Y input offset = 0.051967
2019-04-27 23:16:35,977 Gamma Y power = 2.400000
2019-04-27 23:16:35,977 Gamma Y output scale = 0.885512
2019-04-27 23:16:35,979 Gamma Y output offset = 0.000000
2019-04-27 23:16:35,980 bt1886 check input black point rel. XYZ 0.000702 0.000733 0.000611
2019-04-27 23:16:35,980 BT.1886 overall rendering
2019-04-27 23:16:35,980  In   0.0% -> XYZ in 0.000000 -> bt.1886 0.000733, log/log 0.000, Lab 0.661881 -0.016892 -0.013023
2019-04-27 23:16:35,983  In   5.0% -> XYZ in 0.050000 -> bt.1886 0.003694, log/log 1.870, Lab 3.336816 -0.005669 -0.004370
2019-04-27 23:16:35,983  In  10.0% -> XYZ in 0.100000 -> bt.1886 0.009625, log/log 2.017, Lab 8.674966 -0.000584 -0.000450
2019-04-27 23:16:35,984  In  15.0% -> XYZ in 0.150000 -> bt.1886 0.019049, log/log 2.088, Lab 14.979986 -0.000033 -0.000026
2019-04-27 23:16:35,986  In  20.0% -> XYZ in 0.200000 -> bt.1886 0.032391, log/log 2.131, Lab 20.977000 -0.000002 -0.000001
2019-04-27 23:16:35,994  In  25.0% -> XYZ in 0.250000 -> bt.1886 0.050015, log/log 2.161, Lab 26.738988 -0.000000 -0.000000
2019-04-27 23:16:35,996  In  30.0% -> XYZ in 0.300000 -> bt.1886 0.072244, log/log 2.183, Lab 32.312347 -0.000000 -0.000000
2019-04-27 23:16:35,996  In  35.0% -> XYZ in 0.350000 -> bt.1886 0.099369, log/log 2.199, Lab 37.729011 -0.000000 -0.000000
2019-04-27 23:16:35,999  In  40.0% -> XYZ in 0.400000 -> bt.1886 0.131659, log/log 2.213, Lab 43.012208 -0.000000 -0.000000
2019-04-27 23:16:36,000  In  45.0% -> XYZ in 0.450000 -> bt.1886 0.169362, log/log 2.224, Lab 48.179538 -0.000000 -0.000000
2019-04-27 23:16:36,000  In  50.0% -> XYZ in 0.500000 -> bt.1886 0.212709, log/log 2.233, Lab 53.244760 0.000000 0.000000
2019-04-27 23:16:36,002  In  55.0% -> XYZ in 0.550000 -> bt.1886 0.261921, log/log 2.241, Lab 58.218906 0.000000 0.000000
2019-04-27 23:16:36,002  In  60.0% -> XYZ in 0.600000 -> bt.1886 0.317203, log/log 2.248, Lab 63.111000 0.000000 0.000000
2019-04-27 23:16:36,003  In  65.0% -> XYZ in 0.650000 -> bt.1886 0.378752, log/log 2.254, Lab 67.928551 0.000000 -0.000000
2019-04-27 23:16:36,003  In  70.0% -> XYZ in 0.700000 -> bt.1886 0.446758, log/log 2.259, Lab 72.677895 0.000000 0.000000
2019-04-27 23:16:36,005  In  75.0% -> XYZ in 0.750000 -> bt.1886 0.521400, log/log 2.264, Lab 77.364449 0.000000 0.000000
2019-04-27 23:16:36,006  In  80.0% -> XYZ in 0.800000 -> bt.1886 0.602851, log/log 2.268, Lab 81.992886 -0.000000 0.000000
2019-04-27 23:16:36,006  In  85.0% -> XYZ in 0.850000 -> bt.1886 0.691278, log/log 2.272, Lab 86.567280 0.000000 0.000000
2019-04-27 23:16:36,007  In  90.0% -> XYZ in 0.900000 -> bt.1886 0.786842, log/log 2.275, Lab 91.091210 0.000000 -0.000000
2019-04-27 23:16:36,009  In  95.0% -> XYZ in 0.950000 -> bt.1886 0.889699, log/log 2.279, Lab 95.567843 0.000000 0.000000
2019-04-27 23:16:36,009  In 100.0% -> XYZ in 1.000000 -> bt.1886 1.000000, log/log 0.000, Lab 100.000000 0.000000 0.000000
2019-04-27 23:16:36,010 Creating link profile
2019-04-27 23:16:36,010 Filling in Lut table
2019-04-27 23:16:36,012  0%
2019-04-27 23:16:36,887  0%
2019-04-27 23:16:38,641  1%
2019-04-27 23:16:40,612  2%
2019-04-27 23:16:42,931  3%
2019-04-27 23:16:44,839  4%
2019-04-27 23:16:47,627  5%
2019-04-27 23:16:51,502  6%
2019-04-27 23:16:53,134  7%
2019-04-27 23:16:53,782  8%
2019-04-27 23:16:55,943  9%
2019-04-27 23:16:58,796 10%
2019-04-27 23:17:00,816 11%
2019-04-27 23:17:04,714 12%
2019-04-27 23:17:08,628 13%
2019-04-27 23:17:12,937 14%
2019-04-27 23:17:15,543 15%
2019-04-27 23:17:16,358 16%
2019-04-27 23:17:17,244 17%
2019-04-27 23:17:19,040 18%
2019-04-27 23:17:21,085 19%
2019-04-27 23:17:23,509 20%
2019-04-27 23:17:27,250 21%
2019-04-27 23:17:32,427 22%
2019-04-27 23:17:37,056 23%
2019-04-27 23:17:42,374 24%
2019-04-27 23:17:46,398 25%
2019-04-27 23:17:48,410 26%
2019-04-27 23:17:49,502 27%
2019-04-27 23:17:50,240 28%
2019-04-27 23:17:52,697 29%
2019-04-27 23:17:55,990 30%
2019-04-27 23:18:00,144 31%
2019-04-27 23:18:01,532 32%
2019-04-27 23:18:03,642 33%
2019-04-27 23:18:08,444 34%
2019-04-27 23:18:12,338 35%
2019-04-27 23:18:19,420 36%
2019-04-27 23:18:26,012 37%
2019-04-27 23:18:30,365 38%
2019-04-27 23:18:32,688 39%
2019-04-27 23:18:35,604 40%
2019-04-27 23:18:40,532 41%
2019-04-27 23:18:46,365 42%
2019-04-27 23:18:51,323 43%
2019-04-27 23:18:54,525 44%
2019-04-27 23:18:59,513 45%
2019-04-27 23:19:06,812 46%
2019-04-27 23:19:13,523 47%
2019-04-27 23:19:19,266 48%
2019-04-27 23:19:24,431 49%
2019-04-27 23:19:28,680 50%
2019-04-27 23:19:32,198 51%
2019-04-27 23:19:34,938 52%
2019-04-27 23:19:37,813 53%
2019-04-27 23:19:39,459 54%
2019-04-27 23:19:40,012 55%
2019-04-27 23:19:40,601 56%
2019-04-27 23:19:42,263 57%
2019-04-27 23:19:44,355 58%
2019-04-27 23:19:45,397 59%
2019-04-27 23:19:46,509 60%
2019-04-27 23:19:48,144 61%
2019-04-27 23:19:49,493 62%
2019-04-27 23:19:50,344 63%
2019-04-27 23:19:50,901 64%
2019-04-27 23:19:51,894 65%
2019-04-27 23:19:53,339 66%
2019-04-27 23:19:53,933 67%
2019-04-27 23:19:54,660 68%
2019-04-27 23:19:55,598 69%
2019-04-27 23:19:56,582 70%
2019-04-27 23:19:57,426 71%
2019-04-27 23:20:03,049 72%
2019-04-27 23:20:09,881 73%
2019-04-27 23:20:15,997 74%
2019-04-27 23:20:19,105 75%
2019-04-27 23:20:21,157 76%
2019-04-27 23:20:24,839 77%
2019-04-27 23:20:27,375 78%
2019-04-27 23:20:28,448 79%
2019-04-27 23:20:29,894 80%
2019-04-27 23:20:34,493 81%
2019-04-27 23:20:39,960 82%
2019-04-27 23:20:45,042 83%
2019-04-27 23:20:49,970 84%
2019-04-27 23:20:54,734 85%
2019-04-27 23:20:58,660 86%
2019-04-27 23:20:59,421 87%
2019-04-27 23:21:00,016 88%
2019-04-27 23:21:01,884 89%
2019-04-27 23:21:05,384 90%
2019-04-27 23:21:07,642 91%
2019-04-27 23:21:10,308 92%
2019-04-27 23:21:13,618 93%
2019-04-27 23:21:18,329 94%
2019-04-27 23:21:23,081 95%
2019-04-27 23:21:27,302 96%
2019-04-27 23:21:31,351 97%
2019-04-27 23:21:37,796 98%
2019-04-27 23:21:41,897 99%
2019-04-27 23:21:44,569 100%
2019-04-27 23:21:44,569 Writing ICC file 'LTN133HL05902 #1 2019-04-27 22-56 D6500 2.2 F-S XYZLUT+MTX.Rec709.B0.0,2.4Gawn65.icm'
2019-04-27 23:21:44,578 Writing .cube 3dLut 'LTN133HL05902 #1 2019-04-27 22-56 D6500 2.2 F-S XYZLUT+MTX.Rec709.B0.0,2.4Gawn65.cube'
2019-04-27 23:21:45,450 
2019-04-27 23:21:45,451 There is 1 rev cache instance with 708 Mbytes limit
2019-04-27 23:21:45,828 DisplayCAL: Reached EOF (OK)
2019-04-27 23:21:45,834 Finished creating 3D LUT in 359.578999996 seconds
