2019-04-27 23:35:11,303 DisplayCAL: Applying Rec. 709 TRC to Rec709.icm
2019-04-27 23:35:11,364 Using whitepoint chromaticity 0.3128 0.3292 for input
2019-04-27 23:35:11,388 --------------------------------------------------------------------------------
2019-04-27 23:35:11,398 工作目录：
2019-04-27 23:35:11,400   c:\
2019-04-27 23:35:11,401    users\
2019-04-27 23:35:11,404     tang-\
2019-04-27 23:35:11,418      appdata\
2019-04-27 23:35:11,420       local\
2019-04-27 23:35:11,423        temp\
2019-04-27 23:35:11,424         DisplayCAL-nnmrcs\
2019-04-27 23:35:11,426 
2019-04-27 23:35:11,427 命令行：
2019-04-27 23:35:11,427   D:\Program Files\Argyll_V2.1.0\bin\collink.exe
2019-04-27 23:35:11,428     -v
2019-04-27 23:35:11,431     -qh
2019-04-27 23:35:11,431     -G
2019-04-27 23:35:11,433     -iaw
2019-04-27 23:35:11,433     -r65
2019-04-27 23:35:11,434     -n
2019-04-27 23:35:11,436     -3c
2019-04-27 23:35:11,437     -en
2019-04-27 23:35:11,437     -En
2019-04-27 23:35:11,438     -b
2019-04-27 23:35:11,440     -IB:0.0:2.4
2019-04-27 23:35:11,440     Rec709.icm
2019-04-27 23:35:11,441     "LTN133HL05902 #1 2019-04-27 22-56 D6500 2.2 F-S XYZLUT+MTX.icm"
2019-04-27 23:35:11,443     "LTN133HL05902 #1 2019-04-27 22-56 D6500 2.2 F-S
2019-04-27 23:35:11,444       XYZLUT+MTX.Rec709.B0.0,2.4eGawn65.icm"
2019-04-27 23:35:11,444 
2019-04-27 23:35:12,234 DisplayCAL: Waiting for EOF
2019-04-27 23:35:12,247 Got options
2019-04-27 23:35:12,249 Configured options
2019-04-27 23:35:12,250 Loading input A2B table
2019-04-27 23:35:12,250 Loading output inverse A2B table
2019-04-27 23:35:12,250 Gamut mapping mode is 'Mapping inverse A2B'
2019-04-27 23:35:12,252 Gamut mapping intent is 'aw - Absolute Colorimetric (in Jab) with scaling to fit white point'
2019-04-27 23:35:12,252 
2019-04-27 23:35:12,253 Rev cache RAM = 708 Mbytes
2019-04-27 23:35:12,253 
2019-04-27 23:35:12,256 Looks like an XYZ space
2019-04-27 23:35:12,256 
2019-04-27 23:35:12,257 Initializing nnrev arrays...
2019-04-27 23:35:12,257 
2019-04-27 23:35:12,259 There is 1 rev cache instance with 708 Mbytes limit
2019-04-27 23:35:39,227 
2019-04-27 23:35:39,229 nnrev initialization done
2019-04-27 23:35:39,351 
2019-04-27 23:35:39,351 Initializing nnrev arrays...
2019-04-27 23:35:39,352 
2019-04-27 23:35:39,352 There are 2 rev cache instances with 2501 Mbytes limit
2019-04-27 23:36:12,381 
2019-04-27 23:36:12,382 nnrev initialization done
2019-04-27 23:36:12,394 Set XYZ scale factor to 0.999552
2019-04-27 23:36:12,427 Output black PCS = 8.199121 -0.415607 -0.140952
2019-04-27 23:36:12,430 Output black PCS pre lumscale = 8.199276 -0.415708 -0.141245
2019-04-27 23:36:12,447 Gamma curve target out black rel XYZ = 0.000702 0.000733 0.000611, Lab 0.661881 -0.016892 -0.013023
2019-04-27 23:36:12,448 Proportion of black output offset = 0.000000 (BT.1886)
2019-04-27 23:36:12,450 Gamma Y input offset = 0.051967
2019-04-27 23:36:12,450 Gamma Y power = 2.400000
2019-04-27 23:36:12,457 Gamma Y output scale = 0.885512
2019-04-27 23:36:12,483 Gamma Y output offset = 0.000000
2019-04-27 23:36:12,489 bt1886 check input black point rel. XYZ 0.000702 0.000733 0.000611
2019-04-27 23:36:12,492 BT.1886 overall rendering
2019-04-27 23:36:12,494  In   0.0% -> XYZ in 0.000000 -> bt.1886 0.000733, log/log 0.000, Lab 0.661881 -0.016892 -0.013023
2019-04-27 23:36:12,496  In   5.0% -> XYZ in 0.050000 -> bt.1886 0.003694, log/log 1.870, Lab 3.336816 -0.005669 -0.004370
2019-04-27 23:36:12,496  In  10.0% -> XYZ in 0.100000 -> bt.1886 0.009625, log/log 2.017, Lab 8.674966 -0.000584 -0.000450
2019-04-27 23:36:12,499  In  15.0% -> XYZ in 0.150000 -> bt.1886 0.019049, log/log 2.088, Lab 14.979986 -0.000033 -0.000026
2019-04-27 23:36:12,500  In  20.0% -> XYZ in 0.200000 -> bt.1886 0.032391, log/log 2.131, Lab 20.977000 -0.000002 -0.000001
2019-04-27 23:36:12,500  In  25.0% -> XYZ in 0.250000 -> bt.1886 0.050015, log/log 2.161, Lab 26.738988 -0.000000 -0.000000
2019-04-27 23:36:12,500  In  30.0% -> XYZ in 0.300000 -> bt.1886 0.072244, log/log 2.183, Lab 32.312347 -0.000000 -0.000000
2019-04-27 23:36:12,502  In  35.0% -> XYZ in 0.350000 -> bt.1886 0.099369, log/log 2.199, Lab 37.729011 -0.000000 -0.000000
2019-04-27 23:36:12,502  In  40.0% -> XYZ in 0.400000 -> bt.1886 0.131659, log/log 2.213, Lab 43.012208 -0.000000 -0.000000
2019-04-27 23:36:12,502  In  45.0% -> XYZ in 0.450000 -> bt.1886 0.169362, log/log 2.224, Lab 48.179538 -0.000000 -0.000000
2019-04-27 23:36:12,519  In  50.0% -> XYZ in 0.500000 -> bt.1886 0.212709, log/log 2.233, Lab 53.244760 0.000000 0.000000
2019-04-27 23:36:12,519  In  55.0% -> XYZ in 0.550000 -> bt.1886 0.261921, log/log 2.241, Lab 58.218906 0.000000 0.000000
2019-04-27 23:36:12,520  In  60.0% -> XYZ in 0.600000 -> bt.1886 0.317203, log/log 2.248, Lab 63.111000 0.000000 0.000000
2019-04-27 23:36:12,523  In  65.0% -> XYZ in 0.650000 -> bt.1886 0.378752, log/log 2.254, Lab 67.928551 0.000000 -0.000000
2019-04-27 23:36:12,525  In  70.0% -> XYZ in 0.700000 -> bt.1886 0.446758, log/log 2.259, Lab 72.677895 0.000000 0.000000
2019-04-27 23:36:12,526  In  75.0% -> XYZ in 0.750000 -> bt.1886 0.521400, log/log 2.264, Lab 77.364449 0.000000 0.000000
2019-04-27 23:36:12,526  In  80.0% -> XYZ in 0.800000 -> bt.1886 0.602851, log/log 2.268, Lab 81.992886 -0.000000 0.000000
2019-04-27 23:36:12,528  In  85.0% -> XYZ in 0.850000 -> bt.1886 0.691278, log/log 2.272, Lab 86.567280 0.000000 0.000000
2019-04-27 23:36:12,528  In  90.0% -> XYZ in 0.900000 -> bt.1886 0.786842, log/log 2.275, Lab 91.091210 0.000000 -0.000000
2019-04-27 23:36:12,529  In  95.0% -> XYZ in 0.950000 -> bt.1886 0.889699, log/log 2.279, Lab 95.567843 0.000000 0.000000
2019-04-27 23:36:12,529  In 100.0% -> XYZ in 1.000000 -> bt.1886 1.000000, log/log 0.000, Lab 100.000000 0.000000 0.000000
2019-04-27 23:36:12,529 Creating link profile
2019-04-27 23:36:12,529 Filling in Lut table
2019-04-27 23:36:12,530  0%
2019-04-27 23:36:14,075  0%
2019-04-27 23:36:16,479  1%
2019-04-27 23:36:19,456  2%
2019-04-27 23:36:23,539  3%
2019-04-27 23:36:26,786  4%
2019-04-27 23:36:32,398  5%
2019-04-27 23:36:38,118  6%
2019-04-27 23:36:41,144  7%
2019-04-27 23:36:43,022  8%
2019-04-27 23:36:48,403  9%
2019-04-27 23:36:54,674 10%
2019-04-27 23:36:58,713 11%
2019-04-27 23:37:05,799 12%
2019-04-27 23:37:14,086 13%
2019-04-27 23:37:20,029 14%
2019-04-27 23:37:23,658 15%
2019-04-27 23:37:24,921 16%
2019-04-27 23:37:26,032 17%
2019-04-27 23:37:28,267 18%
2019-04-27 23:37:31,114 19%
2019-04-27 23:37:34,220 20%
2019-04-27 23:37:39,174 21%
2019-04-27 23:37:45,361 22%
2019-04-27 23:37:50,844 23%
2019-04-27 23:37:56,381 24%
2019-04-27 23:38:01,111 25%
2019-04-27 23:38:03,466 26%
2019-04-27 23:38:04,903 27%
2019-04-27 23:38:05,979 28%
2019-04-27 23:38:08,489 29%
2019-04-27 23:38:11,362 30%
2019-04-27 23:38:14,003 31%
2019-04-27 23:38:15,247 32%
2019-04-27 23:38:17,503 33%
2019-04-27 23:38:22,456 34%
2019-04-27 23:38:27,342 35%
2019-04-27 23:38:33,298 36%
2019-04-27 23:38:39,138 37%
2019-04-27 23:38:43,140 38%
2019-04-27 23:38:45,242 39%
2019-04-27 23:38:48,023 40%
2019-04-27 23:38:52,917 41%
2019-04-27 23:38:59,726 42%
2019-04-27 23:39:05,680 43%
2019-04-27 23:39:09,095 44%
2019-04-27 23:39:14,977 45%
2019-04-27 23:39:22,594 46%
2019-04-27 23:39:30,161 47%
2019-04-27 23:39:35,473 48%
2019-04-27 23:39:40,305 49%
2019-04-27 23:39:44,519 50%
2019-04-27 23:39:48,510 51%
2019-04-27 23:39:51,732 52%
2019-04-27 23:39:55,513 53%
2019-04-27 23:39:57,434 54%
2019-04-27 23:39:58,105 55%
2019-04-27 23:39:58,845 56%
2019-04-27 23:40:00,740 57%
2019-04-27 23:40:03,177 58%
2019-04-27 23:40:04,404 59%
2019-04-27 23:40:05,736 60%
2019-04-27 23:40:07,637 61%
2019-04-27 23:40:08,990 62%
2019-04-27 23:40:09,990 63%
2019-04-27 23:40:10,750 64%
2019-04-27 23:40:12,246 65%
2019-04-27 23:40:14,187 66%
2019-04-27 23:40:14,940 67%
2019-04-27 23:40:15,789 68%
2019-04-27 23:40:17,214 69%
2019-04-27 23:40:18,801 70%
2019-04-27 23:40:20,141 71%
2019-04-27 23:40:28,098 72%
2019-04-27 23:40:38,388 73%
2019-04-27 23:40:48,119 74%
2019-04-27 23:40:52,523 75%
2019-04-27 23:40:55,457 76%
2019-04-27 23:41:00,349 77%
2019-04-27 23:41:03,838 78%
2019-04-27 23:41:05,170 79%
2019-04-27 23:41:06,779 80%
2019-04-27 23:41:11,901 81%
2019-04-27 23:41:18,293 82%
2019-04-27 23:41:24,351 83%
2019-04-27 23:41:30,250 84%
2019-04-27 23:41:36,089 85%
2019-04-27 23:41:40,832 86%
2019-04-27 23:41:41,844 87%
2019-04-27 23:41:42,625 88%
2019-04-27 23:41:44,937 89%
2019-04-27 23:41:49,242 90%
2019-04-27 23:41:51,963 91%
2019-04-27 23:41:55,211 92%
2019-04-27 23:41:59,243 93%
2019-04-27 23:42:04,415 94%
2019-04-27 23:42:10,154 95%
2019-04-27 23:42:15,293 96%
2019-04-27 23:42:20,177 97%
2019-04-27 23:42:27,986 98%
2019-04-27 23:42:32,832 99%
2019-04-27 23:42:35,940 100%
2019-04-27 23:42:35,941 Writing ICC file 'LTN133HL05902 #1 2019-04-27 22-56 D6500 2.2 F-S XYZLUT+MTX.Rec709.B0.0,2.4eGawn65.icm'
2019-04-27 23:42:35,954 Writing .cube 3dLut 'LTN133HL05902 #1 2019-04-27 22-56 D6500 2.2 F-S XYZLUT+MTX.Rec709.B0.0,2.4eGawn65.cube'
2019-04-27 23:42:37,042 
2019-04-27 23:42:37,042 There is 1 rev cache instance with 708 Mbytes limit
2019-04-27 23:42:37,447 DisplayCAL: Reached EOF (OK)
2019-04-27 23:42:37,451 Finished creating 3D LUT in 446.065999985 seconds
