2019-05-01 14:08:45,173 --------------------------------------------------------------------------------
2019-05-01 14:08:45,970 Connected to madVR version 0.92.17.0 (F:\MPC\Essentials\madVR\madHcNet32.dll)
2019-05-01 14:08:46,020 Output levels: 0-255
2019-05-01 14:08:46,023 Pattern area: 100%
2019-05-01 14:08:46,023 Background level: 30%
2019-05-01 14:08:46,023 Background mode: APL linear
2019-05-01 14:08:46,023 Border width: 20 pixels
2019-05-01 14:08:46,023 
2019-05-01 14:08:46,023 Working directory:
2019-05-01 14:08:46,025   c:\
2019-05-01 14:08:46,025    users\
2019-05-01 14:08:46,025     tang-\
2019-05-01 14:08:46,026      appdata\
2019-05-01 14:08:46,026       local\
2019-05-01 14:08:46,026        temp\
2019-05-01 14:08:46,026         DisplayCAL-ugdurr\
2019-05-01 14:08:46,026 
2019-05-01 14:08:46,028 Command line:
2019-05-01 14:08:46,028   C:\Users\tang-\AppData\Roaming\DisplayCAL\dl\Argyll_V2.1.0_mod\bin\dispread.exe
2019-05-01 14:08:46,028     "-P0.5,0.5,10.000000"
2019-05-01 14:08:46,029     -v
2019-05-01 14:08:46,029     -K
2019-05-01 14:08:46,029     "C:\Program Files (x86)\DisplayCAL\linear.cal"
2019-05-01 14:08:46,029     -dmadvr
2019-05-01 14:08:46,029     -c1
2019-05-01 14:08:46,029     -yn
2019-05-01 14:08:46,030     -Ibw
2019-05-01 14:08:46,030     0_16
2019-05-01 14:08:46,030 
2019-05-01 14:08:46,525 DisplayCAL: Starting interaction with subprocess
2019-05-01 14:08:46,526 Number of patches = 3
2019-05-01 14:08:46,528 Setting up the instrument
2019-05-01 14:08:47,500 Product Name:      i1Display3
2019-05-01 14:08:47,500 Serial Number:     I1-17.B-02.285149.10
2019-05-01 14:08:47,500 Firmware Version:  v2.28
2019-05-01 14:08:47,500 Firmware Date:     29Jan14
2019-05-01 14:08:47,612 Created MadVR window
2019-05-01 14:08:48,460 Place instrument on test window.
2019-05-01 14:08:48,460 DisplayCAL: Waiting for send buffer
2019-05-01 14:09:00,760 DisplayCAL: Sending buffer: ' '
2019-05-01 14:09:00,762 Hit Esc or Q to give up, any other key to continue:
2019-05-01 14:09:03,957 Measured display update delay of 0 msec, using delay of 100 msec & 0 msec inst reaction
2019-05-01 14:09:15,549 Patch 3 of 3
2019-05-01 14:09:15,551 
2019-05-01 14:09:15,552 Black drift was 0.000000 DE
2019-05-01 14:09:15,552 White drift was 0.000000 DE
2019-05-01 14:09:15,553 The instrument can be removed from the screen.
2019-05-01 14:09:15,657 Written '0_16.ti3'
2019-05-01 14:09:15,763 DisplayCAL: Reached EOF (OK)
2019-05-01 14:09:15,780 RGB level 0 is 0.202006 cd/m2
2019-05-01 14:09:15,782 RGB level 16 is 0.465349 cd/m2
2019-05-01 14:09:15,783 Assuming full range output levels
