2019-05-01 18:10:41,615 DisplayCAL: Applying Rec. 709 TRC to Rec709.icm
2019-05-01 18:10:41,634 --------------------------------------------------------------------------------
2019-05-01 18:10:41,637 Working directory:
2019-05-01 18:10:41,637   c:\
2019-05-01 18:10:41,637    users\
2019-05-01 18:10:41,638     tang-\
2019-05-01 18:10:41,638      appdata\
2019-05-01 18:10:41,638       local\
2019-05-01 18:10:41,638        temp\
2019-05-01 18:10:41,640         DisplayCAL-2knwzc\
2019-05-01 18:10:41,641 
2019-05-01 18:10:41,641 Command line:
2019-05-01 18:10:41,641   C:\Users\tang-\AppData\Roaming\DisplayCAL\dl\Argyll_V2.1.0_mod\bin\collink.exe
2019-05-01 18:10:41,642     -v
2019-05-01 18:10:41,642     -qh
2019-05-01 18:10:41,642     -G
2019-05-01 18:10:41,644     -iaw
2019-05-01 18:10:41,644     -r65
2019-05-01 18:10:41,644     -n
2019-05-01 18:10:41,644     -3m
2019-05-01 18:10:41,644     -et
2019-05-01 18:10:41,644     -Et
2019-05-01 18:10:41,644     -b
2019-05-01 18:10:41,644     -IB:0.0:2.4
2019-05-01 18:10:41,645     -a
2019-05-01 18:10:41,645     "madVR 2019-05-01 17-25 0.3127x 0.329y S XYZLUT+MTX.cal"
2019-05-01 18:10:41,645     Rec709.icm
2019-05-01 18:10:41,645     "madVR 2019-05-01 17-25 0.3127x 0.329y S XYZLUT+MTX.icm"
2019-05-01 18:10:41,647     "madVR 2019-05-01 17-25 0.3127x 0.329y S
2019-05-01 18:10:41,647       XYZLUT+MTX.Rec709.B0.0,2.4Gawt65.icm"
2019-05-01 18:10:41,647 
2019-05-01 18:10:42,316 DisplayCAL: Waiting for EOF
2019-05-01 18:10:42,321 Got options
2019-05-01 18:10:42,321 Configured options
2019-05-01 18:10:42,322 Loading input A2B table
2019-05-01 18:10:42,322 Loading output inverse A2B table
2019-05-01 18:10:42,322 Gamut mapping mode is 'Mapping inverse A2B'
2019-05-01 18:10:42,322 Gamut mapping intent is 'aw - Absolute Colorimetric (in Jab) with scaling to fit white point'
2019-05-01 18:10:42,332 
2019-05-01 18:10:42,332 Rev cache RAM = 1610 Mbytes
2019-05-01 18:10:42,335 
2019-05-01 18:10:42,335 Looks like an XYZ space
2019-05-01 18:10:42,336 
2019-05-01 18:10:42,336 Initializing nnrev arrays...
2019-05-01 18:10:42,338 
2019-05-01 18:10:42,338 There is 1 rev cache instance with 1610 Mbytes limit
2019-05-01 18:11:03,720 
2019-05-01 18:11:03,720 nnrev initialization done
2019-05-01 18:11:03,788 
2019-05-01 18:11:03,789 Initializing nnrev arrays...
2019-05-01 18:11:03,789 
2019-05-01 18:11:03,789 There are 2 rev cache instances with 805 Mbytes limit
2019-05-01 18:11:30,479 
2019-05-01 18:11:30,479 nnrev initialization done
2019-05-01 18:11:30,493 Set XYZ scale factor to 0.937745
2019-05-01 18:11:30,510 Output black PCS = 8.298230 -0.540184 -0.375975
2019-05-01 18:11:30,512 Output black PCS pre lumscale = 8.327729 -0.558815 -0.430725
2019-05-01 18:11:30,512 Gamma curve target out black rel XYZ = 0.000938 0.000990 0.000842, Lab 0.894359 -0.066396 -0.046872
2019-05-01 18:11:30,512 Proportion of black output offset = 0.000000 (BT.1886)
2019-05-01 18:11:30,513 Gamma Y input offset = 0.059324
2019-05-01 18:11:30,513 Gamma Y power = 2.400000
2019-05-01 18:11:30,513 Gamma Y output scale = 0.870825
2019-05-01 18:11:30,516 Gamma Y output offset = 0.000000
2019-05-01 18:11:30,516 bt1886 check input black point rel. XYZ 0.000938 0.000990 0.000842
2019-05-01 18:11:30,516 BT.1886 overall rendering
2019-05-01 18:11:30,517  In   0.0% -> XYZ in 0.000000 -> bt.1886 0.000990, log/log 0.000, Lab 0.894359 -0.066396 -0.046872
2019-05-01 18:11:30,517  In   5.0% -> XYZ in 0.050000 -> bt.1886 0.004294, log/log 1.819, Lab 3.878618 -0.019544 -0.013797
2019-05-01 18:11:30,517  In  10.0% -> XYZ in 0.100000 -> bt.1886 0.010602, log/log 1.975, Lab 9.483533 -0.001767 -0.001248
2019-05-01 18:11:30,517  In  15.0% -> XYZ in 0.150000 -> bt.1886 0.020412, log/log 2.051, Lab 15.702241 -0.000103 -0.000072
2019-05-01 18:11:30,519  In  20.0% -> XYZ in 0.200000 -> bt.1886 0.034131, log/log 2.099, Lab 21.627812 -0.000006 -0.000004
2019-05-01 18:11:30,519  In  25.0% -> XYZ in 0.250000 -> bt.1886 0.052110, log/log 2.131, Lab 27.327708 -0.000000 -0.000000
2019-05-01 18:11:30,519  In  30.0% -> XYZ in 0.300000 -> bt.1886 0.074662, log/log 2.155, Lab 32.845418 -0.000000 -0.000000
2019-05-01 18:11:30,519  In  35.0% -> XYZ in 0.350000 -> bt.1886 0.102069, log/log 2.174, Lab 38.211151 -0.000000 -0.000000
2019-05-01 18:11:30,519  In  40.0% -> XYZ in 0.400000 -> bt.1886 0.134591, log/log 2.189, Lab 43.447034 -0.000000 -0.000000
2019-05-01 18:11:30,520  In  45.0% -> XYZ in 0.450000 -> bt.1886 0.172471, log/log 2.201, Lab 48.569913 -0.000000 -0.000000
2019-05-01 18:11:30,520  In  50.0% -> XYZ in 0.500000 -> bt.1886 0.215935, log/log 2.211, Lab 53.593016 0.000000 0.000000
2019-05-01 18:11:30,520  In  55.0% -> XYZ in 0.550000 -> bt.1886 0.265196, log/log 2.220, Lab 58.526982 0.000000 0.000000
2019-05-01 18:11:30,520  In  60.0% -> XYZ in 0.600000 -> bt.1886 0.320456, log/log 2.228, Lab 63.380534 0.000000 0.000000
2019-05-01 18:11:30,522  In  65.0% -> XYZ in 0.650000 -> bt.1886 0.381907, log/log 2.234, Lab 68.160952 0.000000 0.000000
2019-05-01 18:11:30,522  In  70.0% -> XYZ in 0.700000 -> bt.1886 0.449734, log/log 2.240, Lab 72.874388 0.000000 0.000000
2019-05-01 18:11:30,523  In  75.0% -> XYZ in 0.750000 -> bt.1886 0.524113, log/log 2.246, Lab 77.526108 0.000000 0.000000
2019-05-01 18:11:30,523  In  80.0% -> XYZ in 0.800000 -> bt.1886 0.605212, log/log 2.250, Lab 82.120665 0.000000 0.000000
2019-05-01 18:11:30,523  In  85.0% -> XYZ in 0.850000 -> bt.1886 0.693195, log/log 2.255, Lab 86.662032 0.000000 0.000000
2019-05-01 18:11:30,523  In  90.0% -> XYZ in 0.900000 -> bt.1886 0.788220, log/log 2.259, Lab 91.153703 0.000000 0.000000
2019-05-01 18:11:30,523  In  95.0% -> XYZ in 0.950000 -> bt.1886 0.890439, log/log 2.262, Lab 95.598772 0.000000 -0.000000
2019-05-01 18:11:30,523  In 100.0% -> XYZ in 1.000000 -> bt.1886 1.000000, log/log 0.000, Lab 100.000000 0.000000 0.000000
2019-05-01 18:11:30,523 Creating link profile
2019-05-01 18:11:30,529 Filling in Lut table
2019-05-01 18:11:30,529  0%
2019-05-01 18:11:30,779  0%
2019-05-01 18:11:31,546  1%
2019-05-01 18:11:32,029  2%
2019-05-01 18:11:32,523  3%
2019-05-01 18:11:32,944  4%
2019-05-01 18:11:33,709  5%
2019-05-01 18:11:35,183  6%
2019-05-01 18:11:35,733  7%
2019-05-01 18:11:36,122  8%
2019-05-01 18:11:36,505  9%
2019-05-01 18:11:36,936 10%
2019-05-01 18:11:37,342 11%
2019-05-01 18:11:37,760 12%
2019-05-01 18:11:38,171 13%
2019-05-01 18:11:38,575 14%
2019-05-01 18:11:39,180 15%
2019-05-01 18:11:39,871 16%
2019-05-01 18:11:40,691 17%
2019-05-01 18:11:41,937 18%
2019-05-01 18:11:42,697 19%
2019-05-01 18:11:43,421 20%
2019-05-01 18:11:44,184 21%
2019-05-01 18:11:45,048 22%
2019-05-01 18:11:45,828 23%
2019-05-01 18:11:48,480 24%
2019-05-01 18:11:49,417 25%
2019-05-01 18:11:49,851 26%
2019-05-01 18:11:50,301 27%
2019-05-01 18:11:50,719 28%
2019-05-01 18:11:51,648 29%
2019-05-01 18:11:52,849 30%
2019-05-01 18:11:53,368 31%
2019-05-01 18:11:53,815 32%
2019-05-01 18:11:54,239 33%
2019-05-01 18:11:54,763 34%
2019-05-01 18:11:55,938 35%
2019-05-01 18:11:58,344 36%
2019-05-01 18:11:59,923 37%
2019-05-01 18:12:00,773 38%
2019-05-01 18:12:01,516 39%
2019-05-01 18:12:02,286 40%
2019-05-01 18:12:04,746 41%
2019-05-01 18:12:08,344 42%
2019-05-01 18:12:09,270 43%
2019-05-01 18:12:09,763 44%
2019-05-01 18:12:10,265 45%
2019-05-01 18:12:11,194 46%
2019-05-01 18:12:13,811 47%
2019-05-01 18:12:15,216 48%
2019-05-01 18:12:15,644 49%
2019-05-01 18:12:16,096 50%
2019-05-01 18:12:16,526 51%
2019-05-01 18:12:16,959 52%
2019-05-01 18:12:17,644 53%
2019-05-01 18:12:18,663 54%
2019-05-01 18:12:19,391 55%
2019-05-01 18:12:20,114 56%
2019-05-01 18:12:20,894 57%
2019-05-01 18:12:21,614 58%
2019-05-01 18:12:22,556 59%
2019-05-01 18:12:24,165 60%
2019-05-01 18:12:25,068 61%
2019-05-01 18:12:25,891 62%
2019-05-01 18:12:26,671 63%
2019-05-01 18:12:27,473 64%
2019-05-01 18:12:28,844 65%
2019-05-01 18:12:29,549 66%
2019-05-01 18:12:29,982 67%
2019-05-01 18:12:30,428 68%
2019-05-01 18:12:30,862 69%
2019-05-01 18:12:31,318 70%
2019-05-01 18:12:32,111 71%
2019-05-01 18:12:33,000 72%
2019-05-01 18:12:33,405 73%
2019-05-01 18:12:33,805 74%
2019-05-01 18:12:34,201 75%
2019-05-01 18:12:34,621 76%
2019-05-01 18:12:35,375 77%
2019-05-01 18:12:36,154 78%
2019-05-01 18:12:36,555 79%
2019-05-01 18:12:36,960 80%
2019-05-01 18:12:37,355 81%
2019-05-01 18:12:37,760 82%
2019-05-01 18:12:38,644 83%
2019-05-01 18:12:40,994 84%
2019-05-01 18:12:41,996 85%
2019-05-01 18:12:42,704 86%
2019-05-01 18:12:43,375 87%
2019-05-01 18:12:44,069 88%
2019-05-01 18:12:46,013 89%
2019-05-01 18:12:48,279 90%
2019-05-01 18:12:48,927 91%
2019-05-01 18:12:49,365 92%
2019-05-01 18:12:49,943 93%
2019-05-01 18:12:50,858 94%
2019-05-01 18:12:52,233 95%
2019-05-01 18:12:53,627 96%
2019-05-01 18:12:54,369 97%
2019-05-01 18:12:55,503 98%
2019-05-01 18:12:55,973 99%
2019-05-01 18:12:56,266 100%
2019-05-01 18:12:56,266 Writing ICC file 'madVR 2019-05-01 17-25 0.3127x 0.329y S XYZLUT+MTX.Rec709.B0.0,2.4Gawt65.icm'
2019-05-01 18:12:56,276 Writing MadVR 3dLut 'madVR 2019-05-01 17-25 0.3127x 0.329y S XYZLUT+MTX.Rec709.B0.0,2.4Gawt65.3dlut'
2019-05-01 18:13:01,621 Appending linearcalibration curves
2019-05-01 18:13:01,826 
2019-05-01 18:13:01,826 There is 1 rev cache instance with 1610 Mbytes limit
2019-05-01 18:13:02,032 DisplayCAL: Reached EOF (OK)
2019-05-01 18:13:02,035 Finished creating 3D LUT in 140.401000023 seconds
