2019-05-01 17:26:12,187 --------------------------------------------------------------------------------
2019-05-01 17:26:12,831 Connected to madVR version 0.92.17.0 (F:\MPC\Essentials\madVR\madHcNet32.dll)
2019-05-01 17:26:12,911 Output levels: 0-255
2019-05-01 17:26:12,914 Pattern area: 100%
2019-05-01 17:26:12,914 Background level: 30%
2019-05-01 17:26:12,914 Background mode: APL linear
2019-05-01 17:26:12,914 Border width: 20 pixels
2019-05-01 17:26:12,915 
2019-05-01 17:26:12,917 Working directory:
2019-05-01 17:26:12,917   c:\
2019-05-01 17:26:12,917    users\
2019-05-01 17:26:12,917     tang-\
2019-05-01 17:26:12,918      appdata\
2019-05-01 17:26:12,918       local\
2019-05-01 17:26:12,918        temp\
2019-05-01 17:26:12,920         DisplayCAL-pei7jv\
2019-05-01 17:26:12,920 
2019-05-01 17:26:12,921 Command line:
2019-05-01 17:26:12,921   C:\Users\tang-\AppData\Roaming\DisplayCAL\dl\Argyll_V2.1.0_mod\bin\dispcal.exe
2019-05-01 17:26:12,921     "-P0.5,0.5,10.000000"
2019-05-01 17:26:12,921     -v2
2019-05-01 17:26:12,923     -dmadvr
2019-05-01 17:26:12,923     -c1
2019-05-01 17:26:12,924     -yn
2019-05-01 17:26:12,924     -Ibw
2019-05-01 17:26:12,924     "-w0.3127,0.329"
2019-05-01 17:26:12,924     -b
2019-05-01 17:26:12,926     "madVR 2019-05-01 17-25 0.3127x 0.329y S XYZLUT+MTX"
2019-05-01 17:26:12,927 
2019-05-01 17:26:14,640 DisplayCAL: Starting interaction with subprocess
2019-05-01 17:26:14,641 Setting up the instrument
2019-05-01 17:26:15,653 Product Name:      i1Display3
2019-05-01 17:26:15,654 Serial Number:     I1-17.B-02.285149.10
2019-05-01 17:26:15,654 Firmware Version:  v2.28
2019-05-01 17:26:15,654 Firmware Date:     29Jan14
2019-05-01 17:26:15,887 Created MadVR window
2019-05-01 17:26:16,753 Place instrument on test window.
2019-05-01 17:26:16,756 DisplayCAL: Waiting for send buffer
2019-05-01 17:26:18,256 DisplayCAL: Skipping place instrument on screen message...
2019-05-01 17:26:18,269 DisplayCAL: Sending buffer: ' '
2019-05-01 17:26:18,270 Hit Esc or Q to give up, any other key to continue:
2019-05-01 17:26:18,272 Display type is 'n'
2019-05-01 17:26:18,272 Target white = xy 0.312700 0.329000
2019-05-01 17:26:18,272 Target white brightness = native brightness
2019-05-01 17:26:18,276 Target black brightness = native brightness
2019-05-01 17:26:18,276 Black point device hack is enabled
2019-05-01 17:26:18,276 Target advertised gamma = 2.400000
2019-05-01 17:26:18,276 
2019-05-01 17:26:18,276 Display adjustment menu:
2019-05-01 17:26:18,278 Press 1 .. 7
2019-05-01 17:26:18,278 1) Black level (CRT: Offset/Brightness)
2019-05-01 17:26:18,278 2) White point (Color temperature, R,G,B, Gain/Contrast)
2019-05-01 17:26:18,278 3) White level (CRT: Gain/Contrast, LCD: Brightness/Backlight)
2019-05-01 17:26:18,279 4) Black point (R,G,B, Offset/Brightness)
2019-05-01 17:26:18,279 5) Check all
2019-05-01 17:26:18,279 6) Measure and set ambient for viewing condition adjustment
2019-05-01 17:26:18,279 7) Continue on to calibration
2019-05-01 17:26:18,279 8) Exit
2019-05-01 17:26:18,282 DisplayCAL: Waiting for send buffer
2019-05-01 17:26:19,289 DisplayCAL: Sending buffer: '2'
2019-05-01 17:26:19,292 Doing some initial measurements
2019-05-01 17:26:22,479 Measured display update delay of 0 msec, using delay of 100 msec & 0 msec inst reaction
2019-05-01 17:26:27,730 Red   = XYZ 82.060 42.720  0.255
2019-05-01 17:26:27,730 Green = XYZ 80.174 161.035 17.807
2019-05-01 17:26:27,730 Blue  = XYZ 39.697 12.007 221.838
2019-05-01 17:26:28,930 White = XYZ 202.801 216.398 241.318
2019-05-01 17:26:28,930 
2019-05-01 17:26:28,931 Adjust R,G & B gain to get target x,y. Press space when done.
2019-05-01 17:26:28,934    Target Br 216.40, x 0.3127 , y 0.3290
2019-05-01 17:26:35,108 DisplayCAL: Sending buffer: ' '
2019-05-01 17:26:35,786 / Current Br 216.40, x 0.3070+, y 0.3276+  DE  3.5  R++ G-  B+
2019-05-01 17:26:35,786 
2019-05-01 17:26:35,786 Press 1 .. 7
2019-05-01 17:26:35,788 1) Black level (CRT: Offset/Brightness)
2019-05-01 17:26:35,788 2) White point (Color temperature, R,G,B, Gain/Contrast)
2019-05-01 17:26:35,788 3) White level (CRT: Gain/Contrast, LCD: Brightness/Backlight)
2019-05-01 17:26:35,788 4) Black point (R,G,B, Offset/Brightness)
2019-05-01 17:26:35,789 5) Check all
2019-05-01 17:26:35,790 6) Measure and set ambient for viewing condition adjustment
2019-05-01 17:26:35,790 7) Continue on to calibration
2019-05-01 17:26:35,790 8) Exit
2019-05-01 17:26:35,792 DisplayCAL: Waiting for send buffer
2019-05-01 17:26:36,296 DisplayCAL: Sending buffer: '8'
2019-05-01 17:26:36,299 Exiting
2019-05-01 17:26:36,299 The instrument can be removed from the screen.
2019-05-01 17:26:36,502 DisplayCAL: Reached EOF (OK)
2019-05-01 17:26:36,536 --------------------------------------------------------------------------------
2019-05-01 17:26:37,178 Connected to madVR version 0.92.17.0 (F:\MPC\Essentials\madVR\madHcNet32.dll)
2019-05-01 17:26:37,227 Output levels: 0-255
2019-05-01 17:26:37,230 Pattern area: 100%
2019-05-01 17:26:37,230 Background level: 30%
2019-05-01 17:26:37,230 Background mode: APL linear
2019-05-01 17:26:37,230 Border width: 20 pixels
2019-05-01 17:26:37,230 
2019-05-01 17:26:37,230 Working directory:
2019-05-01 17:26:37,230   c:\
2019-05-01 17:26:37,232    users\
2019-05-01 17:26:37,232     tang-\
2019-05-01 17:26:37,232      appdata\
2019-05-01 17:26:37,232       local\
2019-05-01 17:26:37,233        temp\
2019-05-01 17:26:37,233         DisplayCAL-pei7jv\
2019-05-01 17:26:37,233 
2019-05-01 17:26:37,233 Command line:
2019-05-01 17:26:37,233   C:\Users\tang-\AppData\Roaming\DisplayCAL\dl\Argyll_V2.1.0_mod\bin\dispread.exe
2019-05-01 17:26:37,233     "-P0.5,0.5,10.000000"
2019-05-01 17:26:37,234     -v
2019-05-01 17:26:37,234     -dmadvr
2019-05-01 17:26:37,234     -c1
2019-05-01 17:26:37,236     -yn
2019-05-01 17:26:37,236     -Ibw
2019-05-01 17:26:37,236     -K
2019-05-01 17:26:37,236     "madVR 2019-05-01 17-25 0.3127x 0.329y S XYZLUT+MTX.cal"
2019-05-01 17:26:37,236     "madVR 2019-05-01 17-25 0.3127x 0.329y S XYZLUT+MTX"
2019-05-01 17:26:37,236 
2019-05-01 17:26:37,726 DisplayCAL: Starting interaction with subprocess
2019-05-01 17:26:38,193 Number of patches = 34
2019-05-01 17:26:38,194 Setting up the instrument
2019-05-01 17:26:39,338 Product Name:      i1Display3
2019-05-01 17:26:39,338 Serial Number:     I1-17.B-02.285149.10
2019-05-01 17:26:39,338 Firmware Version:  v2.28
2019-05-01 17:26:39,338 Firmware Date:     29Jan14
2019-05-01 17:26:39,592 Created MadVR window
2019-05-01 17:26:40,440 Place instrument on test window.
2019-05-01 17:26:40,441 DisplayCAL: Waiting for send buffer
2019-05-01 17:26:41,928 DisplayCAL: Skipping place instrument on screen message...
2019-05-01 17:26:41,953 DisplayCAL: Sending buffer: ' '
2019-05-01 17:26:41,956 Hit Esc or Q to give up, any other key to continue:
2019-05-01 17:26:45,127 Measured display update delay of 0 msec, using delay of 100 msec & 0 msec inst reaction
2019-05-01 17:27:45,158 Patch 34 of 34
2019-05-01 17:27:45,160 Black drift was 0.002579 DE
2019-05-01 17:27:45,160 White drift was 0.060910 DE
2019-05-01 17:27:45,160 The instrument can be removed from the screen.
2019-05-01 17:27:45,213 Written 'madVR 2019-05-01 17-25 0.3127x 0.329y S XYZLUT+MTX.ti3'
2019-05-01 17:27:45,316 DisplayCAL: Reached EOF (OK)
2019-05-01 17:27:45,905 Successfully disconnected from madTPG
2019-05-01 17:27:45,927 --------------------------------------------------------------------------------
2019-05-01 17:27:45,928 Working directory:
2019-05-01 17:27:45,930   c:\
2019-05-01 17:27:45,930    users\
2019-05-01 17:27:45,930     tang-\
2019-05-01 17:27:45,930      appdata\
2019-05-01 17:27:45,931       local\
2019-05-01 17:27:45,931        temp\
2019-05-01 17:27:45,933         DisplayCAL-pei7jv\
2019-05-01 17:27:45,933 
2019-05-01 17:27:45,933 Command line:
2019-05-01 17:27:45,933   C:\Users\tang-\AppData\Roaming\DisplayCAL\dl\Argyll_V2.1.0_mod\bin\colprof.exe
2019-05-01 17:27:45,934     -v
2019-05-01 17:27:45,934     -qh
2019-05-01 17:27:45,934     -as
2019-05-01 17:27:45,934     "madVR 2019-05-01 17-25 0.3127x 0.329y S XYZLUT+MTX"
2019-05-01 17:27:45,934 
2019-05-01 17:27:46,730 DisplayCAL: Waiting for EOF
2019-05-01 17:27:46,746 No of test patches = 34
2019-05-01 17:27:46,746 Omitted 0 zero measurements
2019-05-01 17:27:46,746 Find white & black points
2019-05-01 17:27:46,747 Initial white point = 0.936800 0.999956 1.113892
2019-05-01 17:27:46,747 Creating matrix...
2019-05-01 17:27:46,749 
2019-05-01 17:27:46,749   0%
2019-05-01 17:27:46,750   1%
2019-05-01 17:27:46,750   2%
2019-05-01 17:27:46,750   5%
2019-05-01 17:27:46,750  10%
2019-05-01 17:27:46,750  17%
2019-05-01 17:27:46,752  19%
2019-05-01 17:27:46,752  31%
2019-05-01 17:27:46,753  36%
2019-05-01 17:27:46,753  52%
2019-05-01 17:27:46,753  55%
2019-05-01 17:27:46,753  57%
2019-05-01 17:27:46,753  70%
2019-05-01 17:27:46,755  81%
2019-05-01 17:27:46,756  100%
2019-05-01 17:27:46,756 Matrix = 0.176517 0.036457 0.188600
2019-05-01 17:27:46,756          0.074782 0.272714 0.035769
2019-05-01 17:27:46,757          -0.010006 -0.001809 0.267161
2019-05-01 17:27:46,759 Creating matrix and single gamma curve...
2019-05-01 17:27:46,759 
2019-05-01 17:27:46,759   0%
2019-05-01 17:27:46,760   1%
2019-05-01 17:27:46,760   2%
2019-05-01 17:27:46,762   3%
2019-05-01 17:27:46,762   4%
2019-05-01 17:27:46,762  12%
2019-05-01 17:27:46,763  21%
2019-05-01 17:27:46,763  30%
2019-05-01 17:27:46,763  47%
2019-05-01 17:27:46,763  69%
2019-05-01 17:27:46,765  72%
2019-05-01 17:27:46,765  81%
2019-05-01 17:27:46,765  100%
2019-05-01 17:27:46,766 Matrix = 0.400913 0.391663 0.135361
2019-05-01 17:27:46,766          0.204432 0.716679 0.041277
2019-05-01 17:27:46,766          -0.000085 0.063874 0.715027
2019-05-01 17:27:46,766 Gamma = 2.163542
2019-05-01 17:27:46,766 Creating matrix and gamma curves...
2019-05-01 17:27:46,767 
2019-05-01 17:27:46,767   0%
2019-05-01 17:27:46,778   1%
2019-05-01 17:27:46,779   9%
2019-05-01 17:27:46,779  17%
2019-05-01 17:27:46,779  47%
2019-05-01 17:27:46,779  59%
2019-05-01 17:27:46,779  100%
2019-05-01 17:27:46,780 Matrix = 0.405795 0.401368 0.134865
2019-05-01 17:27:46,780          0.206173 0.722576 0.041512
2019-05-01 17:27:46,780          -0.000108 0.066063 0.683718
2019-05-01 17:27:46,782 Gamma = 2.253206 2.181263 2.114422
2019-05-01 17:27:46,782 Creating matrix and curves...
2019-05-01 17:27:46,782 
2019-05-01 17:27:46,874   0%
2019-05-01 17:27:46,986   1%
2019-05-01 17:27:47,023   2%
2019-05-01 17:27:47,078   3%
2019-05-01 17:27:47,246   4%
2019-05-01 17:27:47,298   5%
2019-05-01 17:27:47,354   6%
2019-05-01 17:27:47,371   7%
2019-05-01 17:27:47,407   9%
2019-05-01 17:27:47,446  10%
2019-05-01 17:27:47,466  11%
2019-05-01 17:27:47,486  13%
2019-05-01 17:27:47,867  14%
2019-05-01 17:27:47,950  16%
2019-05-01 17:27:48,000  17%
2019-05-01 17:27:48,115  19%
2019-05-01 17:27:48,153  21%
2019-05-01 17:27:48,188  22%
2019-05-01 17:27:48,305  24%
2019-05-01 17:27:48,326  25%
2019-05-01 17:27:48,375  27%
2019-05-01 17:27:48,423  31%
2019-05-01 17:27:48,470  34%
2019-05-01 17:27:48,494  41%
2019-05-01 17:27:48,592  47%
2019-05-01 17:27:48,697  48%
2019-05-01 17:27:49,700  51%
2019-05-01 17:27:49,727  55%
2019-05-01 17:27:49,799  58%
2019-05-01 17:27:49,825  65%
2019-05-01 17:27:50,180  84%
2019-05-01 17:27:50,181  100%
2019-05-01 17:27:50,181 Matrix = 0.411519 0.412053 0.138650
2019-05-01 17:27:50,181          0.209947 0.744930 0.041409
2019-05-01 17:27:50,183          -0.000976 0.067277 0.745193
2019-05-01 17:27:50,183 Input offset  = -0.010892 -0.016157 -0.010145
2019-05-01 17:27:50,188 Output offset = 0.000734 0.001015 0.001580
2019-05-01 17:27:50,188 0 gamma = 2.292610 2.296145 2.421837
2019-05-01 17:27:50,188 1 harmonics = -0.033429 -0.005127 -0.030624
2019-05-01 17:27:50,190 2 harmonics = -0.038960 -0.030192 -0.037514
2019-05-01 17:27:50,190 3 harmonics = -0.037463 -0.049976 -0.062135
2019-05-01 17:27:50,190 4 harmonics = -0.055213 -0.044820 -0.057525
2019-05-01 17:27:50,190 5 harmonics = -0.039317 -0.044194 -0.045405
2019-05-01 17:27:50,190 6 harmonics = -0.028869 -0.035324 -0.046212
2019-05-01 17:27:50,191 7 harmonics = -0.015041 -0.028307 -0.029744
2019-05-01 17:27:50,191 8 harmonics = -0.011549 -0.023032 -0.029913
2019-05-01 17:27:50,191 9 harmonics = -0.012377 -0.024647 -0.031997
2019-05-01 17:27:50,193 10 harmonics = -0.009292 -0.029068 -0.037363
2019-05-01 17:27:50,193 11 harmonics = -0.006430 -0.026296 -0.052929
2019-05-01 17:27:50,193 Doing White point fine tune:
2019-05-01 17:27:50,194 Before fine tune, rel WP = XYZ 0.96222199 0.99628572 0.81149383, Lab 99.856203 0.277175 0.841889
2019-05-01 17:27:50,194 After fine tune, rel WP = XYZ 0.96420288 1.00000000 0.82490540, Lab 100.000000 0.000000 0.000000
2019-05-01 17:27:50,194                  abs WP = XYZ 0.93409486 0.99593168 1.09569037, Lab 99.842478 -4.580456 -20.120625
2019-05-01 17:27:50,196 Black point XYZ = 0.00081180 0.00082247 0.00158264, Lab = 0.742931 0.075823 -1.707077
2019-05-01 17:27:50,196 Scaling White Point by 1.004085 to make Y = 1.0
2019-05-01 17:27:50,196 Display Luminance = 215.516040
2019-05-01 17:27:50,197 White point XYZ = 0.937911 1.000000 1.100166
2019-05-01 17:27:50,197 Black point XYZ = 0.000815 0.000826 0.001589
2019-05-01 17:27:50,197 Done gamma/shaper and matrix creation
2019-05-01 17:27:50,197 Profile done
2019-05-01 17:27:50,200 Profile check complete, peak err = 0.954316, avg err = 0.387471, RMS = 0.475492
2019-05-01 17:27:50,305 DisplayCAL: Reached EOF (OK)
2019-05-01 17:27:54,308 --------------------------------------------------------------------------------
2019-05-01 17:27:54,309 Working directory:
2019-05-01 17:27:54,309   c:\
2019-05-01 17:27:54,309    users\
2019-05-01 17:27:54,309     tang-\
2019-05-01 17:27:54,309      appdata\
2019-05-01 17:27:54,309       local\
2019-05-01 17:27:54,309        temp\
2019-05-01 17:27:54,309         DisplayCAL-pei7jv\
2019-05-01 17:27:54,311 
2019-05-01 17:27:54,311 Command line:
2019-05-01 17:27:54,311   C:\Users\tang-\AppData\Roaming\DisplayCAL\dl\Argyll_V2.1.0_mod\bin\targen.exe
2019-05-01 17:27:54,311     -v
2019-05-01 17:27:54,312     -d3
2019-05-01 17:27:54,312     -e4
2019-05-01 17:27:54,312     -s33
2019-05-01 17:27:54,312     -g97
2019-05-01 17:27:54,312     -m0
2019-05-01 17:27:54,312     -f1519
2019-05-01 17:27:54,312     -A1.0
2019-05-01 17:27:54,312     -G
2019-05-01 17:27:54,313     -N0.5
2019-05-01 17:27:54,313     -B4
2019-05-01 17:27:54,313     -b0
2019-05-01 17:27:54,313     -V1.6
2019-05-01 17:27:54,315     -c
2019-05-01 17:27:54,315     "madVR 2019-05-01 17-25 0.3127x 0.329y S XYZLUT+MTX.icm"
2019-05-01 17:27:54,315     "madVR 2019-05-01 17-25 0.3127x 0.329y S XYZLUT+MTX"
2019-05-01 17:27:54,315 
2019-05-01 17:27:55,023 DisplayCAL: Waiting for EOF
2019-05-01 17:27:55,028 RGB test chart
2019-05-01 17:27:55,028 White patches = 4
2019-05-01 17:27:55,029 Black patches = 4
2019-05-01 17:27:55,029 Single channel steps = 33
2019-05-01 17:27:55,029 Composite Grey steps = 97
2019-05-01 17:27:55,029 Full spread patches = 1519
2019-05-01 17:27:55,029 Degree of adaptation: 1.000
2019-05-01 17:27:55,030 Adaptation weights: Device = 0.350, Perceptual = 0.650, Curvature = 1.000
2019-05-01 17:27:55,030 Perceptual cache resolution = 13
2019-05-01 17:27:55,030 Seeding cache...done
2019-05-01 17:27:55,032 Acceleration grid res = 12
2019-05-01 17:27:55,032 
2019-05-01 17:27:55,032 There are 193 unique fixed points to add (199 total fixed points)
2019-05-01 17:27:55,032 There are 1320 far spread points to add
2019-05-01 17:27:55,032 
2019-05-01 17:27:55,032 Added 12/1513
2019-05-01 17:27:55,036 Added 23/1513
2019-05-01 17:27:55,038 Added 34/1513
2019-05-01 17:27:55,038 Added 45/1513
2019-05-01 17:27:55,039 Added 56/1513
2019-05-01 17:27:55,042 Added 67/1513
2019-05-01 17:27:55,045 Added 78/1513
2019-05-01 17:27:55,048 Added 89/1513
2019-05-01 17:27:55,051 Added 100/1513
2019-05-01 17:27:55,055 Added 111/1513
2019-05-01 17:27:55,059 Added 122/1513
2019-05-01 17:27:55,062 Added 133/1513
2019-05-01 17:27:55,065 Added 144/1513
2019-05-01 17:27:55,069 Added 155/1513
2019-05-01 17:27:55,072 Added 166/1513
2019-05-01 17:27:55,075 Added 177/1513
2019-05-01 17:27:55,078 Added 188/1513
2019-05-01 17:27:55,082 Added 199/1513
2019-05-01 17:27:55,086 Added 210/1513
2019-05-01 17:27:55,092 Added 221/1513
2019-05-01 17:27:55,096 Added 232/1513
2019-05-01 17:27:55,101 Added 243/1513
2019-05-01 17:27:55,109 Added 254/1513
2019-05-01 17:27:55,114 Added 265/1513
2019-05-01 17:27:55,118 Added 276/1513
2019-05-01 17:27:55,124 Added 287/1513
2019-05-01 17:27:55,128 Added 298/1513
2019-05-01 17:27:55,131 Added 309/1513
2019-05-01 17:27:55,138 Added 320/1513
2019-05-01 17:27:55,147 Added 331/1513
2019-05-01 17:27:55,153 Added 342/1513
2019-05-01 17:27:55,157 Added 353/1513
2019-05-01 17:27:55,163 Added 364/1513
2019-05-01 17:27:55,167 Added 375/1513
2019-05-01 17:27:55,171 Added 386/1513
2019-05-01 17:27:55,174 Added 397/1513
2019-05-01 17:27:55,180 Added 408/1513
2019-05-01 17:27:55,188 Added 419/1513
2019-05-01 17:27:55,193 Added 430/1513
2019-05-01 17:27:55,197 Added 441/1513
2019-05-01 17:27:55,200 Added 452/1513
2019-05-01 17:27:55,206 Added 463/1513
2019-05-01 17:27:55,209 Added 474/1513
2019-05-01 17:27:55,210 Added 485/1513
2019-05-01 17:27:55,216 Added 496/1513
2019-05-01 17:27:55,220 Added 507/1513
2019-05-01 17:27:55,223 Added 518/1513
2019-05-01 17:27:55,226 Added 529/1513
2019-05-01 17:27:55,232 Added 540/1513
2019-05-01 17:27:55,236 Added 551/1513
2019-05-01 17:27:55,240 Added 562/1513
2019-05-01 17:27:55,243 Added 573/1513
2019-05-01 17:27:55,249 Added 584/1513
2019-05-01 17:27:55,252 Added 595/1513
2019-05-01 17:27:55,255 Added 606/1513
2019-05-01 17:27:55,259 Added 617/1513
2019-05-01 17:27:55,263 Added 628/1513
2019-05-01 17:27:55,266 Added 639/1513
2019-05-01 17:27:55,269 Added 650/1513
2019-05-01 17:27:55,273 Added 661/1513
2019-05-01 17:27:55,276 Added 672/1513
2019-05-01 17:27:55,279 Added 683/1513
2019-05-01 17:27:55,283 Added 694/1513
2019-05-01 17:27:55,286 Added 705/1513
2019-05-01 17:27:55,289 Added 716/1513
2019-05-01 17:27:55,293 Added 727/1513
2019-05-01 17:27:55,296 Added 738/1513
2019-05-01 17:27:55,301 Added 749/1513
2019-05-01 17:27:55,303 Added 760/1513
2019-05-01 17:27:55,308 Added 771/1513
2019-05-01 17:27:55,311 Added 782/1513
2019-05-01 17:27:55,313 Added 793/1513
2019-05-01 17:27:55,319 Added 804/1513
2019-05-01 17:27:55,322 Added 815/1513
2019-05-01 17:27:55,323 Added 826/1513
2019-05-01 17:27:55,328 Added 837/1513
2019-05-01 17:27:55,332 Added 848/1513
2019-05-01 17:27:55,335 Added 859/1513
2019-05-01 17:27:55,341 Added 870/1513
2019-05-01 17:27:55,344 Added 881/1513
2019-05-01 17:27:55,345 Added 892/1513
2019-05-01 17:27:55,351 Added 903/1513
2019-05-01 17:27:55,354 Added 914/1513
2019-05-01 17:27:55,362 Added 925/1513
2019-05-01 17:27:55,365 Added 936/1513
2019-05-01 17:27:55,368 Added 947/1513
2019-05-01 17:27:55,372 Added 958/1513
2019-05-01 17:27:55,375 Added 969/1513
2019-05-01 17:27:55,380 Added 980/1513
2019-05-01 17:27:55,384 Added 991/1513
2019-05-01 17:27:55,387 Added 1002/1513
2019-05-01 17:27:55,391 Added 1013/1513
2019-05-01 17:27:55,394 Added 1024/1513
2019-05-01 17:27:55,397 Added 1035/1513
2019-05-01 17:27:55,401 Added 1046/1513
2019-05-01 17:27:55,404 Added 1057/1513
2019-05-01 17:27:55,405 Added 1068/1513
2019-05-01 17:27:55,410 Added 1079/1513
2019-05-01 17:27:55,411 Added 1090/1513
2019-05-01 17:27:55,415 Added 1101/1513
2019-05-01 17:27:55,418 Added 1112/1513
2019-05-01 17:27:55,423 Added 1123/1513
2019-05-01 17:27:55,427 Added 1134/1513
2019-05-01 17:27:55,430 Added 1145/1513
2019-05-01 17:27:55,434 Added 1156/1513
2019-05-01 17:27:55,437 Added 1167/1513
2019-05-01 17:27:55,440 Added 1178/1513
2019-05-01 17:27:55,444 Added 1189/1513
2019-05-01 17:27:55,447 Added 1200/1513
2019-05-01 17:27:55,450 Added 1211/1513
2019-05-01 17:27:55,454 Added 1222/1513
2019-05-01 17:27:55,457 Added 1233/1513
2019-05-01 17:27:55,461 Added 1244/1513
2019-05-01 17:27:55,466 Added 1255/1513
2019-05-01 17:27:55,467 Added 1266/1513
2019-05-01 17:27:55,471 Added 1277/1513
2019-05-01 17:27:55,474 Added 1288/1513
2019-05-01 17:27:55,477 Added 1299/1513
2019-05-01 17:27:55,483 Added 1310/1513
2019-05-01 17:27:55,486 Added 1321/1513
2019-05-01 17:27:55,490 Added 1332/1513
2019-05-01 17:27:55,493 Added 1343/1513
2019-05-01 17:27:55,497 Added 1354/1513
2019-05-01 17:27:55,500 Added 1365/1513
2019-05-01 17:27:55,503 Added 1376/1513
2019-05-01 17:27:55,509 Added 1387/1513
2019-05-01 17:27:55,515 Added 1398/1513
2019-05-01 17:27:55,520 Added 1409/1513
2019-05-01 17:27:55,525 Added 1420/1513
2019-05-01 17:27:55,529 Added 1431/1513
2019-05-01 17:27:55,532 Added 1442/1513
2019-05-01 17:27:55,538 Added 1453/1513
2019-05-01 17:27:55,542 Added 1464/1513
2019-05-01 17:27:55,545 Added 1475/1513
2019-05-01 17:27:55,549 Added 1486/1513
2019-05-01 17:27:55,553 Added 1497/1513
2019-05-01 17:27:55,555 Added 1508/1513
2019-05-01 17:27:55,555 Added 1513/1513
2019-05-01 17:27:55,576 After seeding points: MinPoint = 0.601, Min = 0.488, Avg. = 7.907, Max = 10.486, 0.7 secs
2019-05-01 17:27:55,595 Re-seeding
2019-05-01 17:27:56,138 It 1: Maxmv = 0.171090, MinPoint = 0.601, Min = 0.595, Avg. = 7.929, Max = 12.085, 0.6 secs.
2019-05-01 17:27:56,158 Re-seeding
2019-05-01 17:27:56,674 It 2: Maxmv = 0.114262, MinPoint = 0.601, Min = 0.595, Avg. = 7.866, Max = 11.669, 0.5 secs.
2019-05-01 17:27:56,697 Re-seeding
2019-05-01 17:27:57,233 It 3: Maxmv = 0.093696, MinPoint = 0.601, Min = 0.595, Avg. = 7.835, Max = 11.618, 0.6 secs.
2019-05-01 17:27:57,253 Re-seeding
2019-05-01 17:27:57,756 It 4: Maxmv = 0.091437, MinPoint = 0.601, Min = 0.595, Avg. = 7.766, Max = 11.776, 0.5 secs.
2019-05-01 17:27:57,780 Re-seeding
2019-05-01 17:27:58,345 It 5: Maxmv = 0.065442, MinPoint = 0.601, Min = 0.595, Avg. = 7.730, Max = 11.625, 0.6 secs.
2019-05-01 17:27:58,368 Re-seeding
2019-05-01 17:27:59,138 It 6: Maxmv = 0.064407, MinPoint = 0.601, Min = 0.595, Avg. = 7.685, Max = 10.986, 0.8 secs.
2019-05-01 17:27:59,161 Re-seeding
2019-05-01 17:27:59,838 It 7: Maxmv = 0.051971, MinPoint = 0.601, Min = 0.595, Avg. = 7.648, Max = 10.611, 0.7 secs.
2019-05-01 17:27:59,859 Re-seeding
2019-05-01 17:28:00,561 It 8: Maxmv = 0.049404, MinPoint = 0.601, Min = 0.595, Avg. = 7.621, Max = 10.511, 0.7 secs.
2019-05-01 17:28:00,584 Re-seeding
2019-05-01 17:28:01,322 It 9: Maxmv = 0.040136, MinPoint = 0.601, Min = 0.595, Avg. = 7.589, Max = 10.129, 0.8 secs.
2019-05-01 17:28:01,351 Re-seeding
2019-05-01 17:28:02,032 It 10: Maxmv = 0.043693, MinPoint = 0.601, Min = 0.595, Avg. = 7.568, Max = 9.925, 0.7 secs.
2019-05-01 17:28:02,061 Re-seeding
2019-05-01 17:28:02,844 It 11: Maxmv = 0.032714, MinPoint = 0.601, Min = 0.595, Avg. = 7.545, Max = 9.867, 0.8 secs.
2019-05-01 17:28:02,891 Re-seeding
2019-05-01 17:28:03,549 It 12: Maxmv = 0.033950, MinPoint = 0.601, Min = 0.595, Avg. = 7.526, Max = 9.678, 0.7 secs.
2019-05-01 17:28:03,572 Re-seeding
2019-05-01 17:28:04,259 It 13: Maxmv = 0.020714, MinPoint = 0.601, Min = 0.595, Avg. = 7.518, Max = 10.700, 0.7 secs.
2019-05-01 17:28:04,283 Re-seeding
2019-05-01 17:28:04,964 It 14: Maxmv = 0.021546, MinPoint = 0.601, Min = 0.595, Avg. = 7.509, Max = 9.368, 0.7 secs.
2019-05-01 17:28:04,986 Re-seeding
2019-05-01 17:28:05,581 It 15: Maxmv = 0.013593, MinPoint = 0.601, Min = 0.595, Avg. = 7.502, Max = 9.461, 0.6 secs.
2019-05-01 17:28:05,621 Re-seeding
2019-05-01 17:28:06,466 It 16: Maxmv = 0.009710, MinPoint = 0.601, Min = 0.595, Avg. = 7.501, Max = 9.389, 0.9 secs.
2019-05-01 17:28:06,496 Re-seeding
2019-05-01 17:28:07,217 It 17: Maxmv = 0.006303, MinPoint = 0.601, Min = 0.595, Avg. = 7.502, Max = 9.724, 0.8 secs.
2019-05-01 17:28:07,236 Re-seeding
2019-05-01 17:28:08,049 It 18: Maxmv = 0.006133, MinPoint = 0.601, Min = 0.595, Avg. = 7.502, Max = 9.417, 0.8 secs.
2019-05-01 17:28:08,071 Re-seeding
2019-05-01 17:28:08,802 It 19: Maxmv = 0.001461, MinPoint = 0.601, Min = 0.595, Avg. = 7.503, Max = 9.418, 0.8 secs.
2019-05-01 17:28:08,823 Re-seeding
2019-05-01 17:28:09,539 It 20: Maxmv = 0.001550, MinPoint = 0.601, Min = 0.595, Avg. = 7.503, Max = 9.405, 0.7 secs.
2019-05-01 17:28:09,539 After optimization: MinPoint = 0.601, Min = 0.595, Avg. = 7.503, Max = 9.405
2019-05-01 17:28:09,543 Extra display response delay = 856.086694 sec., optimizing....
2019-05-01 17:28:09,543 
2019-05-01 17:28:09,654  0%
2019-05-01 17:28:09,776 16%
2019-05-01 17:28:09,903 19%
2019-05-01 17:28:10,023 21%
2019-05-01 17:28:10,174 23%
2019-05-01 17:28:10,323 23%
2019-05-01 17:28:10,446 23%
2019-05-01 17:28:10,575 24%
2019-05-01 17:28:10,713 24%
2019-05-01 17:28:10,913 33%
2019-05-01 17:28:11,075 40%
2019-05-01 17:28:11,237 43%
2019-05-01 17:28:11,398 46%
2019-05-01 17:28:11,532 47%
2019-05-01 17:28:11,664 48%
2019-05-01 17:28:11,806 48%
2019-05-01 17:28:11,947 49%
2019-05-01 17:28:12,078 48%
2019-05-01 17:28:12,250 49%
2019-05-01 17:28:12,424 49%
2019-05-01 17:28:12,556 49%
2019-05-01 17:28:12,729 49%
2019-05-01 17:28:12,875 49%
2019-05-01 17:28:13,006 49%
2019-05-01 17:28:13,161 49%
2019-05-01 17:28:13,311 58%
2019-05-01 17:28:13,525 65%
2019-05-01 17:28:13,676 68%
2019-05-01 17:28:13,875 70%
2019-05-01 17:28:14,030 72%
2019-05-01 17:28:14,193 72%
2019-05-01 17:28:14,351 73%
2019-05-01 17:28:14,493 73%
2019-05-01 17:28:14,663 74%
2019-05-01 17:28:14,813 74%
2019-05-01 17:28:14,986 74%
2019-05-01 17:28:15,154 84%
2019-05-01 17:28:15,296 90%
2019-05-01 17:28:15,446 93%
2019-05-01 17:28:15,647 95%
2019-05-01 17:28:15,802 97%
2019-05-01 17:28:15,987 98%
2019-05-01 17:28:16,121 98%
2019-05-01 17:28:16,256 99%
2019-05-01 17:28:16,256 99%
2019-05-01 17:28:16,256 100%
2019-05-01 17:28:16,256 100%
2019-05-01 17:28:16,257 Optimised display response delay = 517.375014 sec.
2019-05-01 17:28:16,259 Total number of patches = 1519
2019-05-01 17:28:16,259 Execution time = 21.344000 seconds
2019-05-01 17:28:16,368 DisplayCAL: Reached EOF (OK)
2019-05-01 17:28:16,384 --------------------------------------------------------------------------------
2019-05-01 17:28:16,437 Connected to madVR version 0.92.17.0 (F:\MPC\Essentials\madVR\madHcNet32.dll)
2019-05-01 17:28:16,493 Output levels: 0-255
2019-05-01 17:28:16,494 Pattern area: 100%
2019-05-01 17:28:16,496 Background level: 30%
2019-05-01 17:28:16,496 Background mode: APL linear
2019-05-01 17:28:16,496 Border width: 20 pixels
2019-05-01 17:28:16,496 
2019-05-01 17:28:16,496 Working directory:
2019-05-01 17:28:16,496   c:\
2019-05-01 17:28:16,497    users\
2019-05-01 17:28:16,497     tang-\
2019-05-01 17:28:16,497      appdata\
2019-05-01 17:28:16,497       local\
2019-05-01 17:28:16,499        temp\
2019-05-01 17:28:16,499         DisplayCAL-pei7jv\
2019-05-01 17:28:16,499 
2019-05-01 17:28:16,499 Command line:
2019-05-01 17:28:16,500   C:\Users\tang-\AppData\Roaming\DisplayCAL\dl\Argyll_V2.1.0_mod\bin\dispread.exe
2019-05-01 17:28:16,500     "-P0.5,0.5,10.000000"
2019-05-01 17:28:16,500     -v
2019-05-01 17:28:16,500     -dmadvr
2019-05-01 17:28:16,500     -c1
2019-05-01 17:28:16,500     -yn
2019-05-01 17:28:16,502     -Ibw
2019-05-01 17:28:16,502     -K
2019-05-01 17:28:16,502     "madVR 2019-05-01 17-25 0.3127x 0.329y S XYZLUT+MTX.cal"
2019-05-01 17:28:16,502     "madVR 2019-05-01 17-25 0.3127x 0.329y S XYZLUT+MTX"
2019-05-01 17:28:16,503 
2019-05-01 17:28:17,088 DisplayCAL: Starting interaction with subprocess
2019-05-01 17:28:17,332 Number of patches = 1519
2019-05-01 17:28:17,336 Setting up the instrument
2019-05-01 17:28:18,448 Product Name:      i1Display3
2019-05-01 17:28:18,450 Serial Number:     I1-17.B-02.285149.10
2019-05-01 17:28:18,450 Firmware Version:  v2.28
2019-05-01 17:28:18,450 Firmware Date:     29Jan14
2019-05-01 17:28:18,762 Created MadVR window
2019-05-01 17:28:19,615 Place instrument on test window.
2019-05-01 17:28:19,618 DisplayCAL: Waiting for send buffer
2019-05-01 17:28:21,115 DisplayCAL: Skipping place instrument on screen message...
2019-05-01 17:28:21,130 DisplayCAL: Sending buffer: ' '
2019-05-01 17:28:21,131 Hit Esc or Q to give up, any other key to continue:
2019-05-01 17:28:24,302 Measured display update delay of 0 msec, using delay of 100 msec & 0 msec inst reaction
2019-05-01 18:08:19,805 Patch 1519 of 1519
2019-05-01 18:08:19,806 Black drift was 0.005639 DE
2019-05-01 18:08:19,806 White drift was 0.676575 DE
2019-05-01 18:08:19,808 The instrument can be removed from the screen.
2019-05-01 18:08:19,948 Written 'madVR 2019-05-01 17-25 0.3127x 0.329y S XYZLUT+MTX.ti3'
2019-05-01 18:08:20,052 DisplayCAL: Reached EOF (OK)
2019-05-01 18:08:20,632 Successfully disconnected from madTPG
2019-05-01 18:08:20,980 DisplayCAL: Adding 26 fixed points to c:\users\tang-\appdata\local\temp\DisplayCAL-pei7jv\madVR 2019-05-01 17-25 0.3127x 0.329y S XYZLUT+MTX.ti3
2019-05-01 18:08:21,171 DisplayCAL: Adding 26 fixed points to c:\users\tang-\appdata\local\temp\DisplayCAL-pei7jv\madVR 2019-05-01 17-25 0.3127x 0.329y S XYZLUT+MTX.ti1
2019-05-01 18:08:21,599 -> Preparing ChromaticityType tag from TI3 colorants
2019-05-01 18:08:21,625 -> Storing settings in TI3
2019-05-01 18:08:21,938 Applying 0% black point correction to TI3
2019-05-01 18:08:22,786 --------------------------------------------------------------------------------
2019-05-01 18:08:22,788 Working directory:
2019-05-01 18:08:22,788   c:\
2019-05-01 18:08:22,789    users\
2019-05-01 18:08:22,789     tang-\
2019-05-01 18:08:22,789      appdata\
2019-05-01 18:08:22,789       local\
2019-05-01 18:08:22,789        temp\
2019-05-01 18:08:22,789         DisplayCAL-pei7jv\
2019-05-01 18:08:22,789 
2019-05-01 18:08:22,789 Command line:
2019-05-01 18:08:22,790   C:\Users\tang-\AppData\Roaming\DisplayCAL\dl\Argyll_V2.1.0_mod\bin\colprof.exe
2019-05-01 18:08:22,790     -v
2019-05-01 18:08:22,790     -qh
2019-05-01 18:08:22,792     -ax
2019-05-01 18:08:22,792     -bl
2019-05-01 18:08:22,792     -C
2019-05-01 18:08:22,792     "No copyright. Created with DisplayCAL 3.8.0.0 and ArgyllCMS 2.1.0_mod"
2019-05-01 18:08:22,792     -M
2019-05-01 18:08:22,792     madVR
2019-05-01 18:08:22,792     -D
2019-05-01 18:08:22,792     "madVR 2019-05-01 17-25 0.3127x 0.329y S XYZLUT+MTX"
2019-05-01 18:08:22,793     "madVR 2019-05-01 17-25 0.3127x 0.329y S XYZLUT+MTX"
2019-05-01 18:08:22,793 
2019-05-01 18:08:23,499 DisplayCAL: Waiting for EOF
2019-05-01 18:08:23,500 Dark emphasis factor 1.389581 from targen
2019-05-01 18:08:23,500 No of test patches = 1545
2019-05-01 18:08:23,502 Omitted 0 zero measurements
2019-05-01 18:08:23,502 Estimating white point
2019-05-01 18:08:23,502 Approximate White point XYZ = 0.93756656 0.99990861 1.12643479, Lab = 99.996466 -4.632032 -21.892467
2019-05-01 18:08:23,503 Creating optimised per channel curves
2019-05-01 18:08:23,503 Initial White Point XYZ 0.937567 0.999909 1.126435, Lab 99.996466 -4.632032 -21.892467
2019-05-01 18:08:23,503 About to optimise temporary matrix
2019-05-01 18:08:23,503 
2019-05-01 18:08:23,561   0%
2019-05-01 18:08:23,663   9%
2019-05-01 18:08:24,263  74%
2019-05-01 18:08:24,265  100%
2019-05-01 18:08:24,265 About to optimise a common ord 0 input curve and matrix
2019-05-01 18:08:24,265 
2019-05-01 18:08:25,381   0%
2019-05-01 18:08:25,628  76%
2019-05-01 18:08:26,006  80%
2019-05-01 18:08:27,967  95%
2019-05-01 18:08:27,967  100%
2019-05-01 18:08:27,967 About to optimise a common input curve and matrix
2019-05-01 18:08:27,967 
2019-05-01 18:08:28,062   0%
2019-05-01 18:08:28,114   4%
2019-05-01 18:08:28,601  13%
2019-05-01 18:08:28,667  15%
2019-05-01 18:08:28,671  100%
2019-05-01 18:08:28,671 About to optimise input curves and matrix
2019-05-01 18:08:28,671 
2019-05-01 18:08:29,437   0%
2019-05-01 18:08:29,441  100%
2019-05-01 18:08:29,441 About to optimise output curves and matrix
2019-05-01 18:08:29,443 
2019-05-01 18:08:29,701   0%
2019-05-01 18:08:29,701  11%
2019-05-01 18:08:29,704  100%
2019-05-01 18:08:29,706 About to optimise input curves and matrix again
2019-05-01 18:08:29,706 
2019-05-01 18:08:29,984   0%
2019-05-01 18:08:29,986  18%
2019-05-01 18:08:29,986  100%
2019-05-01 18:08:29,986 About to optimise input, matrix and output together
2019-05-01 18:08:29,986 
2019-05-01 18:08:30,154   0%
2019-05-01 18:08:30,614  54%
2019-05-01 18:08:31,313  81%
2019-05-01 18:09:38,250  94%
2019-05-01 18:09:38,250  100%
2019-05-01 18:09:38,250 About to create grid position input curves
2019-05-01 18:09:38,345 Create final clut from scattered data
2019-05-01 18:09:38,398 ****************************************************************************************************************************************************************
2019-05-01 18:09:38,792 ****************************************************************************************************************************************************************
2019-05-01 18:09:39,240 ****************************************************************************************************************************************************************
2019-05-01 18:09:39,706 ****************************************************************************************************************************************************************
2019-05-01 18:09:39,885 ****************************************************************************************************************************************************************
2019-05-01 18:09:39,938 ****************************************************************************************************************************************************************
2019-05-01 18:09:40,428 ****************************************************************************************************************************************************************
2019-05-01 18:09:40,894 ****************************************************************************************************************************************************************
2019-05-01 18:09:41,404 ****************************************************************************************************************************************************************
2019-05-01 18:09:41,523 ****************************************************************************************************************************************************************
2019-05-01 18:09:41,913 ****************************************************************************************************************************************************************
2019-05-01 18:09:42,377 ****************************************************************************************************************************************************************
2019-05-01 18:09:42,881 ****************************************************************************************************************************************************************
2019-05-01 18:09:43,071 *****************************************************************
2019-05-01 18:09:43,072 Doing White point fine tune:
2019-05-01 18:09:43,072 Before fine tune, rel WP = XYZ 0.963953 0.999856 0.824225, Lab 99.994421 -0.019187 0.045418
2019-05-01 18:09:43,154 After fine tune, rel WP = XYZ 0.964203 1.000000 0.824905, Lab 99.999998 0.000000 -0.000006
2019-05-01 18:09:43,155                  abs WP = XYZ 0.93728540 0.99975473 1.12549714, Lab 99.990516 -4.655905 -21.841142
2019-05-01 18:09:43,171 Creating fast inverse input lookups
2019-05-01 18:09:43,174 White point XYZ = 0.93728540 0.99975473 1.12549714, Lab = 99.990516 -4.655905 -21.841142
2019-05-01 18:09:43,174 Find black point
2019-05-01 18:09:43,176 Black point XYZ = 0.00087065 0.00092809 0.00104678, Lab = 0.838340 -0.097774 -0.530887
2019-05-01 18:09:43,176 Display Luminance = 216.033285
2019-05-01 18:09:43,187 Done A to B table creation
2019-05-01 18:09:43,187 Setting up B to A table lookup
2019-05-01 18:09:43,206 Creating B to A tables
2019-05-01 18:09:43,276  0%
2019-05-01 18:09:43,276 Rev cache RAM = 1610 Mbytes
2019-05-01 18:09:43,279 
2019-05-01 18:09:43,279 Looks like an XYZ space
2019-05-01 18:09:43,279 
2019-05-01 18:09:43,279 Initializing nnrev arrays...
2019-05-01 18:09:43,279 
2019-05-01 18:09:43,279 There is 1 rev cache instance with 1610 Mbytes limit
2019-05-01 18:09:57,960 
2019-05-01 18:09:57,960 nnrev initialization done
2019-05-01 18:09:58,025 
2019-05-01 18:09:58,025 Initializing nnrev arrays...
2019-05-01 18:09:58,025 
2019-05-01 18:09:58,025 There are 2 rev cache instances with 805 Mbytes limit
2019-05-01 18:10:23,992 
2019-05-01 18:10:23,993 nnrev initialization done
2019-05-01 18:10:23,993 
2019-05-01 18:10:24,009  0%
2019-05-01 18:10:24,049  1%
2019-05-01 18:10:24,095  2%
2019-05-01 18:10:24,109  3%
2019-05-01 18:10:24,135  4%
2019-05-01 18:10:24,174  5%
2019-05-01 18:10:24,204  6%
2019-05-01 18:10:24,237  7%
2019-05-01 18:10:24,302  8%
2019-05-01 18:10:24,349  9%
2019-05-01 18:10:24,413 10%
2019-05-01 18:10:24,444 11%
2019-05-01 18:10:24,486 12%
2019-05-01 18:10:24,529 13%
2019-05-01 18:10:24,585 14%
2019-05-01 18:10:24,645 15%
2019-05-01 18:10:24,707 16%
2019-05-01 18:10:24,775 17%
2019-05-01 18:10:24,849 18%
2019-05-01 18:10:24,915 19%
2019-05-01 18:10:24,979 20%
2019-05-01 18:10:25,065 21%
2019-05-01 18:10:25,148 22%
2019-05-01 18:10:25,213 23%
2019-05-01 18:10:25,240 24%
2019-05-01 18:10:25,286 25%
2019-05-01 18:10:25,339 26%
2019-05-01 18:10:25,385 27%
2019-05-01 18:10:25,407 28%
2019-05-01 18:10:25,443 29%
2019-05-01 18:10:25,456 30%
2019-05-01 18:10:25,497 31%
2019-05-01 18:10:25,535 32%
2019-05-01 18:10:25,565 33%
2019-05-01 18:10:25,598 34%
2019-05-01 18:10:25,638 35%
2019-05-01 18:10:25,711 36%
2019-05-01 18:10:25,769 37%
2019-05-01 18:10:25,786 38%
2019-05-01 18:10:25,819 39%
2019-05-01 18:10:25,841 40%
2019-05-01 18:10:25,891 41%
2019-05-01 18:10:25,960 42%
2019-05-01 18:10:26,003 43%
2019-05-01 18:10:26,042 44%
2019-05-01 18:10:26,078 45%
2019-05-01 18:10:26,137 46%
2019-05-01 18:10:26,184 47%
2019-05-01 18:10:26,259 48%
2019-05-01 18:10:26,355 49%
2019-05-01 18:10:26,413 50%
2019-05-01 18:10:26,503 51%
2019-05-01 18:10:26,539 52%
2019-05-01 18:10:26,572 53%
2019-05-01 18:10:26,631 54%
2019-05-01 18:10:26,657 55%
2019-05-01 18:10:26,700 56%
2019-05-01 18:10:26,753 57%
2019-05-01 18:10:26,844 58%
2019-05-01 18:10:26,923 59%
2019-05-01 18:10:26,924 Done B to A tables
2019-05-01 18:10:27,005 
2019-05-01 18:10:27,006 There is 1 rev cache instance with 1610 Mbytes limit
2019-05-01 18:10:27,081 Profile check complete, peak err = 1.218747, avg err = 0.268720, RMS = 0.328287
2019-05-01 18:10:27,186 DisplayCAL: Reached EOF (OK)
2019-05-01 18:10:27,197 --------------------------------------------------------------------------------
2019-05-01 18:10:27,198 Creating shaper+matrix tags in separate step
2019-05-01 18:10:27,198 Using chromatic adaptation transform matrix: Bradford
2019-05-01 18:10:27,503 --------------------------------------------------------------------------------
2019-05-01 18:10:27,505 Working directory:
2019-05-01 18:10:27,505   c:\
2019-05-01 18:10:27,505    users\
2019-05-01 18:10:27,506     tang-\
2019-05-01 18:10:27,506      appdata\
2019-05-01 18:10:27,506       local\
2019-05-01 18:10:27,506        temp\
2019-05-01 18:10:27,507         DisplayCAL-pei7jv\
2019-05-01 18:10:27,507 
2019-05-01 18:10:27,507 Command line:
2019-05-01 18:10:27,509   C:\Users\tang-\AppData\Roaming\DisplayCAL\dl\Argyll_V2.1.0_mod\bin\fakeread.exe
2019-05-01 18:10:27,509     "madVR 2019-05-01 17-25 0.3127x 0.329y S XYZLUT+MTX.0.ti3"
2019-05-01 18:10:27,509     "madVR 2019-05-01 17-25 0.3127x 0.329y S XYZLUT+MTX.d3-e4-s3-g52-m3-b0-f0"
2019-05-01 18:10:27,509 
2019-05-01 18:10:28,176 --------------------------------------------------------------------------------
2019-05-01 18:10:28,177 Working directory:
2019-05-01 18:10:28,177   c:\
2019-05-01 18:10:28,178    users\
2019-05-01 18:10:28,178     tang-\
2019-05-01 18:10:28,178      appdata\
2019-05-01 18:10:28,180       local\
2019-05-01 18:10:28,180        temp\
2019-05-01 18:10:28,180         DisplayCAL-pei7jv\
2019-05-01 18:10:28,180 
2019-05-01 18:10:28,180 Command line:
2019-05-01 18:10:28,181   C:\Users\tang-\AppData\Roaming\DisplayCAL\dl\Argyll_V2.1.0_mod\bin\colprof.exe
2019-05-01 18:10:28,181     -v
2019-05-01 18:10:28,183     -qh
2019-05-01 18:10:28,183     -as
2019-05-01 18:10:28,184     "madVR 2019-05-01 17-25 0.3127x 0.329y S XYZLUT+MTX.d3-e4-s3-g52-m3-b0-f0"
2019-05-01 18:10:28,184 
2019-05-01 18:10:28,881 DisplayCAL: Waiting for EOF
2019-05-01 18:10:28,891 No of test patches = 79
2019-05-01 18:10:28,891 Omitted 0 zero measurements
2019-05-01 18:10:28,891 Find white & black points
2019-05-01 18:10:28,891 Initial white point = 0.937458 1.000000 1.126445
2019-05-01 18:10:28,892 Creating matrix...
2019-05-01 18:10:28,892 
2019-05-01 18:10:28,892   0%
2019-05-01 18:10:28,894   1%
2019-05-01 18:10:28,894   2%
2019-05-01 18:10:28,894   3%
2019-05-01 18:10:28,894   4%
2019-05-01 18:10:28,894   5%
2019-05-01 18:10:28,894   7%
2019-05-01 18:10:28,894   8%
2019-05-01 18:10:28,894  11%
2019-05-01 18:10:28,895  16%
2019-05-01 18:10:28,895  22%
2019-05-01 18:10:28,897  41%
2019-05-01 18:10:28,897  54%
2019-05-01 18:10:28,897  100%
2019-05-01 18:10:28,898 Matrix = 0.238683 0.149774 0.068526
2019-05-01 18:10:28,898          0.106159 0.313393 0.020000
2019-05-01 18:10:28,898          -0.005555 0.019944 0.279216
2019-05-01 18:10:28,898 Creating matrix and single gamma curve...
2019-05-01 18:10:28,900 
2019-05-01 18:10:28,900   0%
2019-05-01 18:10:28,900   1%
2019-05-01 18:10:28,900   2%
2019-05-01 18:10:28,901   9%
2019-05-01 18:10:28,901  11%
2019-05-01 18:10:28,901  13%
2019-05-01 18:10:28,901  25%
2019-05-01 18:10:28,901  32%
2019-05-01 18:10:28,901  34%
2019-05-01 18:10:28,901  46%
2019-05-01 18:10:28,901  68%
2019-05-01 18:10:28,903  100%
2019-05-01 18:10:28,903 Matrix = 0.418396 0.392331 0.128420
2019-05-01 18:10:28,903          0.212692 0.717457 0.041136
2019-05-01 18:10:28,903          -0.000354 0.065181 0.703255
2019-05-01 18:10:28,904 Gamma = 2.191056
2019-05-01 18:10:28,904 Creating matrix and gamma curves...
2019-05-01 18:10:28,904 
2019-05-01 18:10:28,904   0%
2019-05-01 18:10:28,904   1%
2019-05-01 18:10:28,904   5%
2019-05-01 18:10:28,908  18%
2019-05-01 18:10:28,910  21%
2019-05-01 18:10:28,910  29%
2019-05-01 18:10:28,910  30%
2019-05-01 18:10:28,910  38%
2019-05-01 18:10:28,911  51%
2019-05-01 18:10:28,911  92%
2019-05-01 18:10:28,911  100%
2019-05-01 18:10:28,911 Matrix = 0.421394 0.398265 0.127290
2019-05-01 18:10:28,911          0.215220 0.719488 0.040962
2019-05-01 18:10:28,911          -0.000213 0.065901 0.682246
2019-05-01 18:10:28,911 Gamma = 2.248204 2.201161 2.152917
2019-05-01 18:10:28,911 Creating matrix and curves...
2019-05-01 18:10:28,913 
2019-05-01 18:10:29,105   0%
2019-05-01 18:10:29,221   1%
2019-05-01 18:10:29,384   2%
2019-05-01 18:10:29,484   3%
2019-05-01 18:10:29,645   4%
2019-05-01 18:10:29,828   5%
2019-05-01 18:10:29,931   6%
2019-05-01 18:10:29,990   8%
2019-05-01 18:10:30,058  10%
2019-05-01 18:10:30,128  14%
2019-05-01 18:10:30,289  16%
2019-05-01 18:10:30,346  18%
2019-05-01 18:10:30,957  20%
2019-05-01 18:10:31,016  21%
2019-05-01 18:10:31,082  28%
2019-05-01 18:10:31,153  30%
2019-05-01 18:10:31,526  31%
2019-05-01 18:10:31,604  32%
2019-05-01 18:10:31,933  35%
2019-05-01 18:10:32,069  37%
2019-05-01 18:10:32,687  38%
2019-05-01 18:10:32,836  45%
2019-05-01 18:10:33,098  52%
2019-05-01 18:10:33,309  65%
2019-05-01 18:10:33,391  69%
2019-05-01 18:10:33,453  85%
2019-05-01 18:10:33,523  90%
2019-05-01 18:10:33,746  94%
2019-05-01 18:10:33,747  100%
2019-05-01 18:10:33,747 Matrix = 0.414416 0.410860 0.134812
2019-05-01 18:10:33,749          0.212392 0.740901 0.042578
2019-05-01 18:10:33,753          -0.000925 0.070043 0.742752
2019-05-01 18:10:33,755 Input offset  = -0.004284 -0.010715 -0.001430
2019-05-01 18:10:33,755 Output offset = 0.000512 0.000889 0.001445
2019-05-01 18:10:33,756 0 gamma = 2.281395 2.318061 2.506338
2019-05-01 18:10:33,756 1 harmonics = -0.058017 -0.020916 -0.083150
2019-05-01 18:10:33,756 2 harmonics = -0.051192 -0.040890 -0.040640
2019-05-01 18:10:33,756 3 harmonics = -0.087703 -0.046188 -0.062783
2019-05-01 18:10:33,756 4 harmonics = 0.041128 -0.016496 -0.031648
2019-05-01 18:10:33,757 5 harmonics = 0.019179 -0.054177 -0.060933
2019-05-01 18:10:33,757 6 harmonics = 0.026736 -0.027056 -0.057062
2019-05-01 18:10:33,759 7 harmonics = 0.023836 -0.003850 -0.022069
2019-05-01 18:10:33,759 8 harmonics = -0.021901 -0.041414 -0.032353
2019-05-01 18:10:33,759 9 harmonics = -0.037092 -0.019369 -0.037759
2019-05-01 18:10:33,759 10 harmonics = -0.031827 -0.017595 -0.030601
2019-05-01 18:10:33,759 11 harmonics = -0.029920 -0.037490 -0.044997
2019-05-01 18:10:33,760 Doing White point fine tune:
2019-05-01 18:10:33,760 Before fine tune, rel WP = XYZ 0.96008797 0.99587092 0.81186936, Lab 99.840122 -0.023165 0.783485
2019-05-01 18:10:33,762 After fine tune, rel WP = XYZ 0.96420288 1.00000000 0.82490540, Lab 100.000000 -0.000000 0.000000
2019-05-01 18:10:33,762                  abs WP = XYZ 0.93275101 0.99563680 1.10853167, Lab 99.831044 -4.768541 -20.995869
2019-05-01 18:10:33,763 Black point XYZ = 0.00070580 0.00073472 0.00151413, Lab = 0.663673 -0.010587 -1.714390
2019-05-01 18:10:33,763 Scaling White Point by 1.004382 to make Y = 1.0
2019-05-01 18:10:33,763 White point XYZ = 0.936839 1.000000 1.113390
2019-05-01 18:10:33,763 Black point XYZ = 0.000709 0.000738 0.001521
2019-05-01 18:10:33,763 Done gamma/shaper and matrix creation
2019-05-01 18:10:33,765 Profile done
2019-05-01 18:10:33,770 Profile check complete, peak err = 8.907371, avg err = 1.490479, RMS = 2.396347
2019-05-01 18:10:33,877 DisplayCAL: Reached EOF (OK)
2019-05-01 18:10:33,880 --------------------------------------------------------------------------------
2019-05-01 18:10:33,881 Adding rXYZ from matrix profile to madVR 2019-05-01 17-25 0.3127x 0.329y S XYZLUT+MTX
2019-05-01 18:10:33,881 Adding gXYZ from matrix profile to madVR 2019-05-01 17-25 0.3127x 0.329y S XYZLUT+MTX
2019-05-01 18:10:33,881 Adding bXYZ from matrix profile to madVR 2019-05-01 17-25 0.3127x 0.329y S XYZLUT+MTX
2019-05-01 18:10:34,315 --------------------------------------------------------------------------------
2019-05-01 18:10:34,315 Adding rTRC from inverse backward B2A0 lookup to madVR 2019-05-01 17-25 0.3127x 0.329y S XYZLUT+MTX
2019-05-01 18:10:34,315 Adding gTRC from inverse backward B2A0 lookup to madVR 2019-05-01 17-25 0.3127x 0.329y S XYZLUT+MTX
2019-05-01 18:10:34,315 Adding bTRC from inverse backward B2A0 lookup to madVR 2019-05-01 17-25 0.3127x 0.329y S XYZLUT+MTX
2019-05-01 18:10:34,332 --------------------------------------------------------------------------------
2019-05-01 18:10:34,334 Working directory:
2019-05-01 18:10:34,335   c:\
2019-05-01 18:10:34,335    users\
2019-05-01 18:10:34,336     tang-\
2019-05-01 18:10:34,338      appdata\
2019-05-01 18:10:34,338       local\
2019-05-01 18:10:34,338        temp\
2019-05-01 18:10:34,338         DisplayCAL-pei7jv\
2019-05-01 18:10:34,339 
2019-05-01 18:10:34,339 Command line:
2019-05-01 18:10:34,341   C:\Users\tang-\AppData\Roaming\DisplayCAL\dl\Argyll_V2.1.0_mod\bin\profcheck.exe
2019-05-01 18:10:34,341     "madVR 2019-05-01 17-25 0.3127x 0.329y S XYZLUT+MTX.ti3"
2019-05-01 18:10:34,342     "madVR 2019-05-01 17-25 0.3127x 0.329y S XYZLUT+MTX.icm"
2019-05-01 18:10:34,342 
2019-05-01 18:10:34,631 Profile check complete, errors: max. = 1.284730, avg. = 0.303597, RMS = 0.377406
2019-05-01 18:10:34,632 --------------------------------------------------------------------------------
2019-05-01 18:10:34,632 Generating gamut views...
2019-05-01 18:10:35,388 --------------------------------------------------------------------------------
2019-05-01 18:10:35,388 Working directory:
2019-05-01 18:10:35,388   c:\
2019-05-01 18:10:35,388    users\
2019-05-01 18:10:35,388     tang-\
2019-05-01 18:10:35,390      appdata\
2019-05-01 18:10:35,390       local\
2019-05-01 18:10:35,390        temp\
2019-05-01 18:10:35,391         DisplayCAL-pei7jv\
2019-05-01 18:10:35,391 
2019-05-01 18:10:35,391 Command line:
2019-05-01 18:10:35,391   C:\Users\tang-\AppData\Roaming\DisplayCAL\dl\Argyll_V2.1.0_mod\bin\iccgamut.exe
2019-05-01 18:10:35,391     -v
2019-05-01 18:10:35,392     -w
2019-05-01 18:10:35,392     -ir
2019-05-01 18:10:35,392     -ff
2019-05-01 18:10:35,392     -on
2019-05-01 18:10:35,394     -d10.00
2019-05-01 18:10:35,394     "madVR 2019-05-01 17-25 0.3127x 0.329y S XYZLUT+MTX.icm"
2019-05-01 18:10:35,394 
2019-05-01 18:10:36,188 Header:
2019-05-01 18:10:36,188   size         = 369656 bytes
2019-05-01 18:10:36,188   CMM          = 'argl'
2019-05-01 18:10:36,188   Version      = 2.2.0
2019-05-01 18:10:36,188   Device Class = Display
2019-05-01 18:10:36,188   Color Space  = RGB
2019-05-01 18:10:36,188   Conn. Space  = XYZ
2019-05-01 18:10:36,188   Date, Time   = 1 May 2019, 18:08:23
2019-05-01 18:10:36,188   Platform     = Microsoft
2019-05-01 18:10:36,188   Flags        = Not Embedded Profile, Use anywhere
2019-05-01 18:10:36,190   Dev. Mnfctr. = 0x0
2019-05-01 18:10:36,190   Dev. Model   = 0x0
2019-05-01 18:10:36,190   Dev. Attrbts = Reflective, Glossy, Positive, Color
2019-05-01 18:10:36,190   Rndrng Intnt = Relative Colorimetric
2019-05-01 18:10:36,190   Illuminant   = 0.96420288, 1.00000000, 0.82490540    [Lab 100.000000, 0.000000, 0.000000]
2019-05-01 18:10:36,190   Creator      = 'argl'
2019-05-01 18:10:36,190 
2019-05-01 18:10:36,190 Total volume of gamut is 928449.855146 cubic colorspace units
2019-05-01 18:10:38,625 --------------------------------------------------------------------------------
2019-05-01 18:10:38,625 Command line:
2019-05-01 18:10:38,625   C:\Users\tang-\AppData\Roaming\DisplayCAL\dl\Argyll_V2.1.0_mod\bin\viewgam.exe
2019-05-01 18:10:38,625     -cw
2019-05-01 18:10:38,625     -t0
2019-05-01 18:10:38,627     -w
2019-05-01 18:10:38,627     "C:\Program Files (x86)\DisplayCAL\ref\sRGB.gam"
2019-05-01 18:10:38,628     -cn
2019-05-01 18:10:38,628     -t.3
2019-05-01 18:10:38,628     -s
2019-05-01 18:10:38,628     "madVR 2019-05-01 17-25 0.3127x 0.329y S XYZLUT+MTX.gam"
2019-05-01 18:10:38,630     -i
2019-05-01 18:10:38,630     "madVR 2019-05-01 17-25 0.3127x 0.329y S XYZLUT+MTX vs sRGB.wrl"
2019-05-01 18:10:38,631 
2019-05-01 18:10:38,631 Intersecting volume = 796563.5 cubic units
2019-05-01 18:10:38,631 'C:\Program Files (x86)\DisplayCAL\ref\sRGB.gam' volume = 833675.1 cubic units, intersect = 95.55%
2019-05-01 18:10:38,631 'madVR 2019-05-01 17-25 0.3127x 0.329y S XYZLUT+MTX.gam' volume = 928449.9 cubic units, intersect = 85.79%
2019-05-01 18:10:39,042 --------------------------------------------------------------------------------
2019-05-01 18:10:39,042 Command line:
2019-05-01 18:10:39,042   C:\Users\tang-\AppData\Roaming\DisplayCAL\dl\Argyll_V2.1.0_mod\bin\viewgam.exe
2019-05-01 18:10:39,043     -cw
2019-05-01 18:10:39,043     -t0
2019-05-01 18:10:39,045     -w
2019-05-01 18:10:39,045     "C:\Program Files (x86)\DisplayCAL\ref\ClayRGB1998.gam"
2019-05-01 18:10:39,046     -cn
2019-05-01 18:10:39,046     -t.3
2019-05-01 18:10:39,046     -s
2019-05-01 18:10:39,046     "madVR 2019-05-01 17-25 0.3127x 0.329y S XYZLUT+MTX.gam"
2019-05-01 18:10:39,046     -i
2019-05-01 18:10:39,048     "madVR 2019-05-01 17-25 0.3127x 0.329y S XYZLUT+MTX vs ClayRGB1998.wrl"
2019-05-01 18:10:39,048 
2019-05-01 18:10:39,049 Intersecting volume = 844903.3 cubic units
2019-05-01 18:10:39,049 'C:\Program Files (x86)\DisplayCAL\ref\ClayRGB1998.gam' volume = 1209985.9 cubic units, intersect = 69.83%
2019-05-01 18:10:39,049 'madVR 2019-05-01 17-25 0.3127x 0.329y S XYZLUT+MTX.gam' volume = 928449.9 cubic units, intersect = 91.00%
2019-05-01 18:10:39,049 --------------------------------------------------------------------------------
2019-05-01 18:10:39,049 Command line:
2019-05-01 18:10:39,049   C:\Users\tang-\AppData\Roaming\DisplayCAL\dl\Argyll_V2.1.0_mod\bin\viewgam.exe
2019-05-01 18:10:39,051     -cw
2019-05-01 18:10:39,052     -t0
2019-05-01 18:10:39,052     -w
2019-05-01 18:10:39,052     "C:\Program Files (x86)\DisplayCAL\ref\SMPTE431_P3.gam"
2019-05-01 18:10:39,052     -cn
2019-05-01 18:10:39,052     -t.3
2019-05-01 18:10:39,053     -s
2019-05-01 18:10:39,053     "madVR 2019-05-01 17-25 0.3127x 0.329y S XYZLUT+MTX.gam"
2019-05-01 18:10:39,055     -i
2019-05-01 18:10:39,055     "madVR 2019-05-01 17-25 0.3127x 0.329y S XYZLUT+MTX vs SMPTE431_P3.wrl"
2019-05-01 18:10:39,055 
2019-05-01 18:10:39,055 Intersecting volume = 907756.1 cubic units
2019-05-01 18:10:39,056 'C:\Program Files (x86)\DisplayCAL\ref\SMPTE431_P3.gam' volume = 1176953.5 cubic units, intersect = 77.13%
2019-05-01 18:10:39,056 'madVR 2019-05-01 17-25 0.3127x 0.329y S XYZLUT+MTX.gam' volume = 928449.9 cubic units, intersect = 97.77%
2019-05-01 18:10:39,289 --------------------------------------------------------------------------------
